<!DOCTYPE html PUBLIC "-//W3C//DTD XHTML 1.0 Transitional//EN" "http://www.w3.org/TR/xhtml1/DTD/xhtml1-transitional.dtd">
<!-- Generated by Apache Maven Doxia Site Renderer 1.4 at 2014-11-10 -->
<html xmlns="http://www.w3.org/1999/xhtml" xml:lang="en" lang="en">
  <head>
    <meta http-equiv="Content-Type" content="text/html; charset=UTF-8" />
    <title>P6Spy - Surefire Report</title>
    <style type="text/css" media="all">
      @import url("./css/maven-base.css");
      @import url("./css/maven-theme.css");
      @import url("./css/site.css");
    </style>
    <link rel="stylesheet" href="./css/print.css" type="text/css" media="print" />
    <meta name="Date-Revision-yyyymmdd" content="20141110" />
    <meta http-equiv="Content-Language" content="en" />
        
        </head>
  <body class="composite">
    <div id="banner">
                    <div id="bannerLeft">
                P6Spy
                </div>
                    <div class="clear">
        <hr/>
      </div>
    </div>
    <div id="breadcrumbs">
            
                    
                  <div class="xright">        
                    
                 <span id="publishDate">Last Published: 2014-11-10</span>
              &nbsp;| <span id="projectVersion">Version: 2.1.3-SLOWDOWN-SNAPSHOT</span>
            </div>
      <div class="clear">
        <hr/>
      </div>
    </div>
    <div id="leftColumn">
      <div id="navcolumn">
             
                    
                                <h5>User's Guide</h5>
                  <ul>
                                                                                                                                                              <li class="collapsed">
                          <a href="1.3/install.html" title="1.3">1.3</a>
                  </li>
                                                                                                                                                                                                  <li class="collapsed">
                          <a href="2.0/install.html" title="2.x">2.x</a>
                  </li>
          </ul>
                       <h5>Other</h5>
                  <ul>
                  <li class="none">
                          <a href="thanks.html" title="Thanks">Thanks</a>
            </li>
                  <li class="none">
                          <a href="https://github.com/p6spy/p6spy/wiki/Download" class="externalLink" title="Download">Download</a>
            </li>
          </ul>
                       <h5>Project Documentation</h5>
                  <ul>
                                                                                                                                                                                                                    <li class="collapsed">
                          <a href="project-info.html" title="Project Information">Project Information</a>
                  </li>
                                                                                                                                                                                                            <li class="expanded">
                          <a href="project-reports.html" title="Project Reports">Project Reports</a>
                    <ul>
                      <li class="none">
                          <a href="apidocs/index.html" title="JavaDocs">JavaDocs</a>
            </li>
                      <li class="none">
                          <a href="testapidocs/index.html" title="Test JavaDocs">Test JavaDocs</a>
            </li>
                      <li class="none">
                          <a href="xref/index.html" title="Source Xref">Source Xref</a>
            </li>
                      <li class="none">
                          <a href="xref-test/index.html" title="Test Source Xref">Test Source Xref</a>
            </li>
                      <li class="none">
                          <a href="sonar.html" title="Sonar">Sonar</a>
            </li>
                      <li class="none">
                          <a href="cobertura/index.html" title="Cobertura Test Coverage">Cobertura Test Coverage</a>
            </li>
                      <li class="none">
            <strong>Surefire Report</strong>
          </li>
                      <li class="none">
                          <a href="github-report.html" title="GitHub Report">GitHub Report</a>
            </li>
              </ul>
        </li>
          </ul>
                             <a href="http://maven.apache.org/" title="Built by Maven" class="poweredBy">
        <img class="poweredBy" alt="Built by Maven" src="./images/logos/maven-feather.png" />
      </a>
                   
                    
            </div>
    </div>
    <div id="bodyColumn">
      <div id="contentBox">
        <script type="text/javascript">
//<![CDATA[
function toggleDisplay(elementId) {
 var elm = document.getElementById(elementId + 'error');
 if (elm && typeof elm.style != "undefined") {
 if (elm.style.display == "none") {
 elm.style.display = "";
 document.getElementById(elementId + 'off').style.display = "none";
 document.getElementById(elementId + 'on').style.display = "inline";
 } else if (elm.style.display == "") { elm.style.display = "none";
 document.getElementById(elementId + 'off').style.display = "inline";
 document.getElementById(elementId + 'on').style.display = "none";
 } 
 } 
 }
//]]>
</script>
<div class="section">
<h2>Surefire Report<a name="Surefire_Report"></a></h2></div>
<div class="section">
<h2>Summary<a name="Summary"></a></h2><a name="Summary"></a>
<p>[<a href="#Summary">Summary</a>] [<a href="#Package_List">Package List</a>] [<a href="#Test_Cases">Test Cases</a>]</p><br />
<table border="1" class="bodyTable">
<tr class="a">
<th>Tests</th>
<th>Errors </th>
<th>Failures</th>
<th>Skipped</th>
<th>Success Rate</th>
<th>Time</th></tr>
<tr class="b">
<td>440</td>
<td>7</td>
<td>7</td>
<td>1</td>
<td>96.591%</td>
<td>292.503</td></tr></table><br />
<p>Note: failures are anticipated and checked for with assertions while errors are unanticipated.</p><br /></div>
<div class="section">
<h2>Package List<a name="Package_List"></a></h2><a name="Package_List"></a>
<p>[<a href="#Summary">Summary</a>] [<a href="#Package_List">Package List</a>] [<a href="#Test_Cases">Test Cases</a>]</p><br />
<table border="1" class="bodyTable">
<tr class="a">
<th>Package</th>
<th>Tests</th>
<th>Errors </th>
<th>Failures</th>
<th>Skipped</th>
<th>Success Rate</th>
<th>Time</th></tr>
<tr class="b">
<td><a href="#com.p6spy.engine.spy.appender">com.p6spy.engine.spy.appender</a></td>
<td>2</td>
<td>0</td>
<td>0</td>
<td>0</td>
<td>100%</td>
<td>1.107</td></tr>
<tr class="a">
<td><a href="#com.p6spy.engine.common">com.p6spy.engine.common</a></td>
<td>13</td>
<td>0</td>
<td>0</td>
<td>0</td>
<td>100%</td>
<td>0.137</td></tr>
<tr class="b">
<td><a href="#com.p6spy.engine.proxy.cache">com.p6spy.engine.proxy.cache</a></td>
<td>6</td>
<td>0</td>
<td>0</td>
<td>0</td>
<td>100%</td>
<td>0.031</td></tr>
<tr class="a">
<td><a href="#com.p6spy.engine.spy">com.p6spy.engine.spy</a></td>
<td>362</td>
<td>7</td>
<td>7</td>
<td>1</td>
<td>95.856%</td>
<td>284.454</td></tr>
<tr class="b">
<td><a href="#com.p6spy.engine.proxy">com.p6spy.engine.proxy</a></td>
<td>18</td>
<td>0</td>
<td>0</td>
<td>0</td>
<td>100%</td>
<td>0.546</td></tr>
<tr class="a">
<td><a href="#com.p6spy.engine.spy.option">com.p6spy.engine.spy.option</a></td>
<td>39</td>
<td>0</td>
<td>0</td>
<td>0</td>
<td>100%</td>
<td>6.228</td></tr></table><br />
<p>Note: package statistics are not computed recursively, they only sum up all of its testsuites numbers.</p>
<div class="section">
<h3>com.p6spy.engine.spy.appender<a name="com.p6spy.engine.spy.appender"></a></h3><a name="com.p6spy.engine.spy.appender"></a>
<table border="1" class="bodyTable">
<tr class="a">
<th></th>
<th>Class</th>
<th>Tests</th>
<th>Errors </th>
<th>Failures</th>
<th>Skipped</th>
<th>Success Rate</th>
<th>Time</th></tr>
<tr class="b">
<td><a href="#com.p6spy.engine.spy.appenderLog4jLoggerTest"><img src="images/icon_success_sml.gif" alt="" /></a></td>
<td><a href="#com.p6spy.engine.spy.appenderLog4jLoggerTest">Log4jLoggerTest</a></td>
<td>2</td>
<td>0</td>
<td>0</td>
<td>0</td>
<td>100%</td>
<td>1.107</td></tr></table></div>
<div class="section">
<h3>com.p6spy.engine.common<a name="com.p6spy.engine.common"></a></h3><a name="com.p6spy.engine.common"></a>
<table border="1" class="bodyTable">
<tr class="a">
<th></th>
<th>Class</th>
<th>Tests</th>
<th>Errors </th>
<th>Failures</th>
<th>Skipped</th>
<th>Success Rate</th>
<th>Time</th></tr>
<tr class="b">
<td><a href="#com.p6spy.engine.commonP6WrapperIsWrapperDelegateTest"><img src="images/icon_success_sml.gif" alt="" /></a></td>
<td><a href="#com.p6spy.engine.commonP6WrapperIsWrapperDelegateTest">P6WrapperIsWrapperDelegateTest</a></td>
<td>3</td>
<td>0</td>
<td>0</td>
<td>0</td>
<td>100%</td>
<td>0.004</td></tr>
<tr class="a">
<td><a href="#com.p6spy.engine.commonP6WrapperUnwrapDelegateTest"><img src="images/icon_success_sml.gif" alt="" /></a></td>
<td><a href="#com.p6spy.engine.commonP6WrapperUnwrapDelegateTest">P6WrapperUnwrapDelegateTest</a></td>
<td>3</td>
<td>0</td>
<td>0</td>
<td>0</td>
<td>100%</td>
<td>0.126</td></tr>
<tr class="b">
<td><a href="#com.p6spy.engine.commonP6UtilTest"><img src="images/icon_success_sml.gif" alt="" /></a></td>
<td><a href="#com.p6spy.engine.commonP6UtilTest">P6UtilTest</a></td>
<td>3</td>
<td>0</td>
<td>0</td>
<td>0</td>
<td>100%</td>
<td>0.003</td></tr>
<tr class="a">
<td><a href="#com.p6spy.engine.commonCustomHashedHashSetTest"><img src="images/icon_success_sml.gif" alt="" /></a></td>
<td><a href="#com.p6spy.engine.commonCustomHashedHashSetTest">CustomHashedHashSetTest</a></td>
<td>4</td>
<td>0</td>
<td>0</td>
<td>0</td>
<td>100%</td>
<td>0.004</td></tr></table></div>
<div class="section">
<h3>com.p6spy.engine.proxy.cache<a name="com.p6spy.engine.proxy.cache"></a></h3><a name="com.p6spy.engine.proxy.cache"></a>
<table border="1" class="bodyTable">
<tr class="a">
<th></th>
<th>Class</th>
<th>Tests</th>
<th>Errors </th>
<th>Failures</th>
<th>Skipped</th>
<th>Success Rate</th>
<th>Time</th></tr>
<tr class="b">
<td><a href="#com.p6spy.engine.proxy.cacheCacheTest"><img src="images/icon_success_sml.gif" alt="" /></a></td>
<td><a href="#com.p6spy.engine.proxy.cacheCacheTest">CacheTest</a></td>
<td>4</td>
<td>0</td>
<td>0</td>
<td>0</td>
<td>100%</td>
<td>0.007</td></tr>
<tr class="a">
<td><a href="#com.p6spy.engine.proxy.cacheMethodMatcherCacheKeyTest"><img src="images/icon_success_sml.gif" alt="" /></a></td>
<td><a href="#com.p6spy.engine.proxy.cacheMethodMatcherCacheKeyTest">MethodMatcherCacheKeyTest</a></td>
<td>2</td>
<td>0</td>
<td>0</td>
<td>0</td>
<td>100%</td>
<td>0.024</td></tr></table></div>
<div class="section">
<h3>com.p6spy.engine.spy<a name="com.p6spy.engine.spy"></a></h3><a name="com.p6spy.engine.spy"></a>
<table border="1" class="bodyTable">
<tr class="a">
<th></th>
<th>Class</th>
<th>Tests</th>
<th>Errors </th>
<th>Failures</th>
<th>Skipped</th>
<th>Success Rate</th>
<th>Time</th></tr>
<tr class="b">
<td><a href="#com.p6spy.engine.spyP6TestResultSet"><img src="images/icon_success_sml.gif" alt="" /></a></td>
<td><a href="#com.p6spy.engine.spyP6TestResultSet">P6TestResultSet</a></td>
<td>80</td>
<td>0</td>
<td>0</td>
<td>0</td>
<td>100%</td>
<td>12.624</td></tr>
<tr class="a">
<td><a href="#com.p6spy.engine.spyP6TestPreparedStatement"><img src="images/icon_warning_sml.gif" alt="" /></a></td>
<td><a href="#com.p6spy.engine.spyP6TestPreparedStatement">P6TestPreparedStatement</a></td>
<td>48</td>
<td>0</td>
<td>7</td>
<td>0</td>
<td>85.417%</td>
<td>148.963</td></tr>
<tr class="b">
<td><a href="#com.p6spy.engine.spyP6TestCommon"><img src="images/icon_success_sml.gif" alt="" /></a></td>
<td><a href="#com.p6spy.engine.spyP6TestCommon">P6TestCommon</a></td>
<td>88</td>
<td>0</td>
<td>0</td>
<td>0</td>
<td>100%</td>
<td>15.327</td></tr>
<tr class="a">
<td><a href="#com.p6spy.engine.spyP6MBeanRegistryTest"><img src="images/icon_success_sml.gif" alt="" /></a></td>
<td><a href="#com.p6spy.engine.spyP6MBeanRegistryTest">P6MBeanRegistryTest</a></td>
<td>4</td>
<td>0</td>
<td>0</td>
<td>0</td>
<td>100%</td>
<td>0.051</td></tr>
<tr class="b">
<td><a href="#com.p6spy.engine.spyP6TestOutage"><img src="images/icon_success_sml.gif" alt="" /></a></td>
<td><a href="#com.p6spy.engine.spyP6TestOutage">P6TestOutage</a></td>
<td>1</td>
<td>0</td>
<td>0</td>
<td>0</td>
<td>100%</td>
<td>3.154</td></tr>
<tr class="a">
<td><a href="#com.p6spy.engine.spyLoggedSQLValidTest"><img src="images/icon_success_sml.gif" alt="" /></a></td>
<td><a href="#com.p6spy.engine.spyLoggedSQLValidTest">LoggedSQLValidTest</a></td>
<td>48</td>
<td>0</td>
<td>0</td>
<td>0</td>
<td>100%</td>
<td>10.161</td></tr>
<tr class="b">
<td><a href="#com.p6spy.engine.spyP6TestCallableStatement"><img src="images/icon_success_sml.gif" alt="" /></a></td>
<td><a href="#com.p6spy.engine.spyP6TestCallableStatement">P6TestCallableStatement</a></td>
<td>9</td>
<td>0</td>
<td>0</td>
<td>0</td>
<td>100%</td>
<td>1.827</td></tr>
<tr class="a">
<td><a href="#com.p6spy.engine.spyDataSourceTest"><img src="images/icon_success_sml.gif" alt="" /></a></td>
<td><a href="#com.p6spy.engine.spyDataSourceTest">DataSourceTest</a></td>
<td>2</td>
<td>0</td>
<td>0</td>
<td>0</td>
<td>100%</td>
<td>0.44</td></tr>
<tr class="b">
<td><a href="#com.p6spy.engine.spyP6TestDriver"><img src="images/icon_success_sml.gif" alt="" /></a></td>
<td><a href="#com.p6spy.engine.spyP6TestDriver">P6TestDriver</a></td>
<td>8</td>
<td>0</td>
<td>0</td>
<td>0</td>
<td>100%</td>
<td>1.612</td></tr>
<tr class="a">
<td><a href="#com.p6spy.engine.spyXADataSourceTest"><img src="images/icon_success_sml.gif" alt="" /></a></td>
<td><a href="#com.p6spy.engine.spyXADataSourceTest">XADataSourceTest</a></td>
<td>14</td>
<td>0</td>
<td>0</td>
<td>0</td>
<td>100%</td>
<td>18.957</td></tr>
<tr class="b">
<td><a href="#com.p6spy.engine.spyP6TestMBean"><img src="images/icon_success_sml.gif" alt="" /></a></td>
<td><a href="#com.p6spy.engine.spyP6TestMBean">P6TestMBean</a></td>
<td>1</td>
<td>0</td>
<td>0</td>
<td>0</td>
<td>100%</td>
<td>0.015</td></tr>
<tr class="a">
<td><a href="#com.p6spy.engine.spyP6TestDriverMulti"><img src="images/icon_warning_sml.gif" alt="" /></a></td>
<td><a href="#com.p6spy.engine.spyP6TestDriverMulti">P6TestDriverMulti</a></td>
<td>1</td>
<td>0</td>
<td>0</td>
<td>1</td>
<td>0%</td>
<td>0</td></tr>
<tr class="b">
<td><a href="#com.p6spy.engine.spyMultipleDataSourceTest"><img src="images/icon_success_sml.gif" alt="" /></a></td>
<td><a href="#com.p6spy.engine.spyMultipleDataSourceTest">MultipleDataSourceTest</a></td>
<td>2</td>
<td>0</td>
<td>0</td>
<td>0</td>
<td>100%</td>
<td>0.177</td></tr>
<tr class="a">
<td><a href="#com.p6spy.engine.spyP6TestStatement"><img src="images/icon_error_sml.gif" alt="" /></a></td>
<td><a href="#com.p6spy.engine.spyP6TestStatement">P6TestStatement</a></td>
<td>56</td>
<td>7</td>
<td>0</td>
<td>0</td>
<td>87.5%</td>
<td>71.146</td></tr></table></div>
<div class="section">
<h3>com.p6spy.engine.proxy<a name="com.p6spy.engine.proxy"></a></h3><a name="com.p6spy.engine.proxy"></a>
<table border="1" class="bodyTable">
<tr class="a">
<th></th>
<th>Class</th>
<th>Tests</th>
<th>Errors </th>
<th>Failures</th>
<th>Skipped</th>
<th>Success Rate</th>
<th>Time</th></tr>
<tr class="b">
<td><a href="#com.p6spy.engine.proxyMethodNameAndParameterMatcherTest"><img src="images/icon_success_sml.gif" alt="" /></a></td>
<td><a href="#com.p6spy.engine.proxyMethodNameAndParameterMatcherTest">MethodNameAndParameterMatcherTest</a></td>
<td>4</td>
<td>0</td>
<td>0</td>
<td>0</td>
<td>100%</td>
<td>0.011</td></tr>
<tr class="a">
<td><a href="#com.p6spy.engine.proxyMethodNameMatcherTest"><img src="images/icon_success_sml.gif" alt="" /></a></td>
<td><a href="#com.p6spy.engine.proxyMethodNameMatcherTest">MethodNameMatcherTest</a></td>
<td>3</td>
<td>0</td>
<td>0</td>
<td>0</td>
<td>100%</td>
<td>0.007</td></tr>
<tr class="b">
<td><a href="#com.p6spy.engine.proxyGenericInvocationHandlerTest"><img src="images/icon_success_sml.gif" alt="" /></a></td>
<td><a href="#com.p6spy.engine.proxyGenericInvocationHandlerTest">GenericInvocationHandlerTest</a></td>
<td>6</td>
<td>0</td>
<td>0</td>
<td>0</td>
<td>100%</td>
<td>0.302</td></tr>
<tr class="a">
<td><a href="#com.p6spy.engine.proxyProxyFactoryTest"><img src="images/icon_success_sml.gif" alt="" /></a></td>
<td><a href="#com.p6spy.engine.proxyProxyFactoryTest">ProxyFactoryTest</a></td>
<td>3</td>
<td>0</td>
<td>0</td>
<td>0</td>
<td>100%</td>
<td>0.024</td></tr>
<tr class="b">
<td><a href="#com.p6spy.engine.proxySignedJarTest"><img src="images/icon_success_sml.gif" alt="" /></a></td>
<td><a href="#com.p6spy.engine.proxySignedJarTest">SignedJarTest</a></td>
<td>1</td>
<td>0</td>
<td>0</td>
<td>0</td>
<td>100%</td>
<td>0.185</td></tr>
<tr class="a">
<td><a href="#com.p6spy.engine.proxyMethodNameAndParameterLikeMatcherTest"><img src="images/icon_success_sml.gif" alt="" /></a></td>
<td><a href="#com.p6spy.engine.proxyMethodNameAndParameterLikeMatcherTest">MethodNameAndParameterLikeMatcherTest</a></td>
<td>1</td>
<td>0</td>
<td>0</td>
<td>0</td>
<td>100%</td>
<td>0.017</td></tr></table></div>
<div class="section">
<h3>com.p6spy.engine.spy.option<a name="com.p6spy.engine.spy.option"></a></h3><a name="com.p6spy.engine.spy.option"></a>
<table border="1" class="bodyTable">
<tr class="a">
<th></th>
<th>Class</th>
<th>Tests</th>
<th>Errors </th>
<th>Failures</th>
<th>Skipped</th>
<th>Success Rate</th>
<th>Time</th></tr>
<tr class="b">
<td><a href="#com.p6spy.engine.spy.optionP6TestOptionsSources"><img src="images/icon_success_sml.gif" alt="" /></a></td>
<td><a href="#com.p6spy.engine.spy.optionP6TestOptionsSources">P6TestOptionsSources</a></td>
<td>6</td>
<td>0</td>
<td>0</td>
<td>0</td>
<td>100%</td>
<td>0.029</td></tr>
<tr class="a">
<td><a href="#com.p6spy.engine.spy.optionP6TestOptionsReload"><img src="images/icon_success_sml.gif" alt="" /></a></td>
<td><a href="#com.p6spy.engine.spy.optionP6TestOptionsReload">P6TestOptionsReload</a></td>
<td>6</td>
<td>0</td>
<td>0</td>
<td>0</td>
<td>100%</td>
<td>6.139</td></tr>
<tr class="b">
<td><a href="#com.p6spy.engine.spy.optionP6TestOptionAPI"><img src="images/icon_success_sml.gif" alt="" /></a></td>
<td><a href="#com.p6spy.engine.spy.optionP6TestOptionAPI">P6TestOptionAPI</a></td>
<td>2</td>
<td>0</td>
<td>0</td>
<td>0</td>
<td>100%</td>
<td>0.002</td></tr>
<tr class="a">
<td><a href="#com.p6spy.engine.spy.optionP6TestOptionDefaults"><img src="images/icon_success_sml.gif" alt="" /></a></td>
<td><a href="#com.p6spy.engine.spy.optionP6TestOptionDefaults">P6TestOptionDefaults</a></td>
<td>6</td>
<td>0</td>
<td>0</td>
<td>0</td>
<td>100%</td>
<td>0.045</td></tr>
<tr class="b">
<td><a href="#com.p6spy.engine.spy.optionP6TestOptionsRepository"><img src="images/icon_success_sml.gif" alt="" /></a></td>
<td><a href="#com.p6spy.engine.spy.optionP6TestOptionsRepository">P6TestOptionsRepository</a></td>
<td>16</td>
<td>0</td>
<td>0</td>
<td>0</td>
<td>100%</td>
<td>0.008</td></tr>
<tr class="a">
<td><a href="#com.p6spy.engine.spy.optionSpyDotPropertiesTest"><img src="images/icon_success_sml.gif" alt="" /></a></td>
<td><a href="#com.p6spy.engine.spy.optionSpyDotPropertiesTest">SpyDotPropertiesTest</a></td>
<td>3</td>
<td>0</td>
<td>0</td>
<td>0</td>
<td>100%</td>
<td>0.005</td></tr></table></div><br /></div>
<div class="section">
<h2>Test Cases<a name="Test_Cases"></a></h2><a name="Test_Cases"></a>
<p>[<a href="#Summary">Summary</a>] [<a href="#Package_List">Package List</a>] [<a href="#Test_Cases">Test Cases</a>]</p>
<div class="section">
<h3>P6TestResultSet<a name="P6TestResultSet"></a></h3><a name="com.p6spy.engine.spyP6TestResultSet"></a>
<table border="1" class="bodyTable">
<tr class="a">
<td><img src="images/icon_success_sml.gif" alt="" /></td>
<td>testSkipLoggingBeforeFirstRowOnClose[0: PostgreSQL]</td>
<td>0.165</td></tr>
<tr class="b">
<td><img src="images/icon_success_sml.gif" alt="" /></td>
<td>testLogMessageCountWhenLessThanAllRowsAreRead[0: PostgreSQL]</td>
<td>0.201</td></tr>
<tr class="a">
<td><img src="images/icon_success_sml.gif" alt="" /></td>
<td>testLoggingOnNext[0: PostgreSQL]</td>
<td>0.2</td></tr>
<tr class="b">
<td><img src="images/icon_success_sml.gif" alt="" /></td>
<td>testNoLoggingOnEmptyResultSetOnClose[0: PostgreSQL]</td>
<td>0.193</td></tr>
<tr class="a">
<td><img src="images/icon_success_sml.gif" alt="" /></td>
<td>testLoggingOnCloseAfterEndOfResultSet[0: PostgreSQL]</td>
<td>0.201</td></tr>
<tr class="b">
<td><img src="images/icon_success_sml.gif" alt="" /></td>
<td>testLoggingOnNextWithNoColumnsAccessed[0: PostgreSQL]</td>
<td>0.192</td></tr>
<tr class="a">
<td><img src="images/icon_success_sml.gif" alt="" /></td>
<td>testLoggingOnCloseBeforeEndOfResultSet[0: PostgreSQL]</td>
<td>0.186</td></tr>
<tr class="b">
<td><img src="images/icon_success_sml.gif" alt="" /></td>
<td>testResultLogging[0: PostgreSQL]</td>
<td>0.198</td></tr>
<tr class="a">
<td><img src="images/icon_success_sml.gif" alt="" /></td>
<td>testSkipLoggingBeforeFirstRowOnNext[0: PostgreSQL]</td>
<td>0.229</td></tr>
<tr class="b">
<td><img src="images/icon_success_sml.gif" alt="" /></td>
<td>testLogMessageCountWhenAllRowsRead[0: PostgreSQL]</td>
<td>0.193</td></tr>
<tr class="a">
<td><img src="images/icon_success_sml.gif" alt="" /></td>
<td>testSkipLoggingBeforeFirstRowOnClose[1: MySQL]</td>
<td>0.082</td></tr>
<tr class="b">
<td><img src="images/icon_success_sml.gif" alt="" /></td>
<td>testLogMessageCountWhenLessThanAllRowsAreRead[1: MySQL]</td>
<td>0.082</td></tr>
<tr class="a">
<td><img src="images/icon_success_sml.gif" alt="" /></td>
<td>testLoggingOnNext[1: MySQL]</td>
<td>0.103</td></tr>
<tr class="b">
<td><img src="images/icon_success_sml.gif" alt="" /></td>
<td>testNoLoggingOnEmptyResultSetOnClose[1: MySQL]</td>
<td>0.109</td></tr>
<tr class="a">
<td><img src="images/icon_success_sml.gif" alt="" /></td>
<td>testLoggingOnCloseAfterEndOfResultSet[1: MySQL]</td>
<td>0.1</td></tr>
<tr class="b">
<td><img src="images/icon_success_sml.gif" alt="" /></td>
<td>testLoggingOnNextWithNoColumnsAccessed[1: MySQL]</td>
<td>0.077</td></tr>
<tr class="a">
<td><img src="images/icon_success_sml.gif" alt="" /></td>
<td>testLoggingOnCloseBeforeEndOfResultSet[1: MySQL]</td>
<td>0.078</td></tr>
<tr class="b">
<td><img src="images/icon_success_sml.gif" alt="" /></td>
<td>testResultLogging[1: MySQL]</td>
<td>0.076</td></tr>
<tr class="a">
<td><img src="images/icon_success_sml.gif" alt="" /></td>
<td>testSkipLoggingBeforeFirstRowOnNext[1: MySQL]</td>
<td>0.076</td></tr>
<tr class="b">
<td><img src="images/icon_success_sml.gif" alt="" /></td>
<td>testLogMessageCountWhenAllRowsRead[1: MySQL]</td>
<td>0.079</td></tr>
<tr class="a">
<td><img src="images/icon_success_sml.gif" alt="" /></td>
<td>testSkipLoggingBeforeFirstRowOnClose[2: H2]</td>
<td>0.114</td></tr>
<tr class="b">
<td><img src="images/icon_success_sml.gif" alt="" /></td>
<td>testLogMessageCountWhenLessThanAllRowsAreRead[2: H2]</td>
<td>0.112</td></tr>
<tr class="a">
<td><img src="images/icon_success_sml.gif" alt="" /></td>
<td>testLoggingOnNext[2: H2]</td>
<td>0.115</td></tr>
<tr class="b">
<td><img src="images/icon_success_sml.gif" alt="" /></td>
<td>testNoLoggingOnEmptyResultSetOnClose[2: H2]</td>
<td>0.116</td></tr>
<tr class="a">
<td><img src="images/icon_success_sml.gif" alt="" /></td>
<td>testLoggingOnCloseAfterEndOfResultSet[2: H2]</td>
<td>0.146</td></tr>
<tr class="b">
<td><img src="images/icon_success_sml.gif" alt="" /></td>
<td>testLoggingOnNextWithNoColumnsAccessed[2: H2]</td>
<td>0.116</td></tr>
<tr class="a">
<td><img src="images/icon_success_sml.gif" alt="" /></td>
<td>testLoggingOnCloseBeforeEndOfResultSet[2: H2]</td>
<td>0.119</td></tr>
<tr class="b">
<td><img src="images/icon_success_sml.gif" alt="" /></td>
<td>testResultLogging[2: H2]</td>
<td>0.115</td></tr>
<tr class="a">
<td><img src="images/icon_success_sml.gif" alt="" /></td>
<td>testSkipLoggingBeforeFirstRowOnNext[2: H2]</td>
<td>0.112</td></tr>
<tr class="b">
<td><img src="images/icon_success_sml.gif" alt="" /></td>
<td>testLogMessageCountWhenAllRowsRead[2: H2]</td>
<td>0.109</td></tr>
<tr class="a">
<td><img src="images/icon_success_sml.gif" alt="" /></td>
<td>testSkipLoggingBeforeFirstRowOnClose[3: HSQLDB]</td>
<td>0.084</td></tr>
<tr class="b">
<td><img src="images/icon_success_sml.gif" alt="" /></td>
<td>testLogMessageCountWhenLessThanAllRowsAreRead[3: HSQLDB]</td>
<td>0.085</td></tr>
<tr class="a">
<td><img src="images/icon_success_sml.gif" alt="" /></td>
<td>testLoggingOnNext[3: HSQLDB]</td>
<td>0.085</td></tr>
<tr class="b">
<td><img src="images/icon_success_sml.gif" alt="" /></td>
<td>testNoLoggingOnEmptyResultSetOnClose[3: HSQLDB]</td>
<td>0.084</td></tr>
<tr class="a">
<td><img src="images/icon_success_sml.gif" alt="" /></td>
<td>testLoggingOnCloseAfterEndOfResultSet[3: HSQLDB]</td>
<td>0.084</td></tr>
<tr class="b">
<td><img src="images/icon_success_sml.gif" alt="" /></td>
<td>testLoggingOnNextWithNoColumnsAccessed[3: HSQLDB]</td>
<td>0.083</td></tr>
<tr class="a">
<td><img src="images/icon_success_sml.gif" alt="" /></td>
<td>testLoggingOnCloseBeforeEndOfResultSet[3: HSQLDB]</td>
<td>0.083</td></tr>
<tr class="b">
<td><img src="images/icon_success_sml.gif" alt="" /></td>
<td>testResultLogging[3: HSQLDB]</td>
<td>0.081</td></tr>
<tr class="a">
<td><img src="images/icon_success_sml.gif" alt="" /></td>
<td>testSkipLoggingBeforeFirstRowOnNext[3: HSQLDB]</td>
<td>0.08</td></tr>
<tr class="b">
<td><img src="images/icon_success_sml.gif" alt="" /></td>
<td>testLogMessageCountWhenAllRowsRead[3: HSQLDB]</td>
<td>0.083</td></tr>
<tr class="a">
<td><img src="images/icon_success_sml.gif" alt="" /></td>
<td>testSkipLoggingBeforeFirstRowOnClose[4: SQLite]</td>
<td>0.036</td></tr>
<tr class="b">
<td><img src="images/icon_success_sml.gif" alt="" /></td>
<td>testLogMessageCountWhenLessThanAllRowsAreRead[4: SQLite]</td>
<td>0.035</td></tr>
<tr class="a">
<td><img src="images/icon_success_sml.gif" alt="" /></td>
<td>testLoggingOnNext[4: SQLite]</td>
<td>0.035</td></tr>
<tr class="b">
<td><img src="images/icon_success_sml.gif" alt="" /></td>
<td>testNoLoggingOnEmptyResultSetOnClose[4: SQLite]</td>
<td>0.036</td></tr>
<tr class="a">
<td><img src="images/icon_success_sml.gif" alt="" /></td>
<td>testLoggingOnCloseAfterEndOfResultSet[4: SQLite]</td>
<td>0.036</td></tr>
<tr class="b">
<td><img src="images/icon_success_sml.gif" alt="" /></td>
<td>testLoggingOnNextWithNoColumnsAccessed[4: SQLite]</td>
<td>0.084</td></tr>
<tr class="a">
<td><img src="images/icon_success_sml.gif" alt="" /></td>
<td>testLoggingOnCloseBeforeEndOfResultSet[4: SQLite]</td>
<td>0.04</td></tr>
<tr class="b">
<td><img src="images/icon_success_sml.gif" alt="" /></td>
<td>testResultLogging[4: SQLite]</td>
<td>0.038</td></tr>
<tr class="a">
<td><img src="images/icon_success_sml.gif" alt="" /></td>
<td>testSkipLoggingBeforeFirstRowOnNext[4: SQLite]</td>
<td>0.038</td></tr>
<tr class="b">
<td><img src="images/icon_success_sml.gif" alt="" /></td>
<td>testLogMessageCountWhenAllRowsRead[4: SQLite]</td>
<td>0.04</td></tr>
<tr class="a">
<td><img src="images/icon_success_sml.gif" alt="" /></td>
<td>testSkipLoggingBeforeFirstRowOnClose[5: Firebird]</td>
<td>0.152</td></tr>
<tr class="b">
<td><img src="images/icon_success_sml.gif" alt="" /></td>
<td>testLogMessageCountWhenLessThanAllRowsAreRead[5: Firebird]</td>
<td>0.151</td></tr>
<tr class="a">
<td><img src="images/icon_success_sml.gif" alt="" /></td>
<td>testLoggingOnNext[5: Firebird]</td>
<td>0.163</td></tr>
<tr class="b">
<td><img src="images/icon_success_sml.gif" alt="" /></td>
<td>testNoLoggingOnEmptyResultSetOnClose[5: Firebird]</td>
<td>0.157</td></tr>
<tr class="a">
<td><img src="images/icon_success_sml.gif" alt="" /></td>
<td>testLoggingOnCloseAfterEndOfResultSet[5: Firebird]</td>
<td>0.171</td></tr>
<tr class="b">
<td><img src="images/icon_success_sml.gif" alt="" /></td>
<td>testLoggingOnNextWithNoColumnsAccessed[5: Firebird]</td>
<td>0.152</td></tr>
<tr class="a">
<td><img src="images/icon_success_sml.gif" alt="" /></td>
<td>testLoggingOnCloseBeforeEndOfResultSet[5: Firebird]</td>
<td>0.15</td></tr>
<tr class="b">
<td><img src="images/icon_success_sml.gif" alt="" /></td>
<td>testResultLogging[5: Firebird]</td>
<td>0.148</td></tr>
<tr class="a">
<td><img src="images/icon_success_sml.gif" alt="" /></td>
<td>testSkipLoggingBeforeFirstRowOnNext[5: Firebird]</td>
<td>0.142</td></tr>
<tr class="b">
<td><img src="images/icon_success_sml.gif" alt="" /></td>
<td>testLogMessageCountWhenAllRowsRead[5: Firebird]</td>
<td>0.14</td></tr>
<tr class="a">
<td><img src="images/icon_success_sml.gif" alt="" /></td>
<td>testSkipLoggingBeforeFirstRowOnClose[6: Derby]</td>
<td>0.289</td></tr>
<tr class="b">
<td><img src="images/icon_success_sml.gif" alt="" /></td>
<td>testLogMessageCountWhenLessThanAllRowsAreRead[6: Derby]</td>
<td>0.299</td></tr>
<tr class="a">
<td><img src="images/icon_success_sml.gif" alt="" /></td>
<td>testLoggingOnNext[6: Derby]</td>
<td>0.294</td></tr>
<tr class="b">
<td><img src="images/icon_success_sml.gif" alt="" /></td>
<td>testNoLoggingOnEmptyResultSetOnClose[6: Derby]</td>
<td>0.304</td></tr>
<tr class="a">
<td><img src="images/icon_success_sml.gif" alt="" /></td>
<td>testLoggingOnCloseAfterEndOfResultSet[6: Derby]</td>
<td>0.314</td></tr>
<tr class="b">
<td><img src="images/icon_success_sml.gif" alt="" /></td>
<td>testLoggingOnNextWithNoColumnsAccessed[6: Derby]</td>
<td>0.275</td></tr>
<tr class="a">
<td><img src="images/icon_success_sml.gif" alt="" /></td>
<td>testLoggingOnCloseBeforeEndOfResultSet[6: Derby]</td>
<td>0.312</td></tr>
<tr class="b">
<td><img src="images/icon_success_sml.gif" alt="" /></td>
<td>testResultLogging[6: Derby]</td>
<td>0.291</td></tr>
<tr class="a">
<td><img src="images/icon_success_sml.gif" alt="" /></td>
<td>testSkipLoggingBeforeFirstRowOnNext[6: Derby]</td>
<td>0.335</td></tr>
<tr class="b">
<td><img src="images/icon_success_sml.gif" alt="" /></td>
<td>testLogMessageCountWhenAllRowsRead[6: Derby]</td>
<td>0.274</td></tr>
<tr class="a">
<td><img src="images/icon_success_sml.gif" alt="" /></td>
<td>testSkipLoggingBeforeFirstRowOnClose[7: Oracle]</td>
<td>0.311</td></tr>
<tr class="b">
<td><img src="images/icon_success_sml.gif" alt="" /></td>
<td>testLogMessageCountWhenLessThanAllRowsAreRead[7: Oracle]</td>
<td>0.308</td></tr>
<tr class="a">
<td><img src="images/icon_success_sml.gif" alt="" /></td>
<td>testLoggingOnNext[7: Oracle]</td>
<td>0.268</td></tr>
<tr class="b">
<td><img src="images/icon_success_sml.gif" alt="" /></td>
<td>testNoLoggingOnEmptyResultSetOnClose[7: Oracle]</td>
<td>0.264</td></tr>
<tr class="a">
<td><img src="images/icon_success_sml.gif" alt="" /></td>
<td>testLoggingOnCloseAfterEndOfResultSet[7: Oracle]</td>
<td>0.292</td></tr>
<tr class="b">
<td><img src="images/icon_success_sml.gif" alt="" /></td>
<td>testLoggingOnNextWithNoColumnsAccessed[7: Oracle]</td>
<td>0.287</td></tr>
<tr class="a">
<td><img src="images/icon_success_sml.gif" alt="" /></td>
<td>testLoggingOnCloseBeforeEndOfResultSet[7: Oracle]</td>
<td>0.289</td></tr>
<tr class="b">
<td><img src="images/icon_success_sml.gif" alt="" /></td>
<td>testResultLogging[7: Oracle]</td>
<td>0.295</td></tr>
<tr class="a">
<td><img src="images/icon_success_sml.gif" alt="" /></td>
<td>testSkipLoggingBeforeFirstRowOnNext[7: Oracle]</td>
<td>0.271</td></tr>
<tr class="b">
<td><img src="images/icon_success_sml.gif" alt="" /></td>
<td>testLogMessageCountWhenAllRowsRead[7: Oracle]</td>
<td>0.282</td></tr></table></div>
<div class="section">
<h3>P6TestPreparedStatement<a name="P6TestPreparedStatement"></a></h3><a name="com.p6spy.engine.spyP6TestPreparedStatement"></a>
<table border="1" class="bodyTable">
<tr class="a">
<td><img src="images/icon_success_sml.gif" alt="" /></td>
<td>testExecuteUpdate[0: PostgreSQL]</td>
<td>0.254</td></tr>
<tr class="b">
<td><img src="images/icon_success_sml.gif" alt="" /></td>
<td>testSameColumnNameInMultipleTables[0: PostgreSQL]</td>
<td>0.204</td></tr>
<tr class="a">
<td><a href="#com.p6spy.engine.spy.P6TestPreparedStatement.testExecuteDelayed[0: PostgreSQL]"><img src="images/icon_error_sml.gif" alt="" /></a></td>
<td><a href="#com.p6spy.engine.spy.P6TestPreparedStatement.testExecuteDelayed[0: PostgreSQL]">testExecuteDelayed[0: PostgreSQL]</a>
<div class="detailToggle" style="display:inline"><a href="javascript:toggleDisplay(&apos;com_p6spy_engine_spy_P6TestPreparedStatement_testExecuteDelayed[0: PostgreSQL]&apos;);"><span style="display:inline;" id="com_p6spy_engine_spy_P6TestPreparedStatement_testExecuteDelayed[0: PostgreSQL]off"> + </span><span style="display:none;" id="com_p6spy_engine_spy_P6TestPreparedStatement_testExecuteDelayed[0: PostgreSQL]on"> - </span>[ Detail ]</a></div></td>
<td>20.214</td></tr>
<tr class="b">
<td></td>
<td>ERROR: function system_range(integer, integer) does not exist
  Hint: No function matches the given name and argument types. You might need to add explicit type casts.
  Position: 15 due to error:
org.postgresql.util.PSQLException: ERROR: function system_range(integer, integer) does not exist
  Hint: No function matches the given name and argument types. You might need to add explicit type casts.
  Position: 15
 at org.postgresql.core.v3.QueryExecutorImpl.receiveErrorResponse(QueryExecutorImpl.java:2161)
 at org.postgresql.core.v3.QueryExecutorImpl.processResults(QueryExecutorImpl.java:1890)
 at org.postgresql.core.v3.QueryExecutorImpl.execute(QueryExecutorImpl.java:255)
 at org.postgresql.jdbc2.AbstractJdbc2Statement.execute(AbstractJdbc2Statement.java:560)
 at org.postgresql.jdbc2.AbstractJdbc2Statement.executeWithFlags(AbstractJdbc2Statement.java:417)
 at org.postgresql.jdbc2.AbstractJdbc2Statement.executeQuery(AbstractJdbc2Statement.java:302)
 at sun.reflect.GeneratedMethodAccessor345.invoke(Unknown Source)
 at sun.reflect.DelegatingMethodAccessorImpl.invoke(DelegatingMethodAccessorImpl.java:43)
 at java.lang.reflect.Method.invoke(Method.java:606)
 at com.p6spy.engine.logging.P6LogPreparedStatementExecuteDelegate.invoke(P6LogPreparedStatementExecuteDelegate.java:42)
 at com.p6spy.engine.proxy.GenericInvocationHandler.invoke(GenericInvocationHandler.java:116)
 at org.p6spy.$java.sql.Statement$$EnhancerByCGLIB$$19fe12ce.executeQuery(&lt;generated&gt;)
 at com.p6spy.engine.spy.P6TestPreparedStatement.testExecuteDelayed(P6TestPreparedStatement.java:108)
 at sun.reflect.NativeMethodAccessorImpl.invoke0(Native Method)
 at sun.reflect.NativeMethodAccessorImpl.invoke(NativeMethodAccessorImpl.java:57)
 at sun.reflect.DelegatingMethodAccessorImpl.invoke(DelegatingMethodAccessorImpl.java:43)
 at java.lang.reflect.Method.invoke(Method.java:606)
 at org.junit.runners.model.FrameworkMethod$1.runReflectiveCall(FrameworkMethod.java:47)
 at org.junit.internal.runners.model.ReflectiveCallable.run(ReflectiveCallable.java:12)
 at org.junit.runners.model.FrameworkMethod.invokeExplosively(FrameworkMethod.java:44)
 at org.junit.internal.runners.statements.InvokeMethod.evaluate(InvokeMethod.java:17)
 at org.junit.internal.runners.statements.RunBefores.evaluate(RunBefores.java:26)
 at org.junit.internal.runners.statements.RunAfters.evaluate(RunAfters.java:27)
 at org.junit.rules.TestWatcher$1.evaluate(TestWatcher.java:55)
 at org.junit.rules.RunRules.evaluate(RunRules.java:20)
 at org.junit.runners.ParentRunner.runLeaf(ParentRunner.java:271)
 at org.junit.runners.BlockJUnit4ClassRunner.runChild(BlockJUnit4ClassRunner.java:70)
 at org.junit.runners.BlockJUnit4ClassRunner.runChild(BlockJUnit4ClassRunner.java:50)
 at org.junit.runners.ParentRunner$3.run(ParentRunner.java:238)
 at org.junit.runners.ParentRunner$1.schedule(ParentRunner.java:63)
 at org.junit.runners.ParentRunner.runChildren(ParentRunner.java:236)
 at org.junit.runners.ParentRunner.access$000(ParentRunner.java:53)
 at org.junit.runners.ParentRunner$2.evaluate(ParentRunner.java:229)
 at org.junit.runners.ParentRunner.run(ParentRunner.java:309)
 at org.junit.runners.Suite.runChild(Suite.java:127)
 at org.junit.runners.Suite.runChild(Suite.java:26)
 at org.junit.runners.ParentRunner$3.run(ParentRunner.java:238)
 at org.junit.runners.ParentRunner$1.schedule(ParentRunner.java:63)
 at org.junit.runners.ParentRunner.runChildren(ParentRunner.java:236)
 at org.junit.runners.ParentRunner.access$000(ParentRunner.java:53)
 at org.junit.runners.ParentRunner$2.evaluate(ParentRunner.java:229)
 at org.junit.runners.ParentRunner.run(ParentRunner.java:309)
 at org.apache.maven.surefire.junit4.JUnit4Provider.execute(JUnit4Provider.java:264)
 at org.apache.maven.surefire.junit4.JUnit4Provider.executeTestSet(JUnit4Provider.java:153)
 at org.apache.maven.surefire.junit4.JUnit4Provider.invoke(JUnit4Provider.java:124)
 at org.apache.maven.surefire.booter.ForkedBooter.invokeProviderInSameClassLoader(ForkedBooter.java:200)
 at org.apache.maven.surefire.booter.ForkedBooter.runSuitesInProcess(ForkedBooter.java:153)
 at org.apache.maven.surefire.booter.ForkedBooter.main(ForkedBooter.java:103)
</td>
<td></td></tr>
<tr class="a">
<td></td>
<td>
<div id="com_p6spy_engine_spy_P6TestPreparedStatement_testExecuteDelayed[0: PostgreSQL]error" style="display:none;">
<div>
<pre>java.lang.AssertionError: ERROR: function system_range(integer, integer) does not existHint: No function matches the given name and argument types. You might need to add explicit type casts.Position: 15 due to error:org.postgresql.util.PSQLException: ERROR: function system_range(integer, integer) does not existHint: No function matches the given name and argument types. You might need to add explicit type casts.Position: 15at org.postgresql.core.v3.QueryExecutorImpl.receiveErrorResponse(QueryExecutorImpl.java:2161)at org.postgresql.core.v3.QueryExecutorImpl.processResults(QueryExecutorImpl.java:1890)at org.postgresql.core.v3.QueryExecutorImpl.execute(QueryExecutorImpl.java:255)at org.postgresql.jdbc2.AbstractJdbc2Statement.execute(AbstractJdbc2Statement.java:560)at org.postgresql.jdbc2.AbstractJdbc2Statement.executeWithFlags(AbstractJdbc2Statement.java:417)at org.postgresql.jdbc2.AbstractJdbc2Statement.executeQuery(AbstractJdbc2Statement.java:302)at sun.reflect.GeneratedMethodAccessor345.invoke(Unknown Source)at sun.reflect.DelegatingMethodAccessorImpl.invoke(DelegatingMethodAccessorImpl.java:43)at java.lang.reflect.Method.invoke(Method.java:606)at com.p6spy.engine.logging.P6LogPreparedStatementExecuteDelegate.invoke(P6LogPreparedStatementExecuteDelegate.java:42)at com.p6spy.engine.proxy.GenericInvocationHandler.invoke(GenericInvocationHandler.java:116)at org.p6spy.$java.sql.Statement$$EnhancerByCGLIB$$19fe12ce.executeQuery(&lt;generated&gt;)at com.p6spy.engine.spy.P6TestPreparedStatement.testExecuteDelayed(P6TestPreparedStatement.java:108)at sun.reflect.NativeMethodAccessorImpl.invoke0(Native Method)at sun.reflect.NativeMethodAccessorImpl.invoke(NativeMethodAccessorImpl.java:57)at sun.reflect.DelegatingMethodAccessorImpl.invoke(DelegatingMethodAccessorImpl.java:43)at java.lang.reflect.Method.invoke(Method.java:606)at org.junit.runners.model.FrameworkMethod$1.runReflectiveCall(FrameworkMethod.java:47)at org.junit.internal.runners.model.ReflectiveCallable.run(ReflectiveCallable.java:12)at org.junit.runners.model.FrameworkMethod.invokeExplosively(FrameworkMethod.java:44)at org.junit.internal.runners.statements.InvokeMethod.evaluate(InvokeMethod.java:17)at org.junit.internal.runners.statements.RunBefores.evaluate(RunBefores.java:26)at org.junit.internal.runners.statements.RunAfters.evaluate(RunAfters.java:27)at org.junit.rules.TestWatcher$1.evaluate(TestWatcher.java:55)at org.junit.rules.RunRules.evaluate(RunRules.java:20)at org.junit.runners.ParentRunner.runLeaf(ParentRunner.java:271)at org.junit.runners.BlockJUnit4ClassRunner.runChild(BlockJUnit4ClassRunner.java:70)at org.junit.runners.BlockJUnit4ClassRunner.runChild(BlockJUnit4ClassRunner.java:50)at org.junit.runners.ParentRunner$3.run(ParentRunner.java:238)at org.junit.runners.ParentRunner$1.schedule(ParentRunner.java:63)at org.junit.runners.ParentRunner.runChildren(ParentRunner.java:236)at org.junit.runners.ParentRunner.access$000(ParentRunner.java:53)at org.junit.runners.ParentRunner$2.evaluate(ParentRunner.java:229)at org.junit.runners.ParentRunner.run(ParentRunner.java:309)at org.junit.runners.Suite.runChild(Suite.java:127)at org.junit.runners.Suite.runChild(Suite.java:26)at org.junit.runners.ParentRunner$3.run(ParentRunner.java:238)at org.junit.runners.ParentRunner$1.schedule(ParentRunner.java:63)at org.junit.runners.ParentRunner.runChildren(ParentRunner.java:236)at org.junit.runners.ParentRunner.access$000(ParentRunner.java:53)at org.junit.runners.ParentRunner$2.evaluate(ParentRunner.java:229)at org.junit.runners.ParentRunner.run(ParentRunner.java:309)at org.apache.maven.surefire.junit4.JUnit4Provider.execute(JUnit4Provider.java:264)at org.apache.maven.surefire.junit4.JUnit4Provider.executeTestSet(JUnit4Provider.java:153)at org.apache.maven.surefire.junit4.JUnit4Provider.invoke(JUnit4Provider.java:124)at org.apache.maven.surefire.booter.ForkedBooter.invokeProviderInSameClassLoader(ForkedBooter.java:200)at org.apache.maven.surefire.booter.ForkedBooter.runSuitesInProcess(ForkedBooter.java:153)at org.apache.maven.surefire.booter.ForkedBooter.main(ForkedBooter.java:103)at org.junit.Assert.fail(Assert.java:88)at com.p6spy.engine.spy.P6TestPreparedStatement.testExecuteDelayed(P6TestPreparedStatement.java:114)</pre></div></div></td>
<td></td></tr>
<tr class="b">
<td><img src="images/icon_success_sml.gif" alt="" /></td>
<td>testExecuteQuery[0: PostgreSQL]</td>
<td>0.253</td></tr>
<tr class="a">
<td><img src="images/icon_success_sml.gif" alt="" /></td>
<td>testCallingSetMethodsOnStatementInterface[0: PostgreSQL]</td>
<td>0.229</td></tr>
<tr class="b">
<td><img src="images/icon_success_sml.gif" alt="" /></td>
<td>testAddToDate[0: PostgreSQL]</td>
<td>0.233</td></tr>
<tr class="a">
<td><img src="images/icon_success_sml.gif" alt="" /></td>
<td>testExecuteUpdate[1: MySQL]</td>
<td>0.117</td></tr>
<tr class="b">
<td><img src="images/icon_success_sml.gif" alt="" /></td>
<td>testSameColumnNameInMultipleTables[1: MySQL]</td>
<td>0.097</td></tr>
<tr class="a">
<td><a href="#com.p6spy.engine.spy.P6TestPreparedStatement.testExecuteDelayed[1: MySQL]"><img src="images/icon_error_sml.gif" alt="" /></a></td>
<td><a href="#com.p6spy.engine.spy.P6TestPreparedStatement.testExecuteDelayed[1: MySQL]">testExecuteDelayed[1: MySQL]</a>
<div class="detailToggle" style="display:inline"><a href="javascript:toggleDisplay(&apos;com_p6spy_engine_spy_P6TestPreparedStatement_testExecuteDelayed[1: MySQL]&apos;);"><span style="display:inline;" id="com_p6spy_engine_spy_P6TestPreparedStatement_testExecuteDelayed[1: MySQL]off"> + </span><span style="display:none;" id="com_p6spy_engine_spy_P6TestPreparedStatement_testExecuteDelayed[1: MySQL]on"> - </span>[ Detail ]</a></div></td>
<td>20.108</td></tr>
<tr class="b">
<td></td>
<td>You have an error in your SQL syntax; check the manual that corresponds to your MySQL server version for the right syntax to use near '(1,1)' at line 1 due to error:
com.mysql.jdbc.exceptions.jdbc4.MySQLSyntaxErrorException: You have an error in your SQL syntax; check the manual that corresponds to your MySQL server version for the right syntax to use near '(1,1)' at line 1
 at sun.reflect.GeneratedConstructorAccessor258.newInstance(Unknown Source)
 at sun.reflect.DelegatingConstructorAccessorImpl.newInstance(DelegatingConstructorAccessorImpl.java:45)
 at java.lang.reflect.Constructor.newInstance(Constructor.java:526)
 at com.mysql.jdbc.Util.handleNewInstance(Util.java:411)
 at com.mysql.jdbc.Util.getInstance(Util.java:386)
 at com.mysql.jdbc.SQLError.createSQLException(SQLError.java:1053)
 at com.mysql.jdbc.MysqlIO.checkErrorPacket(MysqlIO.java:4074)
 at com.mysql.jdbc.MysqlIO.checkErrorPacket(MysqlIO.java:4006)
 at com.mysql.jdbc.MysqlIO.sendCommand(MysqlIO.java:2468)
 at com.mysql.jdbc.MysqlIO.sqlQueryDirect(MysqlIO.java:2629)
 at com.mysql.jdbc.ConnectionImpl.execSQL(ConnectionImpl.java:2719)
 at com.mysql.jdbc.PreparedStatement.executeInternal(PreparedStatement.java:2155)
 at com.mysql.jdbc.PreparedStatement.executeQuery(PreparedStatement.java:2318)
 at sun.reflect.GeneratedMethodAccessor345.invoke(Unknown Source)
 at sun.reflect.DelegatingMethodAccessorImpl.invoke(DelegatingMethodAccessorImpl.java:43)
 at java.lang.reflect.Method.invoke(Method.java:606)
 at com.p6spy.engine.logging.P6LogPreparedStatementExecuteDelegate.invoke(P6LogPreparedStatementExecuteDelegate.java:42)
 at com.p6spy.engine.proxy.GenericInvocationHandler.invoke(GenericInvocationHandler.java:116)
 at org.p6spy.com.p6spy.engine.proxy.P6Proxy$$EnhancerByCGLIB$$638ed481.executeQuery(&lt;generated&gt;)
 at com.p6spy.engine.spy.P6TestPreparedStatement.testExecuteDelayed(P6TestPreparedStatement.java:108)
 at sun.reflect.NativeMethodAccessorImpl.invoke0(Native Method)
 at sun.reflect.NativeMethodAccessorImpl.invoke(NativeMethodAccessorImpl.java:57)
 at sun.reflect.DelegatingMethodAccessorImpl.invoke(DelegatingMethodAccessorImpl.java:43)
 at java.lang.reflect.Method.invoke(Method.java:606)
 at org.junit.runners.model.FrameworkMethod$1.runReflectiveCall(FrameworkMethod.java:47)
 at org.junit.internal.runners.model.ReflectiveCallable.run(ReflectiveCallable.java:12)
 at org.junit.runners.model.FrameworkMethod.invokeExplosively(FrameworkMethod.java:44)
 at org.junit.internal.runners.statements.InvokeMethod.evaluate(InvokeMethod.java:17)
 at org.junit.internal.runners.statements.RunBefores.evaluate(RunBefores.java:26)
 at org.junit.internal.runners.statements.RunAfters.evaluate(RunAfters.java:27)
 at org.junit.rules.TestWatcher$1.evaluate(TestWatcher.java:55)
 at org.junit.rules.RunRules.evaluate(RunRules.java:20)
 at org.junit.runners.ParentRunner.runLeaf(ParentRunner.java:271)
 at org.junit.runners.BlockJUnit4ClassRunner.runChild(BlockJUnit4ClassRunner.java:70)
 at org.junit.runners.BlockJUnit4ClassRunner.runChild(BlockJUnit4ClassRunner.java:50)
 at org.junit.runners.ParentRunner$3.run(ParentRunner.java:238)
 at org.junit.runners.ParentRunner$1.schedule(ParentRunner.java:63)
 at org.junit.runners.ParentRunner.runChildren(ParentRunner.java:236)
 at org.junit.runners.ParentRunner.access$000(ParentRunner.java:53)
 at org.junit.runners.ParentRunner$2.evaluate(ParentRunner.java:229)
 at org.junit.runners.ParentRunner.run(ParentRunner.java:309)
 at org.junit.runners.Suite.runChild(Suite.java:127)
 at org.junit.runners.Suite.runChild(Suite.java:26)
 at org.junit.runners.ParentRunner$3.run(ParentRunner.java:238)
 at org.junit.runners.ParentRunner$1.schedule(ParentRunner.java:63)
 at org.junit.runners.ParentRunner.runChildren(ParentRunner.java:236)
 at org.junit.runners.ParentRunner.access$000(ParentRunner.java:53)
 at org.junit.runners.ParentRunner$2.evaluate(ParentRunner.java:229)
 at org.junit.runners.ParentRunner.run(ParentRunner.java:309)
 at org.apache.maven.surefire.junit4.JUnit4Provider.execute(JUnit4Provider.java:264)
 at org.apache.maven.surefire.junit4.JUnit4Provider.executeTestSet(JUnit4Provider.java:153)
 at org.apache.maven.surefire.junit4.JUnit4Provider.invoke(JUnit4Provider.java:124)
 at org.apache.maven.surefire.booter.ForkedBooter.invokeProviderInSameClassLoader(ForkedBooter.java:200)
 at org.apache.maven.surefire.booter.ForkedBooter.runSuitesInProcess(ForkedBooter.java:153)
 at org.apache.maven.surefire.booter.ForkedBooter.main(ForkedBooter.java:103)
</td>
<td></td></tr>
<tr class="a">
<td></td>
<td>
<div id="com_p6spy_engine_spy_P6TestPreparedStatement_testExecuteDelayed[1: MySQL]error" style="display:none;">
<div>
<pre>java.lang.AssertionError: You have an error in your SQL syntax; check the manual that corresponds to your MySQL server version for the right syntax to use near '(1,1)' at line 1 due to error:com.mysql.jdbc.exceptions.jdbc4.MySQLSyntaxErrorException: You have an error in your SQL syntax; check the manual that corresponds to your MySQL server version for the right syntax to use near '(1,1)' at line 1at sun.reflect.GeneratedConstructorAccessor258.newInstance(Unknown Source)at sun.reflect.DelegatingConstructorAccessorImpl.newInstance(DelegatingConstructorAccessorImpl.java:45)at java.lang.reflect.Constructor.newInstance(Constructor.java:526)at com.mysql.jdbc.Util.handleNewInstance(Util.java:411)at com.mysql.jdbc.Util.getInstance(Util.java:386)at com.mysql.jdbc.SQLError.createSQLException(SQLError.java:1053)at com.mysql.jdbc.MysqlIO.checkErrorPacket(MysqlIO.java:4074)at com.mysql.jdbc.MysqlIO.checkErrorPacket(MysqlIO.java:4006)at com.mysql.jdbc.MysqlIO.sendCommand(MysqlIO.java:2468)at com.mysql.jdbc.MysqlIO.sqlQueryDirect(MysqlIO.java:2629)at com.mysql.jdbc.ConnectionImpl.execSQL(ConnectionImpl.java:2719)at com.mysql.jdbc.PreparedStatement.executeInternal(PreparedStatement.java:2155)at com.mysql.jdbc.PreparedStatement.executeQuery(PreparedStatement.java:2318)at sun.reflect.GeneratedMethodAccessor345.invoke(Unknown Source)at sun.reflect.DelegatingMethodAccessorImpl.invoke(DelegatingMethodAccessorImpl.java:43)at java.lang.reflect.Method.invoke(Method.java:606)at com.p6spy.engine.logging.P6LogPreparedStatementExecuteDelegate.invoke(P6LogPreparedStatementExecuteDelegate.java:42)at com.p6spy.engine.proxy.GenericInvocationHandler.invoke(GenericInvocationHandler.java:116)at org.p6spy.com.p6spy.engine.proxy.P6Proxy$$EnhancerByCGLIB$$638ed481.executeQuery(&lt;generated&gt;)at com.p6spy.engine.spy.P6TestPreparedStatement.testExecuteDelayed(P6TestPreparedStatement.java:108)at sun.reflect.NativeMethodAccessorImpl.invoke0(Native Method)at sun.reflect.NativeMethodAccessorImpl.invoke(NativeMethodAccessorImpl.java:57)at sun.reflect.DelegatingMethodAccessorImpl.invoke(DelegatingMethodAccessorImpl.java:43)at java.lang.reflect.Method.invoke(Method.java:606)at org.junit.runners.model.FrameworkMethod$1.runReflectiveCall(FrameworkMethod.java:47)at org.junit.internal.runners.model.ReflectiveCallable.run(ReflectiveCallable.java:12)at org.junit.runners.model.FrameworkMethod.invokeExplosively(FrameworkMethod.java:44)at org.junit.internal.runners.statements.InvokeMethod.evaluate(InvokeMethod.java:17)at org.junit.internal.runners.statements.RunBefores.evaluate(RunBefores.java:26)at org.junit.internal.runners.statements.RunAfters.evaluate(RunAfters.java:27)at org.junit.rules.TestWatcher$1.evaluate(TestWatcher.java:55)at org.junit.rules.RunRules.evaluate(RunRules.java:20)at org.junit.runners.ParentRunner.runLeaf(ParentRunner.java:271)at org.junit.runners.BlockJUnit4ClassRunner.runChild(BlockJUnit4ClassRunner.java:70)at org.junit.runners.BlockJUnit4ClassRunner.runChild(BlockJUnit4ClassRunner.java:50)at org.junit.runners.ParentRunner$3.run(ParentRunner.java:238)at org.junit.runners.ParentRunner$1.schedule(ParentRunner.java:63)at org.junit.runners.ParentRunner.runChildren(ParentRunner.java:236)at org.junit.runners.ParentRunner.access$000(ParentRunner.java:53)at org.junit.runners.ParentRunner$2.evaluate(ParentRunner.java:229)at org.junit.runners.ParentRunner.run(ParentRunner.java:309)at org.junit.runners.Suite.runChild(Suite.java:127)at org.junit.runners.Suite.runChild(Suite.java:26)at org.junit.runners.ParentRunner$3.run(ParentRunner.java:238)at org.junit.runners.ParentRunner$1.schedule(ParentRunner.java:63)at org.junit.runners.ParentRunner.runChildren(ParentRunner.java:236)at org.junit.runners.ParentRunner.access$000(ParentRunner.java:53)at org.junit.runners.ParentRunner$2.evaluate(ParentRunner.java:229)at org.junit.runners.ParentRunner.run(ParentRunner.java:309)at org.apache.maven.surefire.junit4.JUnit4Provider.execute(JUnit4Provider.java:264)at org.apache.maven.surefire.junit4.JUnit4Provider.executeTestSet(JUnit4Provider.java:153)at org.apache.maven.surefire.junit4.JUnit4Provider.invoke(JUnit4Provider.java:124)at org.apache.maven.surefire.booter.ForkedBooter.invokeProviderInSameClassLoader(ForkedBooter.java:200)at org.apache.maven.surefire.booter.ForkedBooter.runSuitesInProcess(ForkedBooter.java:153)at org.apache.maven.surefire.booter.ForkedBooter.main(ForkedBooter.java:103)at org.junit.Assert.fail(Assert.java:88)at com.p6spy.engine.spy.P6TestPreparedStatement.testExecuteDelayed(P6TestPreparedStatement.java:114)</pre></div></div></td>
<td></td></tr>
<tr class="b">
<td><img src="images/icon_success_sml.gif" alt="" /></td>
<td>testExecuteQuery[1: MySQL]</td>
<td>0.103</td></tr>
<tr class="a">
<td><img src="images/icon_success_sml.gif" alt="" /></td>
<td>testCallingSetMethodsOnStatementInterface[1: MySQL]</td>
<td>0.097</td></tr>
<tr class="b">
<td><img src="images/icon_success_sml.gif" alt="" /></td>
<td>testAddToDate[1: MySQL]</td>
<td>0.104</td></tr>
<tr class="a">
<td><img src="images/icon_success_sml.gif" alt="" /></td>
<td>testExecuteUpdate[2: H2]</td>
<td>0.161</td></tr>
<tr class="b">
<td><img src="images/icon_success_sml.gif" alt="" /></td>
<td>testSameColumnNameInMultipleTables[2: H2]</td>
<td>0.148</td></tr>
<tr class="a">
<td><img src="images/icon_success_sml.gif" alt="" /></td>
<td>testExecuteDelayed[2: H2]</td>
<td>20.144</td></tr>
<tr class="b">
<td><img src="images/icon_success_sml.gif" alt="" /></td>
<td>testExecuteQuery[2: H2]</td>
<td>0.125</td></tr>
<tr class="a">
<td><img src="images/icon_success_sml.gif" alt="" /></td>
<td>testCallingSetMethodsOnStatementInterface[2: H2]</td>
<td>0.128</td></tr>
<tr class="b">
<td><img src="images/icon_success_sml.gif" alt="" /></td>
<td>testAddToDate[2: H2]</td>
<td>0.126</td></tr>
<tr class="a">
<td><img src="images/icon_success_sml.gif" alt="" /></td>
<td>testExecuteUpdate[3: HSQLDB]</td>
<td>0.11</td></tr>
<tr class="b">
<td><img src="images/icon_success_sml.gif" alt="" /></td>
<td>testSameColumnNameInMultipleTables[3: HSQLDB]</td>
<td>0.111</td></tr>
<tr class="a">
<td><a href="#com.p6spy.engine.spy.P6TestPreparedStatement.testExecuteDelayed[3: HSQLDB]"><img src="images/icon_error_sml.gif" alt="" /></a></td>
<td><a href="#com.p6spy.engine.spy.P6TestPreparedStatement.testExecuteDelayed[3: HSQLDB]">testExecuteDelayed[3: HSQLDB]</a>
<div class="detailToggle" style="display:inline"><a href="javascript:toggleDisplay(&apos;com_p6spy_engine_spy_P6TestPreparedStatement_testExecuteDelayed[3: HSQLDB]&apos;);"><span style="display:inline;" id="com_p6spy_engine_spy_P6TestPreparedStatement_testExecuteDelayed[3: HSQLDB]off"> + </span><span style="display:none;" id="com_p6spy_engine_spy_P6TestPreparedStatement_testExecuteDelayed[3: HSQLDB]on"> - </span>[ Detail ]</a></div></td>
<td>15.114</td></tr>
<tr class="b">
<td></td>
<td>user lacks privilege or object not found: SYSTEM_RANGE due to error:
java.sql.SQLSyntaxErrorException: user lacks privilege or object not found: SYSTEM_RANGE
 at org.hsqldb.jdbc.JDBCUtil.sqlException(JDBCUtil.java:376)
 at org.hsqldb.jdbc.JDBCUtil.sqlException(JDBCUtil.java:247)
 at org.hsqldb.jdbc.JDBCPreparedStatement.&lt;init&gt;(JDBCPreparedStatement.java:3890)
 at org.hsqldb.jdbc.JDBCConnection.prepareStatement(JDBCConnection.java:641)
 at sun.reflect.GeneratedMethodAccessor343.invoke(Unknown Source)
 at sun.reflect.DelegatingMethodAccessorImpl.invoke(DelegatingMethodAccessorImpl.java:43)
 at java.lang.reflect.Method.invoke(Method.java:606)
 at com.p6spy.engine.logging.P6LogConnectionPrepareStatementDelegate.invoke(P6LogConnectionPrepareStatementDelegate.java:38)
 at com.p6spy.engine.proxy.GenericInvocationHandler.invoke(GenericInvocationHandler.java:116)
 at org.p6spy.com.p6spy.engine.proxy.P6Proxy$$EnhancerByCGLIB$$2861afce.prepareStatement(&lt;generated&gt;)
 at com.p6spy.engine.spy.P6TestPreparedStatement.getPreparedStatement(P6TestPreparedStatement.java:301)
 at com.p6spy.engine.spy.P6TestPreparedStatement.testExecuteDelayed(P6TestPreparedStatement.java:104)
 at sun.reflect.NativeMethodAccessorImpl.invoke0(Native Method)
 at sun.reflect.NativeMethodAccessorImpl.invoke(NativeMethodAccessorImpl.java:57)
 at sun.reflect.DelegatingMethodAccessorImpl.invoke(DelegatingMethodAccessorImpl.java:43)
 at java.lang.reflect.Method.invoke(Method.java:606)
 at org.junit.runners.model.FrameworkMethod$1.runReflectiveCall(FrameworkMethod.java:47)
 at org.junit.internal.runners.model.ReflectiveCallable.run(ReflectiveCallable.java:12)
 at org.junit.runners.model.FrameworkMethod.invokeExplosively(FrameworkMethod.java:44)
 at org.junit.internal.runners.statements.InvokeMethod.evaluate(InvokeMethod.java:17)
 at org.junit.internal.runners.statements.RunBefores.evaluate(RunBefores.java:26)
 at org.junit.internal.runners.statements.RunAfters.evaluate(RunAfters.java:27)
 at org.junit.rules.TestWatcher$1.evaluate(TestWatcher.java:55)
 at org.junit.rules.RunRules.evaluate(RunRules.java:20)
 at org.junit.runners.ParentRunner.runLeaf(ParentRunner.java:271)
 at org.junit.runners.BlockJUnit4ClassRunner.runChild(BlockJUnit4ClassRunner.java:70)
 at org.junit.runners.BlockJUnit4ClassRunner.runChild(BlockJUnit4ClassRunner.java:50)
 at org.junit.runners.ParentRunner$3.run(ParentRunner.java:238)
 at org.junit.runners.ParentRunner$1.schedule(ParentRunner.java:63)
 at org.junit.runners.ParentRunner.runChildren(ParentRunner.java:236)
 at org.junit.runners.ParentRunner.access$000(ParentRunner.java:53)
 at org.junit.runners.ParentRunner$2.evaluate(ParentRunner.java:229)
 at org.junit.runners.ParentRunner.run(ParentRunner.java:309)
 at org.junit.runners.Suite.runChild(Suite.java:127)
 at org.junit.runners.Suite.runChild(Suite.java:26)
 at org.junit.runners.ParentRunner$3.run(ParentRunner.java:238)
 at org.junit.runners.ParentRunner$1.schedule(ParentRunner.java:63)
 at org.junit.runners.ParentRunner.runChildren(ParentRunner.java:236)
 at org.junit.runners.ParentRunner.access$000(ParentRunner.java:53)
 at org.junit.runners.ParentRunner$2.evaluate(ParentRunner.java:229)
 at org.junit.runners.ParentRunner.run(ParentRunner.java:309)
 at org.apache.maven.surefire.junit4.JUnit4Provider.execute(JUnit4Provider.java:264)
 at org.apache.maven.surefire.junit4.JUnit4Provider.executeTestSet(JUnit4Provider.java:153)
 at org.apache.maven.surefire.junit4.JUnit4Provider.invoke(JUnit4Provider.java:124)
 at org.apache.maven.surefire.booter.ForkedBooter.invokeProviderInSameClassLoader(ForkedBooter.java:200)
 at org.apache.maven.surefire.booter.ForkedBooter.runSuitesInProcess(ForkedBooter.java:153)
 at org.apache.maven.surefire.booter.ForkedBooter.main(ForkedBooter.java:103)
Caused by: org.hsqldb.HsqlException: user lacks privilege or object not found: SYSTEM_RANGE
 at org.hsqldb.error.Error.error(Error.java:83)
 at org.hsqldb.error.Error.error(Error.java:72)
 at org.hsqldb.SchemaManager.getTable(SchemaManager.java:786)
 at org.hsqldb.ParserDQL.readTableName(ParserDQL.java:6073)
 at org.hsqldb.ParserDQL.readTableOrSubquery(ParserDQL.java:1977)
 at org.hsqldb.ParserDQL.XreadTableReference(ParserDQL.java:1314)
 at org.hsqldb.ParserDQL.XreadFromClause(ParserDQL.java:1299)
 at org.hsqldb.ParserDQL.XreadTableExpression(ParserDQL.java:1192)
 at org.hsqldb.ParserDQL.XreadQuerySpecification(ParserDQL.java:1185)
 at org.hsqldb.ParserDQL.XreadSimpleTable(ParserDQL.java:1168)
 at org.hsqldb.ParserDQL.XreadQueryPrimary(ParserDQL.java:1097)
 at org.hsqldb.ParserDQL.XreadQueryTerm(ParserDQL.java:1063)
 at org.hsqldb.ParserDQL.XreadQueryExpressionBody(ParserDQL.java:1042)
 at org.hsqldb.ParserDQL.XreadQueryExpression(ParserDQL.java:1014)
 at org.hsqldb.ParserDQL.compileCursorSpecification(ParserDQL.java:6231)
 at org.hsqldb.ParserCommand.compilePart(ParserCommand.java:147)
 at org.hsqldb.ParserCommand.compileStatement(ParserCommand.java:64)
 at org.hsqldb.Session.compileStatement(Session.java:910)
 at org.hsqldb.StatementManager.compile(StatementManager.java:375)
 at org.hsqldb.Session.execute(Session.java:1014)
 at org.hsqldb.jdbc.JDBCPreparedStatement.&lt;init&gt;(JDBCPreparedStatement.java:3887)
 ... 44 more
</td>
<td></td></tr>
<tr class="a">
<td></td>
<td>
<div id="com_p6spy_engine_spy_P6TestPreparedStatement_testExecuteDelayed[3: HSQLDB]error" style="display:none;">
<div>
<pre>java.lang.AssertionError: user lacks privilege or object not found: SYSTEM_RANGE due to error:java.sql.SQLSyntaxErrorException: user lacks privilege or object not found: SYSTEM_RANGEat org.hsqldb.jdbc.JDBCUtil.sqlException(JDBCUtil.java:376)at org.hsqldb.jdbc.JDBCUtil.sqlException(JDBCUtil.java:247)at org.hsqldb.jdbc.JDBCPreparedStatement.&lt;init&gt;(JDBCPreparedStatement.java:3890)at org.hsqldb.jdbc.JDBCConnection.prepareStatement(JDBCConnection.java:641)at sun.reflect.GeneratedMethodAccessor343.invoke(Unknown Source)at sun.reflect.DelegatingMethodAccessorImpl.invoke(DelegatingMethodAccessorImpl.java:43)at java.lang.reflect.Method.invoke(Method.java:606)at com.p6spy.engine.logging.P6LogConnectionPrepareStatementDelegate.invoke(P6LogConnectionPrepareStatementDelegate.java:38)at com.p6spy.engine.proxy.GenericInvocationHandler.invoke(GenericInvocationHandler.java:116)at org.p6spy.com.p6spy.engine.proxy.P6Proxy$$EnhancerByCGLIB$$2861afce.prepareStatement(&lt;generated&gt;)at com.p6spy.engine.spy.P6TestPreparedStatement.getPreparedStatement(P6TestPreparedStatement.java:301)at com.p6spy.engine.spy.P6TestPreparedStatement.testExecuteDelayed(P6TestPreparedStatement.java:104)at sun.reflect.NativeMethodAccessorImpl.invoke0(Native Method)at sun.reflect.NativeMethodAccessorImpl.invoke(NativeMethodAccessorImpl.java:57)at sun.reflect.DelegatingMethodAccessorImpl.invoke(DelegatingMethodAccessorImpl.java:43)at java.lang.reflect.Method.invoke(Method.java:606)at org.junit.runners.model.FrameworkMethod$1.runReflectiveCall(FrameworkMethod.java:47)at org.junit.internal.runners.model.ReflectiveCallable.run(ReflectiveCallable.java:12)at org.junit.runners.model.FrameworkMethod.invokeExplosively(FrameworkMethod.java:44)at org.junit.internal.runners.statements.InvokeMethod.evaluate(InvokeMethod.java:17)at org.junit.internal.runners.statements.RunBefores.evaluate(RunBefores.java:26)at org.junit.internal.runners.statements.RunAfters.evaluate(RunAfters.java:27)at org.junit.rules.TestWatcher$1.evaluate(TestWatcher.java:55)at org.junit.rules.RunRules.evaluate(RunRules.java:20)at org.junit.runners.ParentRunner.runLeaf(ParentRunner.java:271)at org.junit.runners.BlockJUnit4ClassRunner.runChild(BlockJUnit4ClassRunner.java:70)at org.junit.runners.BlockJUnit4ClassRunner.runChild(BlockJUnit4ClassRunner.java:50)at org.junit.runners.ParentRunner$3.run(ParentRunner.java:238)at org.junit.runners.ParentRunner$1.schedule(ParentRunner.java:63)at org.junit.runners.ParentRunner.runChildren(ParentRunner.java:236)at org.junit.runners.ParentRunner.access$000(ParentRunner.java:53)at org.junit.runners.ParentRunner$2.evaluate(ParentRunner.java:229)at org.junit.runners.ParentRunner.run(ParentRunner.java:309)at org.junit.runners.Suite.runChild(Suite.java:127)at org.junit.runners.Suite.runChild(Suite.java:26)at org.junit.runners.ParentRunner$3.run(ParentRunner.java:238)at org.junit.runners.ParentRunner$1.schedule(ParentRunner.java:63)at org.junit.runners.ParentRunner.runChildren(ParentRunner.java:236)at org.junit.runners.ParentRunner.access$000(ParentRunner.java:53)at org.junit.runners.ParentRunner$2.evaluate(ParentRunner.java:229)at org.junit.runners.ParentRunner.run(ParentRunner.java:309)at org.apache.maven.surefire.junit4.JUnit4Provider.execute(JUnit4Provider.java:264)at org.apache.maven.surefire.junit4.JUnit4Provider.executeTestSet(JUnit4Provider.java:153)at org.apache.maven.surefire.junit4.JUnit4Provider.invoke(JUnit4Provider.java:124)at org.apache.maven.surefire.booter.ForkedBooter.invokeProviderInSameClassLoader(ForkedBooter.java:200)at org.apache.maven.surefire.booter.ForkedBooter.runSuitesInProcess(ForkedBooter.java:153)at org.apache.maven.surefire.booter.ForkedBooter.main(ForkedBooter.java:103)Caused by: org.hsqldb.HsqlException: user lacks privilege or object not found: SYSTEM_RANGEat org.hsqldb.error.Error.error(Error.java:83)at org.hsqldb.error.Error.error(Error.java:72)at org.hsqldb.SchemaManager.getTable(SchemaManager.java:786)at org.hsqldb.ParserDQL.readTableName(ParserDQL.java:6073)at org.hsqldb.ParserDQL.readTableOrSubquery(ParserDQL.java:1977)at org.hsqldb.ParserDQL.XreadTableReference(ParserDQL.java:1314)at org.hsqldb.ParserDQL.XreadFromClause(ParserDQL.java:1299)at org.hsqldb.ParserDQL.XreadTableExpression(ParserDQL.java:1192)at org.hsqldb.ParserDQL.XreadQuerySpecification(ParserDQL.java:1185)at org.hsqldb.ParserDQL.XreadSimpleTable(ParserDQL.java:1168)at org.hsqldb.ParserDQL.XreadQueryPrimary(ParserDQL.java:1097)at org.hsqldb.ParserDQL.XreadQueryTerm(ParserDQL.java:1063)at org.hsqldb.ParserDQL.XreadQueryExpressionBody(ParserDQL.java:1042)at org.hsqldb.ParserDQL.XreadQueryExpression(ParserDQL.java:1014)at org.hsqldb.ParserDQL.compileCursorSpecification(ParserDQL.java:6231)at org.hsqldb.ParserCommand.compilePart(ParserCommand.java:147)at org.hsqldb.ParserCommand.compileStatement(ParserCommand.java:64)at org.hsqldb.Session.compileStatement(Session.java:910)at org.hsqldb.StatementManager.compile(StatementManager.java:375)at org.hsqldb.Session.execute(Session.java:1014)at org.hsqldb.jdbc.JDBCPreparedStatement.&lt;init&gt;(JDBCPreparedStatement.java:3887)... 44 moreat org.junit.Assert.fail(Assert.java:88)at com.p6spy.engine.spy.P6TestPreparedStatement.testExecuteDelayed(P6TestPreparedStatement.java:114)</pre></div></div></td>
<td></td></tr>
<tr class="b">
<td><img src="images/icon_success_sml.gif" alt="" /></td>
<td>testExecuteQuery[3: HSQLDB]</td>
<td>0.125</td></tr>
<tr class="a">
<td><img src="images/icon_success_sml.gif" alt="" /></td>
<td>testCallingSetMethodsOnStatementInterface[3: HSQLDB]</td>
<td>0.097</td></tr>
<tr class="b">
<td><img src="images/icon_success_sml.gif" alt="" /></td>
<td>testAddToDate[3: HSQLDB]</td>
<td>0.088</td></tr>
<tr class="a">
<td><img src="images/icon_success_sml.gif" alt="" /></td>
<td>testExecuteUpdate[4: SQLite]</td>
<td>0.047</td></tr>
<tr class="b">
<td><img src="images/icon_success_sml.gif" alt="" /></td>
<td>testSameColumnNameInMultipleTables[4: SQLite]</td>
<td>0.046</td></tr>
<tr class="a">
<td><a href="#com.p6spy.engine.spy.P6TestPreparedStatement.testExecuteDelayed[4: SQLite]"><img src="images/icon_error_sml.gif" alt="" /></a></td>
<td><a href="#com.p6spy.engine.spy.P6TestPreparedStatement.testExecuteDelayed[4: SQLite]">testExecuteDelayed[4: SQLite]</a>
<div class="detailToggle" style="display:inline"><a href="javascript:toggleDisplay(&apos;com_p6spy_engine_spy_P6TestPreparedStatement_testExecuteDelayed[4: SQLite]&apos;);"><span style="display:inline;" id="com_p6spy_engine_spy_P6TestPreparedStatement_testExecuteDelayed[4: SQLite]off"> + </span><span style="display:none;" id="com_p6spy_engine_spy_P6TestPreparedStatement_testExecuteDelayed[4: SQLite]on"> - </span>[ Detail ]</a></div></td>
<td>15.048</td></tr>
<tr class="b">
<td></td>
<td>[SQLITE_ERROR] SQL error or missing database (near &quot;(&quot;: syntax error) due to error:
java.sql.SQLException: [SQLITE_ERROR] SQL error or missing database (near &quot;(&quot;: syntax error)
 at org.sqlite.DB.newSQLException(DB.java:383)
 at org.sqlite.DB.newSQLException(DB.java:387)
 at org.sqlite.DB.throwex(DB.java:374)
 at org.sqlite.NativeDB.prepare(Native Method)
 at org.sqlite.DB.prepare(DB.java:123)
 at org.sqlite.PrepStmt.&lt;init&gt;(PrepStmt.java:42)
 at org.sqlite.Conn.prepareStatement(Conn.java:404)
 at org.sqlite.Conn.prepareStatement(Conn.java:399)
 at org.sqlite.Conn.prepareStatement(Conn.java:383)
 at sun.reflect.GeneratedMethodAccessor343.invoke(Unknown Source)
 at sun.reflect.DelegatingMethodAccessorImpl.invoke(DelegatingMethodAccessorImpl.java:43)
 at java.lang.reflect.Method.invoke(Method.java:606)
 at com.p6spy.engine.logging.P6LogConnectionPrepareStatementDelegate.invoke(P6LogConnectionPrepareStatementDelegate.java:38)
 at com.p6spy.engine.proxy.GenericInvocationHandler.invoke(GenericInvocationHandler.java:116)
 at org.p6spy.com.p6spy.engine.proxy.P6Proxy$$EnhancerByCGLIB$$2861afce.prepareStatement(&lt;generated&gt;)
 at com.p6spy.engine.spy.P6TestPreparedStatement.getPreparedStatement(P6TestPreparedStatement.java:301)
 at com.p6spy.engine.spy.P6TestPreparedStatement.testExecuteDelayed(P6TestPreparedStatement.java:104)
 at sun.reflect.NativeMethodAccessorImpl.invoke0(Native Method)
 at sun.reflect.NativeMethodAccessorImpl.invoke(NativeMethodAccessorImpl.java:57)
 at sun.reflect.DelegatingMethodAccessorImpl.invoke(DelegatingMethodAccessorImpl.java:43)
 at java.lang.reflect.Method.invoke(Method.java:606)
 at org.junit.runners.model.FrameworkMethod$1.runReflectiveCall(FrameworkMethod.java:47)
 at org.junit.internal.runners.model.ReflectiveCallable.run(ReflectiveCallable.java:12)
 at org.junit.runners.model.FrameworkMethod.invokeExplosively(FrameworkMethod.java:44)
 at org.junit.internal.runners.statements.InvokeMethod.evaluate(InvokeMethod.java:17)
 at org.junit.internal.runners.statements.RunBefores.evaluate(RunBefores.java:26)
 at org.junit.internal.runners.statements.RunAfters.evaluate(RunAfters.java:27)
 at org.junit.rules.TestWatcher$1.evaluate(TestWatcher.java:55)
 at org.junit.rules.RunRules.evaluate(RunRules.java:20)
 at org.junit.runners.ParentRunner.runLeaf(ParentRunner.java:271)
 at org.junit.runners.BlockJUnit4ClassRunner.runChild(BlockJUnit4ClassRunner.java:70)
 at org.junit.runners.BlockJUnit4ClassRunner.runChild(BlockJUnit4ClassRunner.java:50)
 at org.junit.runners.ParentRunner$3.run(ParentRunner.java:238)
 at org.junit.runners.ParentRunner$1.schedule(ParentRunner.java:63)
 at org.junit.runners.ParentRunner.runChildren(ParentRunner.java:236)
 at org.junit.runners.ParentRunner.access$000(ParentRunner.java:53)
 at org.junit.runners.ParentRunner$2.evaluate(ParentRunner.java:229)
 at org.junit.runners.ParentRunner.run(ParentRunner.java:309)
 at org.junit.runners.Suite.runChild(Suite.java:127)
 at org.junit.runners.Suite.runChild(Suite.java:26)
 at org.junit.runners.ParentRunner$3.run(ParentRunner.java:238)
 at org.junit.runners.ParentRunner$1.schedule(ParentRunner.java:63)
 at org.junit.runners.ParentRunner.runChildren(ParentRunner.java:236)
 at org.junit.runners.ParentRunner.access$000(ParentRunner.java:53)
 at org.junit.runners.ParentRunner$2.evaluate(ParentRunner.java:229)
 at org.junit.runners.ParentRunner.run(ParentRunner.java:309)
 at org.apache.maven.surefire.junit4.JUnit4Provider.execute(JUnit4Provider.java:264)
 at org.apache.maven.surefire.junit4.JUnit4Provider.executeTestSet(JUnit4Provider.java:153)
 at org.apache.maven.surefire.junit4.JUnit4Provider.invoke(JUnit4Provider.java:124)
 at org.apache.maven.surefire.booter.ForkedBooter.invokeProviderInSameClassLoader(ForkedBooter.java:200)
 at org.apache.maven.surefire.booter.ForkedBooter.runSuitesInProcess(ForkedBooter.java:153)
 at org.apache.maven.surefire.booter.ForkedBooter.main(ForkedBooter.java:103)
</td>
<td></td></tr>
<tr class="a">
<td></td>
<td>
<div id="com_p6spy_engine_spy_P6TestPreparedStatement_testExecuteDelayed[4: SQLite]error" style="display:none;">
<div>
<pre>java.lang.AssertionError: [SQLITE_ERROR] SQL error or missing database (near &quot;(&quot;: syntax error) due to error:java.sql.SQLException: [SQLITE_ERROR] SQL error or missing database (near &quot;(&quot;: syntax error)at org.sqlite.DB.newSQLException(DB.java:383)at org.sqlite.DB.newSQLException(DB.java:387)at org.sqlite.DB.throwex(DB.java:374)at org.sqlite.NativeDB.prepare(Native Method)at org.sqlite.DB.prepare(DB.java:123)at org.sqlite.PrepStmt.&lt;init&gt;(PrepStmt.java:42)at org.sqlite.Conn.prepareStatement(Conn.java:404)at org.sqlite.Conn.prepareStatement(Conn.java:399)at org.sqlite.Conn.prepareStatement(Conn.java:383)at sun.reflect.GeneratedMethodAccessor343.invoke(Unknown Source)at sun.reflect.DelegatingMethodAccessorImpl.invoke(DelegatingMethodAccessorImpl.java:43)at java.lang.reflect.Method.invoke(Method.java:606)at com.p6spy.engine.logging.P6LogConnectionPrepareStatementDelegate.invoke(P6LogConnectionPrepareStatementDelegate.java:38)at com.p6spy.engine.proxy.GenericInvocationHandler.invoke(GenericInvocationHandler.java:116)at org.p6spy.com.p6spy.engine.proxy.P6Proxy$$EnhancerByCGLIB$$2861afce.prepareStatement(&lt;generated&gt;)at com.p6spy.engine.spy.P6TestPreparedStatement.getPreparedStatement(P6TestPreparedStatement.java:301)at com.p6spy.engine.spy.P6TestPreparedStatement.testExecuteDelayed(P6TestPreparedStatement.java:104)at sun.reflect.NativeMethodAccessorImpl.invoke0(Native Method)at sun.reflect.NativeMethodAccessorImpl.invoke(NativeMethodAccessorImpl.java:57)at sun.reflect.DelegatingMethodAccessorImpl.invoke(DelegatingMethodAccessorImpl.java:43)at java.lang.reflect.Method.invoke(Method.java:606)at org.junit.runners.model.FrameworkMethod$1.runReflectiveCall(FrameworkMethod.java:47)at org.junit.internal.runners.model.ReflectiveCallable.run(ReflectiveCallable.java:12)at org.junit.runners.model.FrameworkMethod.invokeExplosively(FrameworkMethod.java:44)at org.junit.internal.runners.statements.InvokeMethod.evaluate(InvokeMethod.java:17)at org.junit.internal.runners.statements.RunBefores.evaluate(RunBefores.java:26)at org.junit.internal.runners.statements.RunAfters.evaluate(RunAfters.java:27)at org.junit.rules.TestWatcher$1.evaluate(TestWatcher.java:55)at org.junit.rules.RunRules.evaluate(RunRules.java:20)at org.junit.runners.ParentRunner.runLeaf(ParentRunner.java:271)at org.junit.runners.BlockJUnit4ClassRunner.runChild(BlockJUnit4ClassRunner.java:70)at org.junit.runners.BlockJUnit4ClassRunner.runChild(BlockJUnit4ClassRunner.java:50)at org.junit.runners.ParentRunner$3.run(ParentRunner.java:238)at org.junit.runners.ParentRunner$1.schedule(ParentRunner.java:63)at org.junit.runners.ParentRunner.runChildren(ParentRunner.java:236)at org.junit.runners.ParentRunner.access$000(ParentRunner.java:53)at org.junit.runners.ParentRunner$2.evaluate(ParentRunner.java:229)at org.junit.runners.ParentRunner.run(ParentRunner.java:309)at org.junit.runners.Suite.runChild(Suite.java:127)at org.junit.runners.Suite.runChild(Suite.java:26)at org.junit.runners.ParentRunner$3.run(ParentRunner.java:238)at org.junit.runners.ParentRunner$1.schedule(ParentRunner.java:63)at org.junit.runners.ParentRunner.runChildren(ParentRunner.java:236)at org.junit.runners.ParentRunner.access$000(ParentRunner.java:53)at org.junit.runners.ParentRunner$2.evaluate(ParentRunner.java:229)at org.junit.runners.ParentRunner.run(ParentRunner.java:309)at org.apache.maven.surefire.junit4.JUnit4Provider.execute(JUnit4Provider.java:264)at org.apache.maven.surefire.junit4.JUnit4Provider.executeTestSet(JUnit4Provider.java:153)at org.apache.maven.surefire.junit4.JUnit4Provider.invoke(JUnit4Provider.java:124)at org.apache.maven.surefire.booter.ForkedBooter.invokeProviderInSameClassLoader(ForkedBooter.java:200)at org.apache.maven.surefire.booter.ForkedBooter.runSuitesInProcess(ForkedBooter.java:153)at org.apache.maven.surefire.booter.ForkedBooter.main(ForkedBooter.java:103)at org.junit.Assert.fail(Assert.java:88)at com.p6spy.engine.spy.P6TestPreparedStatement.testExecuteDelayed(P6TestPreparedStatement.java:114)</pre></div></div></td>
<td></td></tr>
<tr class="b">
<td><img src="images/icon_success_sml.gif" alt="" /></td>
<td>testExecuteQuery[4: SQLite]</td>
<td>0.044</td></tr>
<tr class="a">
<td><img src="images/icon_success_sml.gif" alt="" /></td>
<td>testCallingSetMethodsOnStatementInterface[4: SQLite]</td>
<td>0.041</td></tr>
<tr class="b">
<td><img src="images/icon_success_sml.gif" alt="" /></td>
<td>testAddToDate[4: SQLite]</td>
<td>0.044</td></tr>
<tr class="a">
<td><img src="images/icon_success_sml.gif" alt="" /></td>
<td>testExecuteUpdate[5: Firebird]</td>
<td>0.174</td></tr>
<tr class="b">
<td><img src="images/icon_success_sml.gif" alt="" /></td>
<td>testSameColumnNameInMultipleTables[5: Firebird]</td>
<td>0.171</td></tr>
<tr class="a">
<td><a href="#com.p6spy.engine.spy.P6TestPreparedStatement.testExecuteDelayed[5: Firebird]"><img src="images/icon_error_sml.gif" alt="" /></a></td>
<td><a href="#com.p6spy.engine.spy.P6TestPreparedStatement.testExecuteDelayed[5: Firebird]">testExecuteDelayed[5: Firebird]</a>
<div class="detailToggle" style="display:inline"><a href="javascript:toggleDisplay(&apos;com_p6spy_engine_spy_P6TestPreparedStatement_testExecuteDelayed[5: Firebird]&apos;);"><span style="display:inline;" id="com_p6spy_engine_spy_P6TestPreparedStatement_testExecuteDelayed[5: Firebird]off"> + </span><span style="display:none;" id="com_p6spy_engine_spy_P6TestPreparedStatement_testExecuteDelayed[5: Firebird]on"> - </span>[ Detail ]</a></div></td>
<td>15.184</td></tr>
<tr class="b">
<td></td>
<td>GDS Exception. 335544569. Dynamic SQL Error
SQL error code = -204
Procedure unknown
SYSTEM_RANGE
At line 1, column 15 due to error:
org.firebirdsql.jdbc.FBSQLException: GDS Exception. 335544569. Dynamic SQL Error
SQL error code = -204
Procedure unknown
SYSTEM_RANGE
At line 1, column 15
 at org.firebirdsql.jdbc.AbstractPreparedStatement.&lt;init&gt;(AbstractPreparedStatement.java:141)
 at org.firebirdsql.jdbc.FBPreparedStatement.&lt;init&gt;(FBPreparedStatement.java:45)
 at sun.reflect.GeneratedConstructorAccessor74.newInstance(Unknown Source)
 at sun.reflect.DelegatingConstructorAccessorImpl.newInstance(DelegatingConstructorAccessorImpl.java:45)
 at java.lang.reflect.Constructor.newInstance(Constructor.java:526)
 at org.firebirdsql.jdbc.FBStatementFactory.createPreparedStatement(FBStatementFactory.java:89)
 at org.firebirdsql.jdbc.AbstractConnection.prepareStatement(AbstractConnection.java:1187)
 at org.firebirdsql.jdbc.AbstractConnection.prepareStatement(AbstractConnection.java:942)
 at org.firebirdsql.jdbc.AbstractConnection.prepareStatement(AbstractConnection.java:896)
 at org.firebirdsql.jdbc.AbstractConnection.prepareStatement(AbstractConnection.java:324)
 at sun.reflect.GeneratedMethodAccessor343.invoke(Unknown Source)
 at sun.reflect.DelegatingMethodAccessorImpl.invoke(DelegatingMethodAccessorImpl.java:43)
 at java.lang.reflect.Method.invoke(Method.java:606)
 at com.p6spy.engine.logging.P6LogConnectionPrepareStatementDelegate.invoke(P6LogConnectionPrepareStatementDelegate.java:38)
 at com.p6spy.engine.proxy.GenericInvocationHandler.invoke(GenericInvocationHandler.java:116)
 at org.p6spy.org.firebirdsql.jdbc.FirebirdConnection$$EnhancerByCGLIB$$e5a52e91.prepareStatement(&lt;generated&gt;)
 at com.p6spy.engine.spy.P6TestPreparedStatement.getPreparedStatement(P6TestPreparedStatement.java:301)
 at com.p6spy.engine.spy.P6TestPreparedStatement.testExecuteDelayed(P6TestPreparedStatement.java:104)
 at sun.reflect.NativeMethodAccessorImpl.invoke0(Native Method)
 at sun.reflect.NativeMethodAccessorImpl.invoke(NativeMethodAccessorImpl.java:57)
 at sun.reflect.DelegatingMethodAccessorImpl.invoke(DelegatingMethodAccessorImpl.java:43)
 at java.lang.reflect.Method.invoke(Method.java:606)
 at org.junit.runners.model.FrameworkMethod$1.runReflectiveCall(FrameworkMethod.java:47)
 at org.junit.internal.runners.model.ReflectiveCallable.run(ReflectiveCallable.java:12)
 at org.junit.runners.model.FrameworkMethod.invokeExplosively(FrameworkMethod.java:44)
 at org.junit.internal.runners.statements.InvokeMethod.evaluate(InvokeMethod.java:17)
 at org.junit.internal.runners.statements.RunBefores.evaluate(RunBefores.java:26)
 at org.junit.internal.runners.statements.RunAfters.evaluate(RunAfters.java:27)
 at org.junit.rules.TestWatcher$1.evaluate(TestWatcher.java:55)
 at org.junit.rules.RunRules.evaluate(RunRules.java:20)
 at org.junit.runners.ParentRunner.runLeaf(ParentRunner.java:271)
 at org.junit.runners.BlockJUnit4ClassRunner.runChild(BlockJUnit4ClassRunner.java:70)
 at org.junit.runners.BlockJUnit4ClassRunner.runChild(BlockJUnit4ClassRunner.java:50)
 at org.junit.runners.ParentRunner$3.run(ParentRunner.java:238)
 at org.junit.runners.ParentRunner$1.schedule(ParentRunner.java:63)
 at org.junit.runners.ParentRunner.runChildren(ParentRunner.java:236)
 at org.junit.runners.ParentRunner.access$000(ParentRunner.java:53)
 at org.junit.runners.ParentRunner$2.evaluate(ParentRunner.java:229)
 at org.junit.runners.ParentRunner.run(ParentRunner.java:309)
 at org.junit.runners.Suite.runChild(Suite.java:127)
 at org.junit.runners.Suite.runChild(Suite.java:26)
 at org.junit.runners.ParentRunner$3.run(ParentRunner.java:238)
 at org.junit.runners.ParentRunner$1.schedule(ParentRunner.java:63)
 at org.junit.runners.ParentRunner.runChildren(ParentRunner.java:236)
 at org.junit.runners.ParentRunner.access$000(ParentRunner.java:53)
 at org.junit.runners.ParentRunner$2.evaluate(ParentRunner.java:229)
 at org.junit.runners.ParentRunner.run(ParentRunner.java:309)
 at org.apache.maven.surefire.junit4.JUnit4Provider.execute(JUnit4Provider.java:264)
 at org.apache.maven.surefire.junit4.JUnit4Provider.executeTestSet(JUnit4Provider.java:153)
 at org.apache.maven.surefire.junit4.JUnit4Provider.invoke(JUnit4Provider.java:124)
 at org.apache.maven.surefire.booter.ForkedBooter.invokeProviderInSameClassLoader(ForkedBooter.java:200)
 at org.apache.maven.surefire.booter.ForkedBooter.runSuitesInProcess(ForkedBooter.java:153)
 at org.apache.maven.surefire.booter.ForkedBooter.main(ForkedBooter.java:103)
Caused by: org.firebirdsql.gds.GDSException: Dynamic SQL Error
SQL error code = -204
Procedure unknown
SYSTEM_RANGE
At line 1, column 15
 at org.firebirdsql.gds.impl.wire.AbstractJavaGDSImpl.readStatusVector(AbstractJavaGDSImpl.java:2214)
 at org.firebirdsql.gds.impl.wire.AbstractJavaGDSImpl.receiveResponse(AbstractJavaGDSImpl.java:2164)
 at org.firebirdsql.gds.impl.wire.AbstractJavaGDSImpl.iscDsqlPrepare(AbstractJavaGDSImpl.java:1551)
 at org.firebirdsql.gds.impl.GDSHelper.prepareStatement(GDSHelper.java:190)
 at org.firebirdsql.jdbc.AbstractStatement.prepareFixedStatement(AbstractStatement.java:1441)
 at org.firebirdsql.jdbc.AbstractPreparedStatement.prepareFixedStatement(AbstractPreparedStatement.java:1282)
 at org.firebirdsql.jdbc.AbstractPreparedStatement.&lt;init&gt;(AbstractPreparedStatement.java:138)
 ... 52 more
</td>
<td></td></tr>
<tr class="a">
<td></td>
<td>
<div id="com_p6spy_engine_spy_P6TestPreparedStatement_testExecuteDelayed[5: Firebird]error" style="display:none;">
<div>
<pre>java.lang.AssertionError: GDS Exception. 335544569. Dynamic SQL ErrorSQL error code = -204Procedure unknownSYSTEM_RANGEAt line 1, column 15 due to error:org.firebirdsql.jdbc.FBSQLException: GDS Exception. 335544569. Dynamic SQL ErrorSQL error code = -204Procedure unknownSYSTEM_RANGEAt line 1, column 15at org.firebirdsql.jdbc.AbstractPreparedStatement.&lt;init&gt;(AbstractPreparedStatement.java:141)at org.firebirdsql.jdbc.FBPreparedStatement.&lt;init&gt;(FBPreparedStatement.java:45)at sun.reflect.GeneratedConstructorAccessor74.newInstance(Unknown Source)at sun.reflect.DelegatingConstructorAccessorImpl.newInstance(DelegatingConstructorAccessorImpl.java:45)at java.lang.reflect.Constructor.newInstance(Constructor.java:526)at org.firebirdsql.jdbc.FBStatementFactory.createPreparedStatement(FBStatementFactory.java:89)at org.firebirdsql.jdbc.AbstractConnection.prepareStatement(AbstractConnection.java:1187)at org.firebirdsql.jdbc.AbstractConnection.prepareStatement(AbstractConnection.java:942)at org.firebirdsql.jdbc.AbstractConnection.prepareStatement(AbstractConnection.java:896)at org.firebirdsql.jdbc.AbstractConnection.prepareStatement(AbstractConnection.java:324)at sun.reflect.GeneratedMethodAccessor343.invoke(Unknown Source)at sun.reflect.DelegatingMethodAccessorImpl.invoke(DelegatingMethodAccessorImpl.java:43)at java.lang.reflect.Method.invoke(Method.java:606)at com.p6spy.engine.logging.P6LogConnectionPrepareStatementDelegate.invoke(P6LogConnectionPrepareStatementDelegate.java:38)at com.p6spy.engine.proxy.GenericInvocationHandler.invoke(GenericInvocationHandler.java:116)at org.p6spy.org.firebirdsql.jdbc.FirebirdConnection$$EnhancerByCGLIB$$e5a52e91.prepareStatement(&lt;generated&gt;)at com.p6spy.engine.spy.P6TestPreparedStatement.getPreparedStatement(P6TestPreparedStatement.java:301)at com.p6spy.engine.spy.P6TestPreparedStatement.testExecuteDelayed(P6TestPreparedStatement.java:104)at sun.reflect.NativeMethodAccessorImpl.invoke0(Native Method)at sun.reflect.NativeMethodAccessorImpl.invoke(NativeMethodAccessorImpl.java:57)at sun.reflect.DelegatingMethodAccessorImpl.invoke(DelegatingMethodAccessorImpl.java:43)at java.lang.reflect.Method.invoke(Method.java:606)at org.junit.runners.model.FrameworkMethod$1.runReflectiveCall(FrameworkMethod.java:47)at org.junit.internal.runners.model.ReflectiveCallable.run(ReflectiveCallable.java:12)at org.junit.runners.model.FrameworkMethod.invokeExplosively(FrameworkMethod.java:44)at org.junit.internal.runners.statements.InvokeMethod.evaluate(InvokeMethod.java:17)at org.junit.internal.runners.statements.RunBefores.evaluate(RunBefores.java:26)at org.junit.internal.runners.statements.RunAfters.evaluate(RunAfters.java:27)at org.junit.rules.TestWatcher$1.evaluate(TestWatcher.java:55)at org.junit.rules.RunRules.evaluate(RunRules.java:20)at org.junit.runners.ParentRunner.runLeaf(ParentRunner.java:271)at org.junit.runners.BlockJUnit4ClassRunner.runChild(BlockJUnit4ClassRunner.java:70)at org.junit.runners.BlockJUnit4ClassRunner.runChild(BlockJUnit4ClassRunner.java:50)at org.junit.runners.ParentRunner$3.run(ParentRunner.java:238)at org.junit.runners.ParentRunner$1.schedule(ParentRunner.java:63)at org.junit.runners.ParentRunner.runChildren(ParentRunner.java:236)at org.junit.runners.ParentRunner.access$000(ParentRunner.java:53)at org.junit.runners.ParentRunner$2.evaluate(ParentRunner.java:229)at org.junit.runners.ParentRunner.run(ParentRunner.java:309)at org.junit.runners.Suite.runChild(Suite.java:127)at org.junit.runners.Suite.runChild(Suite.java:26)at org.junit.runners.ParentRunner$3.run(ParentRunner.java:238)at org.junit.runners.ParentRunner$1.schedule(ParentRunner.java:63)at org.junit.runners.ParentRunner.runChildren(ParentRunner.java:236)at org.junit.runners.ParentRunner.access$000(ParentRunner.java:53)at org.junit.runners.ParentRunner$2.evaluate(ParentRunner.java:229)at org.junit.runners.ParentRunner.run(ParentRunner.java:309)at org.apache.maven.surefire.junit4.JUnit4Provider.execute(JUnit4Provider.java:264)at org.apache.maven.surefire.junit4.JUnit4Provider.executeTestSet(JUnit4Provider.java:153)at org.apache.maven.surefire.junit4.JUnit4Provider.invoke(JUnit4Provider.java:124)at org.apache.maven.surefire.booter.ForkedBooter.invokeProviderInSameClassLoader(ForkedBooter.java:200)at org.apache.maven.surefire.booter.ForkedBooter.runSuitesInProcess(ForkedBooter.java:153)at org.apache.maven.surefire.booter.ForkedBooter.main(ForkedBooter.java:103)Caused by: org.firebirdsql.gds.GDSException: Dynamic SQL ErrorSQL error code = -204Procedure unknownSYSTEM_RANGEAt line 1, column 15at org.firebirdsql.gds.impl.wire.AbstractJavaGDSImpl.readStatusVector(AbstractJavaGDSImpl.java:2214)at org.firebirdsql.gds.impl.wire.AbstractJavaGDSImpl.receiveResponse(AbstractJavaGDSImpl.java:2164)at org.firebirdsql.gds.impl.wire.AbstractJavaGDSImpl.iscDsqlPrepare(AbstractJavaGDSImpl.java:1551)at org.firebirdsql.gds.impl.GDSHelper.prepareStatement(GDSHelper.java:190)at org.firebirdsql.jdbc.AbstractStatement.prepareFixedStatement(AbstractStatement.java:1441)at org.firebirdsql.jdbc.AbstractPreparedStatement.prepareFixedStatement(AbstractPreparedStatement.java:1282)at org.firebirdsql.jdbc.AbstractPreparedStatement.&lt;init&gt;(AbstractPreparedStatement.java:138)... 52 moreat org.junit.Assert.fail(Assert.java:88)at com.p6spy.engine.spy.P6TestPreparedStatement.testExecuteDelayed(P6TestPreparedStatement.java:114)</pre></div></div></td>
<td></td></tr>
<tr class="b">
<td><img src="images/icon_success_sml.gif" alt="" /></td>
<td>testExecuteQuery[5: Firebird]</td>
<td>0.192</td></tr>
<tr class="a">
<td><img src="images/icon_success_sml.gif" alt="" /></td>
<td>testCallingSetMethodsOnStatementInterface[5: Firebird]</td>
<td>0.173</td></tr>
<tr class="b">
<td><img src="images/icon_success_sml.gif" alt="" /></td>
<td>testAddToDate[5: Firebird]</td>
<td>0.17</td></tr>
<tr class="a">
<td><img src="images/icon_success_sml.gif" alt="" /></td>
<td>testExecuteUpdate[6: Derby]</td>
<td>0.378</td></tr>
<tr class="b">
<td><img src="images/icon_success_sml.gif" alt="" /></td>
<td>testSameColumnNameInMultipleTables[6: Derby]</td>
<td>0.36</td></tr>
<tr class="a">
<td><a href="#com.p6spy.engine.spy.P6TestPreparedStatement.testExecuteDelayed[6: Derby]"><img src="images/icon_error_sml.gif" alt="" /></a></td>
<td><a href="#com.p6spy.engine.spy.P6TestPreparedStatement.testExecuteDelayed[6: Derby]">testExecuteDelayed[6: Derby]</a>
<div class="detailToggle" style="display:inline"><a href="javascript:toggleDisplay(&apos;com_p6spy_engine_spy_P6TestPreparedStatement_testExecuteDelayed[6: Derby]&apos;);"><span style="display:inline;" id="com_p6spy_engine_spy_P6TestPreparedStatement_testExecuteDelayed[6: Derby]off"> + </span><span style="display:none;" id="com_p6spy_engine_spy_P6TestPreparedStatement_testExecuteDelayed[6: Derby]on"> - </span>[ Detail ]</a></div></td>
<td>15.371</td></tr>
<tr class="b">
<td></td>
<td>Syntax error: Encountered &quot;(&quot; at line 1, column 27. due to error:
java.sql.SQLSyntaxErrorException: Syntax error: Encountered &quot;(&quot; at line 1, column 27.
 at org.apache.derby.impl.jdbc.SQLExceptionFactory40.getSQLException(Unknown Source)
 at org.apache.derby.impl.jdbc.Util.generateCsSQLException(Unknown Source)
 at org.apache.derby.impl.jdbc.TransactionResourceImpl.wrapInSQLException(Unknown Source)
 at org.apache.derby.impl.jdbc.TransactionResourceImpl.handleException(Unknown Source)
 at org.apache.derby.impl.jdbc.EmbedConnection.handleException(Unknown Source)
 at org.apache.derby.impl.jdbc.ConnectionChild.handleException(Unknown Source)
 at org.apache.derby.impl.jdbc.EmbedPreparedStatement.&lt;init&gt;(Unknown Source)
 at org.apache.derby.impl.jdbc.EmbedPreparedStatement20.&lt;init&gt;(Unknown Source)
 at org.apache.derby.impl.jdbc.EmbedPreparedStatement30.&lt;init&gt;(Unknown Source)
 at org.apache.derby.impl.jdbc.EmbedPreparedStatement40.&lt;init&gt;(Unknown Source)
 at org.apache.derby.jdbc.Driver40.newEmbedPreparedStatement(Unknown Source)
 at org.apache.derby.impl.jdbc.EmbedConnection.prepareStatement(Unknown Source)
 at org.apache.derby.impl.jdbc.EmbedConnection.prepareStatement(Unknown Source)
 at sun.reflect.GeneratedMethodAccessor343.invoke(Unknown Source)
 at sun.reflect.DelegatingMethodAccessorImpl.invoke(DelegatingMethodAccessorImpl.java:43)
 at java.lang.reflect.Method.invoke(Method.java:606)
 at com.p6spy.engine.logging.P6LogConnectionPrepareStatementDelegate.invoke(P6LogConnectionPrepareStatementDelegate.java:38)
 at com.p6spy.engine.proxy.GenericInvocationHandler.invoke(GenericInvocationHandler.java:116)
 at org.p6spy.org.apache.derby.iapi.jdbc.EngineConnection40$$EnhancerByCGLIB$$d9499578.prepareStatement(&lt;generated&gt;)
 at com.p6spy.engine.spy.P6TestPreparedStatement.getPreparedStatement(P6TestPreparedStatement.java:301)
 at com.p6spy.engine.spy.P6TestPreparedStatement.testExecuteDelayed(P6TestPreparedStatement.java:104)
 at sun.reflect.NativeMethodAccessorImpl.invoke0(Native Method)
 at sun.reflect.NativeMethodAccessorImpl.invoke(NativeMethodAccessorImpl.java:57)
 at sun.reflect.DelegatingMethodAccessorImpl.invoke(DelegatingMethodAccessorImpl.java:43)
 at java.lang.reflect.Method.invoke(Method.java:606)
 at org.junit.runners.model.FrameworkMethod$1.runReflectiveCall(FrameworkMethod.java:47)
 at org.junit.internal.runners.model.ReflectiveCallable.run(ReflectiveCallable.java:12)
 at org.junit.runners.model.FrameworkMethod.invokeExplosively(FrameworkMethod.java:44)
 at org.junit.internal.runners.statements.InvokeMethod.evaluate(InvokeMethod.java:17)
 at org.junit.internal.runners.statements.RunBefores.evaluate(RunBefores.java:26)
 at org.junit.internal.runners.statements.RunAfters.evaluate(RunAfters.java:27)
 at org.junit.rules.TestWatcher$1.evaluate(TestWatcher.java:55)
 at org.junit.rules.RunRules.evaluate(RunRules.java:20)
 at org.junit.runners.ParentRunner.runLeaf(ParentRunner.java:271)
 at org.junit.runners.BlockJUnit4ClassRunner.runChild(BlockJUnit4ClassRunner.java:70)
 at org.junit.runners.BlockJUnit4ClassRunner.runChild(BlockJUnit4ClassRunner.java:50)
 at org.junit.runners.ParentRunner$3.run(ParentRunner.java:238)
 at org.junit.runners.ParentRunner$1.schedule(ParentRunner.java:63)
 at org.junit.runners.ParentRunner.runChildren(ParentRunner.java:236)
 at org.junit.runners.ParentRunner.access$000(ParentRunner.java:53)
 at org.junit.runners.ParentRunner$2.evaluate(ParentRunner.java:229)
 at org.junit.runners.ParentRunner.run(ParentRunner.java:309)
 at org.junit.runners.Suite.runChild(Suite.java:127)
 at org.junit.runners.Suite.runChild(Suite.java:26)
 at org.junit.runners.ParentRunner$3.run(ParentRunner.java:238)
 at org.junit.runners.ParentRunner$1.schedule(ParentRunner.java:63)
 at org.junit.runners.ParentRunner.runChildren(ParentRunner.java:236)
 at org.junit.runners.ParentRunner.access$000(ParentRunner.java:53)
 at org.junit.runners.ParentRunner$2.evaluate(ParentRunner.java:229)
 at org.junit.runners.ParentRunner.run(ParentRunner.java:309)
 at org.apache.maven.surefire.junit4.JUnit4Provider.execute(JUnit4Provider.java:264)
 at org.apache.maven.surefire.junit4.JUnit4Provider.executeTestSet(JUnit4Provider.java:153)
 at org.apache.maven.surefire.junit4.JUnit4Provider.invoke(JUnit4Provider.java:124)
 at org.apache.maven.surefire.booter.ForkedBooter.invokeProviderInSameClassLoader(ForkedBooter.java:200)
 at org.apache.maven.surefire.booter.ForkedBooter.runSuitesInProcess(ForkedBooter.java:153)
 at org.apache.maven.surefire.booter.ForkedBooter.main(ForkedBooter.java:103)
Caused by: java.sql.SQLException: Syntax error: Encountered &quot;(&quot; at line 1, column 27.
 at org.apache.derby.impl.jdbc.SQLExceptionFactory.getSQLException(Unknown Source)
 at org.apache.derby.impl.jdbc.SQLExceptionFactory40.wrapArgsForTransportAcrossDRDA(Unknown Source)
 ... 56 more
Caused by: ERROR 42X01: Syntax error: Encountered &quot;(&quot; at line 1, column 27.
 at org.apache.derby.iapi.error.StandardException.newException(Unknown Source)
 at org.apache.derby.impl.sql.compile.ParserImpl.parseStatement(Unknown Source)
 at org.apache.derby.impl.sql.GenericStatement.prepMinion(Unknown Source)
 at org.apache.derby.impl.sql.GenericStatement.prepare(Unknown Source)
 at org.apache.derby.impl.sql.conn.GenericLanguageConnectionContext.prepareInternalStatement(Unknown Source)
 ... 50 more
</td>
<td></td></tr>
<tr class="a">
<td></td>
<td>
<div id="com_p6spy_engine_spy_P6TestPreparedStatement_testExecuteDelayed[6: Derby]error" style="display:none;">
<div>
<pre>java.lang.AssertionError: Syntax error: Encountered &quot;(&quot; at line 1, column 27. due to error:java.sql.SQLSyntaxErrorException: Syntax error: Encountered &quot;(&quot; at line 1, column 27.at org.apache.derby.impl.jdbc.SQLExceptionFactory40.getSQLException(Unknown Source)at org.apache.derby.impl.jdbc.Util.generateCsSQLException(Unknown Source)at org.apache.derby.impl.jdbc.TransactionResourceImpl.wrapInSQLException(Unknown Source)at org.apache.derby.impl.jdbc.TransactionResourceImpl.handleException(Unknown Source)at org.apache.derby.impl.jdbc.EmbedConnection.handleException(Unknown Source)at org.apache.derby.impl.jdbc.ConnectionChild.handleException(Unknown Source)at org.apache.derby.impl.jdbc.EmbedPreparedStatement.&lt;init&gt;(Unknown Source)at org.apache.derby.impl.jdbc.EmbedPreparedStatement20.&lt;init&gt;(Unknown Source)at org.apache.derby.impl.jdbc.EmbedPreparedStatement30.&lt;init&gt;(Unknown Source)at org.apache.derby.impl.jdbc.EmbedPreparedStatement40.&lt;init&gt;(Unknown Source)at org.apache.derby.jdbc.Driver40.newEmbedPreparedStatement(Unknown Source)at org.apache.derby.impl.jdbc.EmbedConnection.prepareStatement(Unknown Source)at org.apache.derby.impl.jdbc.EmbedConnection.prepareStatement(Unknown Source)at sun.reflect.GeneratedMethodAccessor343.invoke(Unknown Source)at sun.reflect.DelegatingMethodAccessorImpl.invoke(DelegatingMethodAccessorImpl.java:43)at java.lang.reflect.Method.invoke(Method.java:606)at com.p6spy.engine.logging.P6LogConnectionPrepareStatementDelegate.invoke(P6LogConnectionPrepareStatementDelegate.java:38)at com.p6spy.engine.proxy.GenericInvocationHandler.invoke(GenericInvocationHandler.java:116)at org.p6spy.org.apache.derby.iapi.jdbc.EngineConnection40$$EnhancerByCGLIB$$d9499578.prepareStatement(&lt;generated&gt;)at com.p6spy.engine.spy.P6TestPreparedStatement.getPreparedStatement(P6TestPreparedStatement.java:301)at com.p6spy.engine.spy.P6TestPreparedStatement.testExecuteDelayed(P6TestPreparedStatement.java:104)at sun.reflect.NativeMethodAccessorImpl.invoke0(Native Method)at sun.reflect.NativeMethodAccessorImpl.invoke(NativeMethodAccessorImpl.java:57)at sun.reflect.DelegatingMethodAccessorImpl.invoke(DelegatingMethodAccessorImpl.java:43)at java.lang.reflect.Method.invoke(Method.java:606)at org.junit.runners.model.FrameworkMethod$1.runReflectiveCall(FrameworkMethod.java:47)at org.junit.internal.runners.model.ReflectiveCallable.run(ReflectiveCallable.java:12)at org.junit.runners.model.FrameworkMethod.invokeExplosively(FrameworkMethod.java:44)at org.junit.internal.runners.statements.InvokeMethod.evaluate(InvokeMethod.java:17)at org.junit.internal.runners.statements.RunBefores.evaluate(RunBefores.java:26)at org.junit.internal.runners.statements.RunAfters.evaluate(RunAfters.java:27)at org.junit.rules.TestWatcher$1.evaluate(TestWatcher.java:55)at org.junit.rules.RunRules.evaluate(RunRules.java:20)at org.junit.runners.ParentRunner.runLeaf(ParentRunner.java:271)at org.junit.runners.BlockJUnit4ClassRunner.runChild(BlockJUnit4ClassRunner.java:70)at org.junit.runners.BlockJUnit4ClassRunner.runChild(BlockJUnit4ClassRunner.java:50)at org.junit.runners.ParentRunner$3.run(ParentRunner.java:238)at org.junit.runners.ParentRunner$1.schedule(ParentRunner.java:63)at org.junit.runners.ParentRunner.runChildren(ParentRunner.java:236)at org.junit.runners.ParentRunner.access$000(ParentRunner.java:53)at org.junit.runners.ParentRunner$2.evaluate(ParentRunner.java:229)at org.junit.runners.ParentRunner.run(ParentRunner.java:309)at org.junit.runners.Suite.runChild(Suite.java:127)at org.junit.runners.Suite.runChild(Suite.java:26)at org.junit.runners.ParentRunner$3.run(ParentRunner.java:238)at org.junit.runners.ParentRunner$1.schedule(ParentRunner.java:63)at org.junit.runners.ParentRunner.runChildren(ParentRunner.java:236)at org.junit.runners.ParentRunner.access$000(ParentRunner.java:53)at org.junit.runners.ParentRunner$2.evaluate(ParentRunner.java:229)at org.junit.runners.ParentRunner.run(ParentRunner.java:309)at org.apache.maven.surefire.junit4.JUnit4Provider.execute(JUnit4Provider.java:264)at org.apache.maven.surefire.junit4.JUnit4Provider.executeTestSet(JUnit4Provider.java:153)at org.apache.maven.surefire.junit4.JUnit4Provider.invoke(JUnit4Provider.java:124)at org.apache.maven.surefire.booter.ForkedBooter.invokeProviderInSameClassLoader(ForkedBooter.java:200)at org.apache.maven.surefire.booter.ForkedBooter.runSuitesInProcess(ForkedBooter.java:153)at org.apache.maven.surefire.booter.ForkedBooter.main(ForkedBooter.java:103)Caused by: java.sql.SQLException: Syntax error: Encountered &quot;(&quot; at line 1, column 27.at org.apache.derby.impl.jdbc.SQLExceptionFactory.getSQLException(Unknown Source)at org.apache.derby.impl.jdbc.SQLExceptionFactory40.wrapArgsForTransportAcrossDRDA(Unknown Source)... 56 moreCaused by: ERROR 42X01: Syntax error: Encountered &quot;(&quot; at line 1, column 27.at org.apache.derby.iapi.error.StandardException.newException(Unknown Source)at org.apache.derby.impl.sql.compile.ParserImpl.parseStatement(Unknown Source)at org.apache.derby.impl.sql.GenericStatement.prepMinion(Unknown Source)at org.apache.derby.impl.sql.GenericStatement.prepare(Unknown Source)at org.apache.derby.impl.sql.conn.GenericLanguageConnectionContext.prepareInternalStatement(Unknown Source)... 50 moreat org.junit.Assert.fail(Assert.java:88)at com.p6spy.engine.spy.P6TestPreparedStatement.testExecuteDelayed(P6TestPreparedStatement.java:114)</pre></div></div></td>
<td></td></tr>
<tr class="b">
<td><img src="images/icon_success_sml.gif" alt="" /></td>
<td>testExecuteQuery[6: Derby]</td>
<td>0.334</td></tr>
<tr class="a">
<td><img src="images/icon_success_sml.gif" alt="" /></td>
<td>testCallingSetMethodsOnStatementInterface[6: Derby]</td>
<td>0.345</td></tr>
<tr class="b">
<td><img src="images/icon_success_sml.gif" alt="" /></td>
<td>testAddToDate[6: Derby]</td>
<td>0.314</td></tr>
<tr class="a">
<td><img src="images/icon_success_sml.gif" alt="" /></td>
<td>testExecuteUpdate[7: Oracle]</td>
<td>0.396</td></tr>
<tr class="b">
<td><img src="images/icon_success_sml.gif" alt="" /></td>
<td>testSameColumnNameInMultipleTables[7: Oracle]</td>
<td>0.343</td></tr>
<tr class="a">
<td><a href="#com.p6spy.engine.spy.P6TestPreparedStatement.testExecuteDelayed[7: Oracle]"><img src="images/icon_error_sml.gif" alt="" /></a></td>
<td><a href="#com.p6spy.engine.spy.P6TestPreparedStatement.testExecuteDelayed[7: Oracle]">testExecuteDelayed[7: Oracle]</a>
<div class="detailToggle" style="display:inline"><a href="javascript:toggleDisplay(&apos;com_p6spy_engine_spy_P6TestPreparedStatement_testExecuteDelayed[7: Oracle]&apos;);"><span style="display:inline;" id="com_p6spy_engine_spy_P6TestPreparedStatement_testExecuteDelayed[7: Oracle]off"> + </span><span style="display:none;" id="com_p6spy_engine_spy_P6TestPreparedStatement_testExecuteDelayed[7: Oracle]on"> - </span>[ Detail ]</a></div></td>
<td>20.369</td></tr>
<tr class="b">
<td></td>
<td>ORA-00933: SQL command not properly ended
 due to error:
java.sql.SQLSyntaxErrorException: ORA-00933: SQL command not properly ended

 at oracle.jdbc.driver.T4CTTIoer.processError(T4CTTIoer.java:447)
 at oracle.jdbc.driver.T4CTTIoer.processError(T4CTTIoer.java:396)
 at oracle.jdbc.driver.T4C8Oall.processError(T4C8Oall.java:951)
 at oracle.jdbc.driver.T4CTTIfun.receive(T4CTTIfun.java:513)
 at oracle.jdbc.driver.T4CTTIfun.doRPC(T4CTTIfun.java:227)
 at oracle.jdbc.driver.T4C8Oall.doOALL(T4C8Oall.java:531)
 at oracle.jdbc.driver.T4CPreparedStatement.doOall8(T4CPreparedStatement.java:208)
 at oracle.jdbc.driver.T4CPreparedStatement.executeForDescribe(T4CPreparedStatement.java:886)
 at oracle.jdbc.driver.OracleStatement.executeMaybeDescribe(OracleStatement.java:1175)
 at oracle.jdbc.driver.OracleStatement.doExecuteWithTimeout(OracleStatement.java:1296)
 at oracle.jdbc.driver.OraclePreparedStatement.executeInternal(OraclePreparedStatement.java:3613)
 at oracle.jdbc.driver.OraclePreparedStatement.executeQuery(OraclePreparedStatement.java:3657)
 at oracle.jdbc.driver.OraclePreparedStatementWrapper.executeQuery(OraclePreparedStatementWrapper.java:1495)
 at sun.reflect.GeneratedMethodAccessor345.invoke(Unknown Source)
 at sun.reflect.DelegatingMethodAccessorImpl.invoke(DelegatingMethodAccessorImpl.java:43)
 at java.lang.reflect.Method.invoke(Method.java:606)
 at com.p6spy.engine.logging.P6LogPreparedStatementExecuteDelegate.invoke(P6LogPreparedStatementExecuteDelegate.java:42)
 at com.p6spy.engine.proxy.GenericInvocationHandler.invoke(GenericInvocationHandler.java:116)
 at org.p6spy.oracle.jdbc.internal.OracleStatement$$EnhancerByCGLIB$$94012865.executeQuery(&lt;generated&gt;)
 at com.p6spy.engine.spy.P6TestPreparedStatement.testExecuteDelayed(P6TestPreparedStatement.java:108)
 at sun.reflect.NativeMethodAccessorImpl.invoke0(Native Method)
 at sun.reflect.NativeMethodAccessorImpl.invoke(NativeMethodAccessorImpl.java:57)
 at sun.reflect.DelegatingMethodAccessorImpl.invoke(DelegatingMethodAccessorImpl.java:43)
 at java.lang.reflect.Method.invoke(Method.java:606)
 at org.junit.runners.model.FrameworkMethod$1.runReflectiveCall(FrameworkMethod.java:47)
 at org.junit.internal.runners.model.ReflectiveCallable.run(ReflectiveCallable.java:12)
 at org.junit.runners.model.FrameworkMethod.invokeExplosively(FrameworkMethod.java:44)
 at org.junit.internal.runners.statements.InvokeMethod.evaluate(InvokeMethod.java:17)
 at org.junit.internal.runners.statements.RunBefores.evaluate(RunBefores.java:26)
 at org.junit.internal.runners.statements.RunAfters.evaluate(RunAfters.java:27)
 at org.junit.rules.TestWatcher$1.evaluate(TestWatcher.java:55)
 at org.junit.rules.RunRules.evaluate(RunRules.java:20)
 at org.junit.runners.ParentRunner.runLeaf(ParentRunner.java:271)
 at org.junit.runners.BlockJUnit4ClassRunner.runChild(BlockJUnit4ClassRunner.java:70)
 at org.junit.runners.BlockJUnit4ClassRunner.runChild(BlockJUnit4ClassRunner.java:50)
 at org.junit.runners.ParentRunner$3.run(ParentRunner.java:238)
 at org.junit.runners.ParentRunner$1.schedule(ParentRunner.java:63)
 at org.junit.runners.ParentRunner.runChildren(ParentRunner.java:236)
 at org.junit.runners.ParentRunner.access$000(ParentRunner.java:53)
 at org.junit.runners.ParentRunner$2.evaluate(ParentRunner.java:229)
 at org.junit.runners.ParentRunner.run(ParentRunner.java:309)
 at org.junit.runners.Suite.runChild(Suite.java:127)
 at org.junit.runners.Suite.runChild(Suite.java:26)
 at org.junit.runners.ParentRunner$3.run(ParentRunner.java:238)
 at org.junit.runners.ParentRunner$1.schedule(ParentRunner.java:63)
 at org.junit.runners.ParentRunner.runChildren(ParentRunner.java:236)
 at org.junit.runners.ParentRunner.access$000(ParentRunner.java:53)
 at org.junit.runners.ParentRunner$2.evaluate(ParentRunner.java:229)
 at org.junit.runners.ParentRunner.run(ParentRunner.java:309)
 at org.apache.maven.surefire.junit4.JUnit4Provider.execute(JUnit4Provider.java:264)
 at org.apache.maven.surefire.junit4.JUnit4Provider.executeTestSet(JUnit4Provider.java:153)
 at org.apache.maven.surefire.junit4.JUnit4Provider.invoke(JUnit4Provider.java:124)
 at org.apache.maven.surefire.booter.ForkedBooter.invokeProviderInSameClassLoader(ForkedBooter.java:200)
 at org.apache.maven.surefire.booter.ForkedBooter.runSuitesInProcess(ForkedBooter.java:153)
 at org.apache.maven.surefire.booter.ForkedBooter.main(ForkedBooter.java:103)
</td>
<td></td></tr>
<tr class="a">
<td></td>
<td>
<div id="com_p6spy_engine_spy_P6TestPreparedStatement_testExecuteDelayed[7: Oracle]error" style="display:none;">
<div>
<pre>java.lang.AssertionError: ORA-00933: SQL command not properly endeddue to error:java.sql.SQLSyntaxErrorException: ORA-00933: SQL command not properly endedat oracle.jdbc.driver.T4CTTIoer.processError(T4CTTIoer.java:447)at oracle.jdbc.driver.T4CTTIoer.processError(T4CTTIoer.java:396)at oracle.jdbc.driver.T4C8Oall.processError(T4C8Oall.java:951)at oracle.jdbc.driver.T4CTTIfun.receive(T4CTTIfun.java:513)at oracle.jdbc.driver.T4CTTIfun.doRPC(T4CTTIfun.java:227)at oracle.jdbc.driver.T4C8Oall.doOALL(T4C8Oall.java:531)at oracle.jdbc.driver.T4CPreparedStatement.doOall8(T4CPreparedStatement.java:208)at oracle.jdbc.driver.T4CPreparedStatement.executeForDescribe(T4CPreparedStatement.java:886)at oracle.jdbc.driver.OracleStatement.executeMaybeDescribe(OracleStatement.java:1175)at oracle.jdbc.driver.OracleStatement.doExecuteWithTimeout(OracleStatement.java:1296)at oracle.jdbc.driver.OraclePreparedStatement.executeInternal(OraclePreparedStatement.java:3613)at oracle.jdbc.driver.OraclePreparedStatement.executeQuery(OraclePreparedStatement.java:3657)at oracle.jdbc.driver.OraclePreparedStatementWrapper.executeQuery(OraclePreparedStatementWrapper.java:1495)at sun.reflect.GeneratedMethodAccessor345.invoke(Unknown Source)at sun.reflect.DelegatingMethodAccessorImpl.invoke(DelegatingMethodAccessorImpl.java:43)at java.lang.reflect.Method.invoke(Method.java:606)at com.p6spy.engine.logging.P6LogPreparedStatementExecuteDelegate.invoke(P6LogPreparedStatementExecuteDelegate.java:42)at com.p6spy.engine.proxy.GenericInvocationHandler.invoke(GenericInvocationHandler.java:116)at org.p6spy.oracle.jdbc.internal.OracleStatement$$EnhancerByCGLIB$$94012865.executeQuery(&lt;generated&gt;)at com.p6spy.engine.spy.P6TestPreparedStatement.testExecuteDelayed(P6TestPreparedStatement.java:108)at sun.reflect.NativeMethodAccessorImpl.invoke0(Native Method)at sun.reflect.NativeMethodAccessorImpl.invoke(NativeMethodAccessorImpl.java:57)at sun.reflect.DelegatingMethodAccessorImpl.invoke(DelegatingMethodAccessorImpl.java:43)at java.lang.reflect.Method.invoke(Method.java:606)at org.junit.runners.model.FrameworkMethod$1.runReflectiveCall(FrameworkMethod.java:47)at org.junit.internal.runners.model.ReflectiveCallable.run(ReflectiveCallable.java:12)at org.junit.runners.model.FrameworkMethod.invokeExplosively(FrameworkMethod.java:44)at org.junit.internal.runners.statements.InvokeMethod.evaluate(InvokeMethod.java:17)at org.junit.internal.runners.statements.RunBefores.evaluate(RunBefores.java:26)at org.junit.internal.runners.statements.RunAfters.evaluate(RunAfters.java:27)at org.junit.rules.TestWatcher$1.evaluate(TestWatcher.java:55)at org.junit.rules.RunRules.evaluate(RunRules.java:20)at org.junit.runners.ParentRunner.runLeaf(ParentRunner.java:271)at org.junit.runners.BlockJUnit4ClassRunner.runChild(BlockJUnit4ClassRunner.java:70)at org.junit.runners.BlockJUnit4ClassRunner.runChild(BlockJUnit4ClassRunner.java:50)at org.junit.runners.ParentRunner$3.run(ParentRunner.java:238)at org.junit.runners.ParentRunner$1.schedule(ParentRunner.java:63)at org.junit.runners.ParentRunner.runChildren(ParentRunner.java:236)at org.junit.runners.ParentRunner.access$000(ParentRunner.java:53)at org.junit.runners.ParentRunner$2.evaluate(ParentRunner.java:229)at org.junit.runners.ParentRunner.run(ParentRunner.java:309)at org.junit.runners.Suite.runChild(Suite.java:127)at org.junit.runners.Suite.runChild(Suite.java:26)at org.junit.runners.ParentRunner$3.run(ParentRunner.java:238)at org.junit.runners.ParentRunner$1.schedule(ParentRunner.java:63)at org.junit.runners.ParentRunner.runChildren(ParentRunner.java:236)at org.junit.runners.ParentRunner.access$000(ParentRunner.java:53)at org.junit.runners.ParentRunner$2.evaluate(ParentRunner.java:229)at org.junit.runners.ParentRunner.run(ParentRunner.java:309)at org.apache.maven.surefire.junit4.JUnit4Provider.execute(JUnit4Provider.java:264)at org.apache.maven.surefire.junit4.JUnit4Provider.executeTestSet(JUnit4Provider.java:153)at org.apache.maven.surefire.junit4.JUnit4Provider.invoke(JUnit4Provider.java:124)at org.apache.maven.surefire.booter.ForkedBooter.invokeProviderInSameClassLoader(ForkedBooter.java:200)at org.apache.maven.surefire.booter.ForkedBooter.runSuitesInProcess(ForkedBooter.java:153)at org.apache.maven.surefire.booter.ForkedBooter.main(ForkedBooter.java:103)at org.junit.Assert.fail(Assert.java:88)at com.p6spy.engine.spy.P6TestPreparedStatement.testExecuteDelayed(P6TestPreparedStatement.java:114)</pre></div></div></td>
<td></td></tr>
<tr class="b">
<td><img src="images/icon_success_sml.gif" alt="" /></td>
<td>testExecuteQuery[7: Oracle]</td>
<td>0.312</td></tr>
<tr class="a">
<td><img src="images/icon_success_sml.gif" alt="" /></td>
<td>testCallingSetMethodsOnStatementInterface[7: Oracle]</td>
<td>0.313</td></tr>
<tr class="b">
<td><img src="images/icon_success_sml.gif" alt="" /></td>
<td>testAddToDate[7: Oracle]</td>
<td>0.304</td></tr></table></div>
<div class="section">
<h3>P6TestCommon<a name="P6TestCommon"></a></h3><a name="com.p6spy.engine.spyP6TestCommon"></a>
<table border="1" class="bodyTable">
<tr class="a">
<td><img src="images/icon_success_sml.gif" alt="" /></td>
<td>testSqlExpressionPattern[0: PostgreSQL]</td>
<td>0.223</td></tr>
<tr class="b">
<td><img src="images/icon_success_sml.gif" alt="" /></td>
<td>testDisableLogModule[0: PostgreSQL]</td>
<td>0.203</td></tr>
<tr class="a">
<td><img src="images/icon_success_sml.gif" alt="" /></td>
<td>testAppenderReconfigurationTakesPlaceImediatelly[0: PostgreSQL]</td>
<td>0.202</td></tr>
<tr class="b">
<td><img src="images/icon_success_sml.gif" alt="" /></td>
<td>testIncludeExcludeRegexp[0: PostgreSQL]</td>
<td>0.201</td></tr>
<tr class="a">
<td><img src="images/icon_success_sml.gif" alt="" /></td>
<td>testMessageFormatStrategies[0: PostgreSQL]</td>
<td>0.205</td></tr>
<tr class="b">
<td><img src="images/icon_success_sml.gif" alt="" /></td>
<td>testExcludeThisTableShouldLogResultSet[0: PostgreSQL]</td>
<td>0.199</td></tr>
<tr class="a">
<td><img src="images/icon_success_sml.gif" alt="" /></td>
<td>testIncludeExcludeWithSqlExpressionPattern[0: PostgreSQL]</td>
<td>0.2</td></tr>
<tr class="b">
<td><img src="images/icon_success_sml.gif" alt="" /></td>
<td>testCategories[0: PostgreSQL]</td>
<td>0.199</td></tr>
<tr class="a">
<td><img src="images/icon_success_sml.gif" alt="" /></td>
<td>testIncludeOtherTableShouldLogResultSet[0: PostgreSQL]</td>
<td>0.201</td></tr>
<tr class="b">
<td><img src="images/icon_success_sml.gif" alt="" /></td>
<td>testIncludeExclude[0: PostgreSQL]</td>
<td>0.195</td></tr>
<tr class="a">
<td><img src="images/icon_success_sml.gif" alt="" /></td>
<td>testStacktrace[0: PostgreSQL]</td>
<td>0.2</td></tr>
<tr class="b">
<td><img src="images/icon_success_sml.gif" alt="" /></td>
<td>testSqlExpressionPattern[1: MySQL]</td>
<td>0.104</td></tr>
<tr class="a">
<td><img src="images/icon_success_sml.gif" alt="" /></td>
<td>testDisableLogModule[1: MySQL]</td>
<td>0.104</td></tr>
<tr class="b">
<td><img src="images/icon_success_sml.gif" alt="" /></td>
<td>testAppenderReconfigurationTakesPlaceImediatelly[1: MySQL]</td>
<td>0.097</td></tr>
<tr class="a">
<td><img src="images/icon_success_sml.gif" alt="" /></td>
<td>testIncludeExcludeRegexp[1: MySQL]</td>
<td>0.099</td></tr>
<tr class="b">
<td><img src="images/icon_success_sml.gif" alt="" /></td>
<td>testMessageFormatStrategies[1: MySQL]</td>
<td>0.093</td></tr>
<tr class="a">
<td><img src="images/icon_success_sml.gif" alt="" /></td>
<td>testExcludeThisTableShouldLogResultSet[1: MySQL]</td>
<td>0.091</td></tr>
<tr class="b">
<td><img src="images/icon_success_sml.gif" alt="" /></td>
<td>testIncludeExcludeWithSqlExpressionPattern[1: MySQL]</td>
<td>0.095</td></tr>
<tr class="a">
<td><img src="images/icon_success_sml.gif" alt="" /></td>
<td>testCategories[1: MySQL]</td>
<td>0.096</td></tr>
<tr class="b">
<td><img src="images/icon_success_sml.gif" alt="" /></td>
<td>testIncludeOtherTableShouldLogResultSet[1: MySQL]</td>
<td>0.089</td></tr>
<tr class="a">
<td><img src="images/icon_success_sml.gif" alt="" /></td>
<td>testIncludeExclude[1: MySQL]</td>
<td>0.093</td></tr>
<tr class="b">
<td><img src="images/icon_success_sml.gif" alt="" /></td>
<td>testStacktrace[1: MySQL]</td>
<td>0.103</td></tr>
<tr class="a">
<td><img src="images/icon_success_sml.gif" alt="" /></td>
<td>testSqlExpressionPattern[2: H2]</td>
<td>0.127</td></tr>
<tr class="b">
<td><img src="images/icon_success_sml.gif" alt="" /></td>
<td>testDisableLogModule[2: H2]</td>
<td>0.124</td></tr>
<tr class="a">
<td><img src="images/icon_success_sml.gif" alt="" /></td>
<td>testAppenderReconfigurationTakesPlaceImediatelly[2: H2]</td>
<td>0.57</td></tr>
<tr class="b">
<td><img src="images/icon_success_sml.gif" alt="" /></td>
<td>testIncludeExcludeRegexp[2: H2]</td>
<td>0.12</td></tr>
<tr class="a">
<td><img src="images/icon_success_sml.gif" alt="" /></td>
<td>testMessageFormatStrategies[2: H2]</td>
<td>0.118</td></tr>
<tr class="b">
<td><img src="images/icon_success_sml.gif" alt="" /></td>
<td>testExcludeThisTableShouldLogResultSet[2: H2]</td>
<td>0.115</td></tr>
<tr class="a">
<td><img src="images/icon_success_sml.gif" alt="" /></td>
<td>testIncludeExcludeWithSqlExpressionPattern[2: H2]</td>
<td>0.117</td></tr>
<tr class="b">
<td><img src="images/icon_success_sml.gif" alt="" /></td>
<td>testCategories[2: H2]</td>
<td>0.117</td></tr>
<tr class="a">
<td><img src="images/icon_success_sml.gif" alt="" /></td>
<td>testIncludeOtherTableShouldLogResultSet[2: H2]</td>
<td>0.117</td></tr>
<tr class="b">
<td><img src="images/icon_success_sml.gif" alt="" /></td>
<td>testIncludeExclude[2: H2]</td>
<td>0.117</td></tr>
<tr class="a">
<td><img src="images/icon_success_sml.gif" alt="" /></td>
<td>testStacktrace[2: H2]</td>
<td>0.125</td></tr>
<tr class="b">
<td><img src="images/icon_success_sml.gif" alt="" /></td>
<td>testSqlExpressionPattern[3: HSQLDB]</td>
<td>0.11</td></tr>
<tr class="a">
<td><img src="images/icon_success_sml.gif" alt="" /></td>
<td>testDisableLogModule[3: HSQLDB]</td>
<td>0.103</td></tr>
<tr class="b">
<td><img src="images/icon_success_sml.gif" alt="" /></td>
<td>testAppenderReconfigurationTakesPlaceImediatelly[3: HSQLDB]</td>
<td>0.098</td></tr>
<tr class="a">
<td><img src="images/icon_success_sml.gif" alt="" /></td>
<td>testIncludeExcludeRegexp[3: HSQLDB]</td>
<td>0.098</td></tr>
<tr class="b">
<td><img src="images/icon_success_sml.gif" alt="" /></td>
<td>testMessageFormatStrategies[3: HSQLDB]</td>
<td>0.1</td></tr>
<tr class="a">
<td><img src="images/icon_success_sml.gif" alt="" /></td>
<td>testExcludeThisTableShouldLogResultSet[3: HSQLDB]</td>
<td>0.098</td></tr>
<tr class="b">
<td><img src="images/icon_success_sml.gif" alt="" /></td>
<td>testIncludeExcludeWithSqlExpressionPattern[3: HSQLDB]</td>
<td>0.105</td></tr>
<tr class="a">
<td><img src="images/icon_success_sml.gif" alt="" /></td>
<td>testCategories[3: HSQLDB]</td>
<td>0.106</td></tr>
<tr class="b">
<td><img src="images/icon_success_sml.gif" alt="" /></td>
<td>testIncludeOtherTableShouldLogResultSet[3: HSQLDB]</td>
<td>0.136</td></tr>
<tr class="a">
<td><img src="images/icon_success_sml.gif" alt="" /></td>
<td>testIncludeExclude[3: HSQLDB]</td>
<td>0.099</td></tr>
<tr class="b">
<td><img src="images/icon_success_sml.gif" alt="" /></td>
<td>testStacktrace[3: HSQLDB]</td>
<td>0.099</td></tr>
<tr class="a">
<td><img src="images/icon_success_sml.gif" alt="" /></td>
<td>testSqlExpressionPattern[4: SQLite]</td>
<td>0.051</td></tr>
<tr class="b">
<td><img src="images/icon_success_sml.gif" alt="" /></td>
<td>testDisableLogModule[4: SQLite]</td>
<td>0.049</td></tr>
<tr class="a">
<td><img src="images/icon_success_sml.gif" alt="" /></td>
<td>testAppenderReconfigurationTakesPlaceImediatelly[4: SQLite]</td>
<td>0.044</td></tr>
<tr class="b">
<td><img src="images/icon_success_sml.gif" alt="" /></td>
<td>testIncludeExcludeRegexp[4: SQLite]</td>
<td>0.042</td></tr>
<tr class="a">
<td><img src="images/icon_success_sml.gif" alt="" /></td>
<td>testMessageFormatStrategies[4: SQLite]</td>
<td>0.047</td></tr>
<tr class="b">
<td><img src="images/icon_success_sml.gif" alt="" /></td>
<td>testExcludeThisTableShouldLogResultSet[4: SQLite]</td>
<td>0.041</td></tr>
<tr class="a">
<td><img src="images/icon_success_sml.gif" alt="" /></td>
<td>testIncludeExcludeWithSqlExpressionPattern[4: SQLite]</td>
<td>0.044</td></tr>
<tr class="b">
<td><img src="images/icon_success_sml.gif" alt="" /></td>
<td>testCategories[4: SQLite]</td>
<td>0.043</td></tr>
<tr class="a">
<td><img src="images/icon_success_sml.gif" alt="" /></td>
<td>testIncludeOtherTableShouldLogResultSet[4: SQLite]</td>
<td>0.042</td></tr>
<tr class="b">
<td><img src="images/icon_success_sml.gif" alt="" /></td>
<td>testIncludeExclude[4: SQLite]</td>
<td>0.044</td></tr>
<tr class="a">
<td><img src="images/icon_success_sml.gif" alt="" /></td>
<td>testStacktrace[4: SQLite]</td>
<td>0.051</td></tr>
<tr class="b">
<td><img src="images/icon_success_sml.gif" alt="" /></td>
<td>testSqlExpressionPattern[5: Firebird]</td>
<td>0.219</td></tr>
<tr class="a">
<td><img src="images/icon_success_sml.gif" alt="" /></td>
<td>testDisableLogModule[5: Firebird]</td>
<td>0.165</td></tr>
<tr class="b">
<td><img src="images/icon_success_sml.gif" alt="" /></td>
<td>testAppenderReconfigurationTakesPlaceImediatelly[5: Firebird]</td>
<td>0.16</td></tr>
<tr class="a">
<td><img src="images/icon_success_sml.gif" alt="" /></td>
<td>testIncludeExcludeRegexp[5: Firebird]</td>
<td>0.159</td></tr>
<tr class="b">
<td><img src="images/icon_success_sml.gif" alt="" /></td>
<td>testMessageFormatStrategies[5: Firebird]</td>
<td>0.162</td></tr>
<tr class="a">
<td><img src="images/icon_success_sml.gif" alt="" /></td>
<td>testExcludeThisTableShouldLogResultSet[5: Firebird]</td>
<td>0.16</td></tr>
<tr class="b">
<td><img src="images/icon_success_sml.gif" alt="" /></td>
<td>testIncludeExcludeWithSqlExpressionPattern[5: Firebird]</td>
<td>0.16</td></tr>
<tr class="a">
<td><img src="images/icon_success_sml.gif" alt="" /></td>
<td>testCategories[5: Firebird]</td>
<td>0.167</td></tr>
<tr class="b">
<td><img src="images/icon_success_sml.gif" alt="" /></td>
<td>testIncludeOtherTableShouldLogResultSet[5: Firebird]</td>
<td>0.156</td></tr>
<tr class="a">
<td><img src="images/icon_success_sml.gif" alt="" /></td>
<td>testIncludeExclude[5: Firebird]</td>
<td>0.169</td></tr>
<tr class="b">
<td><img src="images/icon_success_sml.gif" alt="" /></td>
<td>testStacktrace[5: Firebird]</td>
<td>0.172</td></tr>
<tr class="a">
<td><img src="images/icon_success_sml.gif" alt="" /></td>
<td>testSqlExpressionPattern[6: Derby]</td>
<td>0.395</td></tr>
<tr class="b">
<td><img src="images/icon_success_sml.gif" alt="" /></td>
<td>testDisableLogModule[6: Derby]</td>
<td>0.359</td></tr>
<tr class="a">
<td><img src="images/icon_success_sml.gif" alt="" /></td>
<td>testAppenderReconfigurationTakesPlaceImediatelly[6: Derby]</td>
<td>0.397</td></tr>
<tr class="b">
<td><img src="images/icon_success_sml.gif" alt="" /></td>
<td>testIncludeExcludeRegexp[6: Derby]</td>
<td>0.371</td></tr>
<tr class="a">
<td><img src="images/icon_success_sml.gif" alt="" /></td>
<td>testMessageFormatStrategies[6: Derby]</td>
<td>0.344</td></tr>
<tr class="b">
<td><img src="images/icon_success_sml.gif" alt="" /></td>
<td>testExcludeThisTableShouldLogResultSet[6: Derby]</td>
<td>0.331</td></tr>
<tr class="a">
<td><img src="images/icon_success_sml.gif" alt="" /></td>
<td>testIncludeExcludeWithSqlExpressionPattern[6: Derby]</td>
<td>0.356</td></tr>
<tr class="b">
<td><img src="images/icon_success_sml.gif" alt="" /></td>
<td>testCategories[6: Derby]</td>
<td>0.33</td></tr>
<tr class="a">
<td><img src="images/icon_success_sml.gif" alt="" /></td>
<td>testIncludeOtherTableShouldLogResultSet[6: Derby]</td>
<td>0.307</td></tr>
<tr class="b">
<td><img src="images/icon_success_sml.gif" alt="" /></td>
<td>testIncludeExclude[6: Derby]</td>
<td>0.301</td></tr>
<tr class="a">
<td><img src="images/icon_success_sml.gif" alt="" /></td>
<td>testStacktrace[6: Derby]</td>
<td>0.312</td></tr>
<tr class="b">
<td><img src="images/icon_success_sml.gif" alt="" /></td>
<td>testSqlExpressionPattern[7: Oracle]</td>
<td>0.294</td></tr>
<tr class="a">
<td><img src="images/icon_success_sml.gif" alt="" /></td>
<td>testDisableLogModule[7: Oracle]</td>
<td>0.274</td></tr>
<tr class="b">
<td><img src="images/icon_success_sml.gif" alt="" /></td>
<td>testAppenderReconfigurationTakesPlaceImediatelly[7: Oracle]</td>
<td>0.266</td></tr>
<tr class="a">
<td><img src="images/icon_success_sml.gif" alt="" /></td>
<td>testIncludeExcludeRegexp[7: Oracle]</td>
<td>0.254</td></tr>
<tr class="b">
<td><img src="images/icon_success_sml.gif" alt="" /></td>
<td>testMessageFormatStrategies[7: Oracle]</td>
<td>0.259</td></tr>
<tr class="a">
<td><img src="images/icon_success_sml.gif" alt="" /></td>
<td>testExcludeThisTableShouldLogResultSet[7: Oracle]</td>
<td>0.265</td></tr>
<tr class="b">
<td><img src="images/icon_success_sml.gif" alt="" /></td>
<td>testIncludeExcludeWithSqlExpressionPattern[7: Oracle]</td>
<td>0.264</td></tr>
<tr class="a">
<td><img src="images/icon_success_sml.gif" alt="" /></td>
<td>testCategories[7: Oracle]</td>
<td>0.258</td></tr>
<tr class="b">
<td><img src="images/icon_success_sml.gif" alt="" /></td>
<td>testIncludeOtherTableShouldLogResultSet[7: Oracle]</td>
<td>0.259</td></tr>
<tr class="a">
<td><img src="images/icon_success_sml.gif" alt="" /></td>
<td>testIncludeExclude[7: Oracle]</td>
<td>0.261</td></tr>
<tr class="b">
<td><img src="images/icon_success_sml.gif" alt="" /></td>
<td>testStacktrace[7: Oracle]</td>
<td>0.312</td></tr></table></div>
<div class="section">
<h3>P6MBeanRegistryTest<a name="P6MBeanRegistryTest"></a></h3><a name="com.p6spy.engine.spyP6MBeanRegistryTest"></a>
<table border="1" class="bodyTable">
<tr class="a">
<td><img src="images/icon_success_sml.gif" alt="" /></td>
<td>testMBeansDifferentPrefixAreIndependent</td>
<td>0.035</td></tr>
<tr class="b">
<td><img src="images/icon_success_sml.gif" alt="" /></td>
<td>testUnregisterMBeansWorks</td>
<td>0.008</td></tr>
<tr class="a">
<td><img src="images/icon_success_sml.gif" alt="" /></td>
<td>testReRegisterMBeansSameRegistryWorks</td>
<td>0.005</td></tr>
<tr class="b">
<td><img src="images/icon_success_sml.gif" alt="" /></td>
<td>testReRegisterMBeansDifferentRegistryWorks</td>
<td>0.003</td></tr></table></div>
<div class="section">
<h3>P6TestOptionsSources<a name="P6TestOptionsSources"></a></h3><a name="com.p6spy.engine.spy.optionP6TestOptionsSources"></a>
<table border="1" class="bodyTable">
<tr class="a">
<td><img src="images/icon_success_sml.gif" alt="" /></td>
<td>testPojoSetterNullValueDoesntModifySetOption</td>
<td>0.004</td></tr>
<tr class="b">
<td><img src="images/icon_success_sml.gif" alt="" /></td>
<td>testSpyDotPropetiesNoKeyValueDoesntModifySetOption</td>
<td>0.005</td></tr>
<tr class="a">
<td><img src="images/icon_success_sml.gif" alt="" /></td>
<td>testSysPropertyNoKeyValueDoesntModifySetOption</td>
<td>0.005</td></tr>
<tr class="b">
<td><img src="images/icon_success_sml.gif" alt="" /></td>
<td>testSpyDotPropetiesEmptyStringValueClearsSetOption</td>
<td>0.006</td></tr>
<tr class="a">
<td><img src="images/icon_success_sml.gif" alt="" /></td>
<td>testSysPropertyEmptyStringValueClearsSetOption</td>
<td>0.006</td></tr>
<tr class="b">
<td><img src="images/icon_success_sml.gif" alt="" /></td>
<td>testPojoSetterEmptyStringValueClearsSetOption</td>
<td>0.003</td></tr></table></div>
<div class="section">
<h3>P6TestOptionsReload<a name="P6TestOptionsReload"></a></h3><a name="com.p6spy.engine.spy.optionP6TestOptionsReload"></a>
<table border="1" class="bodyTable">
<tr class="a">
<td><img src="images/icon_success_sml.gif" alt="" /></td>
<td>testJmxSetPropertyDiscartedOnExplicitJmxReload</td>
<td>0.044</td></tr>
<tr class="b">
<td><img src="images/icon_success_sml.gif" alt="" /></td>
<td>testAutoReloadLifecycle</td>
<td>4.012</td></tr>
<tr class="a">
<td><img src="images/icon_success_sml.gif" alt="" /></td>
<td>testOptionSourcesPriorities</td>
<td>0.041</td></tr>
<tr class="b">
<td><img src="images/icon_success_sml.gif" alt="" /></td>
<td>testSetPropertyDiscartedOnExplicitReload</td>
<td>0.014</td></tr>
<tr class="a">
<td><img src="images/icon_success_sml.gif" alt="" /></td>
<td>testSpyDotPropertiesWithSpaceInPathWorks</td>
<td>0.017</td></tr>
<tr class="b">
<td><img src="images/icon_success_sml.gif" alt="" /></td>
<td>testSetPropertyDiscartedOnAutoReload</td>
<td>2.011</td></tr></table></div>
<div class="section">
<h3>P6TestOptionAPI<a name="P6TestOptionAPI"></a></h3><a name="com.p6spy.engine.spy.optionP6TestOptionAPI"></a>
<table border="1" class="bodyTable">
<tr class="a">
<td><img src="images/icon_success_sml.gif" alt="" /></td>
<td>testUnSetLogAPI</td>
<td>0.001</td></tr>
<tr class="b">
<td><img src="images/icon_success_sml.gif" alt="" /></td>
<td>testUnSetSpyAPI</td>
<td>0.001</td></tr></table></div>
<div class="section">
<h3>P6TestOptionDefaults<a name="P6TestOptionDefaults"></a></h3><a name="com.p6spy.engine.spy.optionP6TestOptionDefaults"></a>
<table border="1" class="bodyTable">
<tr class="a">
<td><img src="images/icon_success_sml.gif" alt="" /></td>
<td>testP6SpyOptionDefaults</td>
<td>0.004</td></tr>
<tr class="b">
<td><img src="images/icon_success_sml.gif" alt="" /></td>
<td>testDefaultOptions</td>
<td>0.003</td></tr>
<tr class="a">
<td><img src="images/icon_success_sml.gif" alt="" /></td>
<td>testImplicitlyDisabledLogCategories</td>
<td>0.019</td></tr>
<tr class="b">
<td><img src="images/icon_success_sml.gif" alt="" /></td>
<td>testP6OutageOptionDefaults</td>
<td>0.009</td></tr>
<tr class="a">
<td><img src="images/icon_success_sml.gif" alt="" /></td>
<td>testP6LogOptionDefaults</td>
<td>0.007</td></tr>
<tr class="b">
<td><img src="images/icon_success_sml.gif" alt="" /></td>
<td>testWithP6LogOptionDefaultsDefaultDisabledLogCategories</td>
<td>0.003</td></tr></table></div>
<div class="section">
<h3>P6TestOptionsRepository<a name="P6TestOptionsRepository"></a></h3><a name="com.p6spy.engine.spy.optionP6TestOptionsRepository"></a>
<table border="1" class="bodyTable">
<tr class="a">
<td><img src="images/icon_success_sml.gif" alt="" /></td>
<td>testGetPrioToInitCompletedFails</td>
<td>0.001</td></tr>
<tr class="b">
<td><img src="images/icon_success_sml.gif" alt="" /></td>
<td>testParse</td>
<td>0.002</td></tr>
<tr class="a">
<td><img src="images/icon_success_sml.gif" alt="" /></td>
<td>testSetSetOverride</td>
<td>0</td></tr>
<tr class="b">
<td><img src="images/icon_success_sml.gif" alt="" /></td>
<td>testSetGetSimple</td>
<td>0</td></tr>
<tr class="a">
<td><img src="images/icon_success_sml.gif" alt="" /></td>
<td>testSetSetForDeprecatedMinusPrefixOnFirstValueFails</td>
<td>0.001</td></tr>
<tr class="b">
<td><img src="images/icon_success_sml.gif" alt="" /></td>
<td>testSetNullDoesNotModifyValue</td>
<td>0</td></tr>
<tr class="a">
<td><img src="images/icon_success_sml.gif" alt="" /></td>
<td>testSetReturnsTrueForNonNull</td>
<td>0.001</td></tr>
<tr class="b">
<td><img src="images/icon_success_sml.gif" alt="" /></td>
<td>testUnSetIgnoresDefaultForValueNotNull</td>
<td>0</td></tr>
<tr class="a">
<td><img src="images/icon_success_sml.gif" alt="" /></td>
<td>testUnSetUsesDefaultForNullValue</td>
<td>0</td></tr>
<tr class="b">
<td><img src="images/icon_success_sml.gif" alt="" /></td>
<td>testSetReturnsFalseForNull</td>
<td>0.001</td></tr>
<tr class="a">
<td><img src="images/icon_success_sml.gif" alt="" /></td>
<td>testParseForSetFails</td>
<td>0</td></tr>
<tr class="b">
<td><img src="images/icon_success_sml.gif" alt="" /></td>
<td>testSetSetForDeprecatedMinusPrefixOnNextValueFails</td>
<td>0</td></tr>
<tr class="a">
<td><img src="images/icon_success_sml.gif" alt="" /></td>
<td>testSetSetEmptyStringNullsValue</td>
<td>0</td></tr>
<tr class="b">
<td><img src="images/icon_success_sml.gif" alt="" /></td>
<td>testParseForCollectionFails</td>
<td>0.001</td></tr>
<tr class="a">
<td><img src="images/icon_success_sml.gif" alt="" /></td>
<td>testParseForListFails</td>
<td>0</td></tr>
<tr class="b">
<td><img src="images/icon_success_sml.gif" alt="" /></td>
<td>testUnSetSetsToNullForDefaultAndValueNull</td>
<td>0.001</td></tr></table></div>
<div class="section">
<h3>SpyDotPropertiesTest<a name="SpyDotPropertiesTest"></a></h3><a name="com.p6spy.engine.spy.optionSpyDotPropertiesTest"></a>
<table border="1" class="bodyTable">
<tr class="a">
<td><img src="images/icon_success_sml.gif" alt="" /></td>
<td>testLoadFromCurrentWorkingDirectory</td>
<td>0.002</td></tr>
<tr class="b">
<td><img src="images/icon_success_sml.gif" alt="" /></td>
<td>testLoadFromJarFile</td>
<td>0.002</td></tr>
<tr class="a">
<td><img src="images/icon_success_sml.gif" alt="" /></td>
<td>testMissingSpyDotProperties</td>
<td>0.001</td></tr></table></div>
<div class="section">
<h3>P6TestOutage<a name="P6TestOutage"></a></h3><a name="com.p6spy.engine.spyP6TestOutage"></a>
<table border="1" class="bodyTable">
<tr class="a">
<td><img src="images/icon_success_sml.gif" alt="" /></td>
<td>testOutage[0]</td>
<td>3.154</td></tr></table></div>
<div class="section">
<h3>LoggedSQLValidTest<a name="LoggedSQLValidTest"></a></h3><a name="com.p6spy.engine.spyLoggedSQLValidTest"></a>
<table border="1" class="bodyTable">
<tr class="a">
<td><img src="images/icon_success_sml.gif" alt="" /></td>
<td>testPreparedStatementExecQueryWithNulls[0: PostgreSQL]</td>
<td>0.329</td></tr>
<tr class="b">
<td><img src="images/icon_success_sml.gif" alt="" /></td>
<td>testSingleQuotePresentInValueOneTimeEscaped[0: PostgreSQL]</td>
<td>0.253</td></tr>
<tr class="a">
<td><img src="images/icon_success_sml.gif" alt="" /></td>
<td>testSingleQuotePresentInValueMultipleTimesEscaped[0: PostgreSQL]</td>
<td>0.247</td></tr>
<tr class="b">
<td><img src="images/icon_success_sml.gif" alt="" /></td>
<td>testPreparedStatementExecUpdateWithNulls[0: PostgreSQL]</td>
<td>0.272</td></tr>
<tr class="a">
<td><img src="images/icon_success_sml.gif" alt="" /></td>
<td>testPreparedStatementExecUpdate[0: PostgreSQL]</td>
<td>0.257</td></tr>
<tr class="b">
<td><img src="images/icon_success_sml.gif" alt="" /></td>
<td>testPreparedStatementExecQuery[0: PostgreSQL]</td>
<td>0.258</td></tr>
<tr class="a">
<td><img src="images/icon_success_sml.gif" alt="" /></td>
<td>testPreparedStatementExecQueryWithNulls[1: MySQL]</td>
<td>0.141</td></tr>
<tr class="b">
<td><img src="images/icon_success_sml.gif" alt="" /></td>
<td>testSingleQuotePresentInValueOneTimeEscaped[1: MySQL]</td>
<td>0.119</td></tr>
<tr class="a">
<td><img src="images/icon_success_sml.gif" alt="" /></td>
<td>testSingleQuotePresentInValueMultipleTimesEscaped[1: MySQL]</td>
<td>0.14</td></tr>
<tr class="b">
<td><img src="images/icon_success_sml.gif" alt="" /></td>
<td>testPreparedStatementExecUpdateWithNulls[1: MySQL]</td>
<td>0.113</td></tr>
<tr class="a">
<td><img src="images/icon_success_sml.gif" alt="" /></td>
<td>testPreparedStatementExecUpdate[1: MySQL]</td>
<td>0.12</td></tr>
<tr class="b">
<td><img src="images/icon_success_sml.gif" alt="" /></td>
<td>testPreparedStatementExecQuery[1: MySQL]</td>
<td>0.111</td></tr>
<tr class="a">
<td><img src="images/icon_success_sml.gif" alt="" /></td>
<td>testPreparedStatementExecQueryWithNulls[2: H2]</td>
<td>0.158</td></tr>
<tr class="b">
<td><img src="images/icon_success_sml.gif" alt="" /></td>
<td>testSingleQuotePresentInValueOneTimeEscaped[2: H2]</td>
<td>0.133</td></tr>
<tr class="a">
<td><img src="images/icon_success_sml.gif" alt="" /></td>
<td>testSingleQuotePresentInValueMultipleTimesEscaped[2: H2]</td>
<td>0.135</td></tr>
<tr class="b">
<td><img src="images/icon_success_sml.gif" alt="" /></td>
<td>testPreparedStatementExecUpdateWithNulls[2: H2]</td>
<td>0.135</td></tr>
<tr class="a">
<td><img src="images/icon_success_sml.gif" alt="" /></td>
<td>testPreparedStatementExecUpdate[2: H2]</td>
<td>0.134</td></tr>
<tr class="b">
<td><img src="images/icon_success_sml.gif" alt="" /></td>
<td>testPreparedStatementExecQuery[2: H2]</td>
<td>0.143</td></tr>
<tr class="a">
<td><img src="images/icon_success_sml.gif" alt="" /></td>
<td>testPreparedStatementExecQueryWithNulls[3: HSQLDB]</td>
<td>0.151</td></tr>
<tr class="b">
<td><img src="images/icon_success_sml.gif" alt="" /></td>
<td>testSingleQuotePresentInValueOneTimeEscaped[3: HSQLDB]</td>
<td>0.142</td></tr>
<tr class="a">
<td><img src="images/icon_success_sml.gif" alt="" /></td>
<td>testSingleQuotePresentInValueMultipleTimesEscaped[3: HSQLDB]</td>
<td>0.136</td></tr>
<tr class="b">
<td><img src="images/icon_success_sml.gif" alt="" /></td>
<td>testPreparedStatementExecUpdateWithNulls[3: HSQLDB]</td>
<td>0.123</td></tr>
<tr class="a">
<td><img src="images/icon_success_sml.gif" alt="" /></td>
<td>testPreparedStatementExecUpdate[3: HSQLDB]</td>
<td>0.12</td></tr>
<tr class="b">
<td><img src="images/icon_success_sml.gif" alt="" /></td>
<td>testPreparedStatementExecQuery[3: HSQLDB]</td>
<td>0.119</td></tr>
<tr class="a">
<td><img src="images/icon_success_sml.gif" alt="" /></td>
<td>testPreparedStatementExecQueryWithNulls[4: SQLite]</td>
<td>0.081</td></tr>
<tr class="b">
<td><img src="images/icon_success_sml.gif" alt="" /></td>
<td>testSingleQuotePresentInValueOneTimeEscaped[4: SQLite]</td>
<td>0.052</td></tr>
<tr class="a">
<td><img src="images/icon_success_sml.gif" alt="" /></td>
<td>testSingleQuotePresentInValueMultipleTimesEscaped[4: SQLite]</td>
<td>0.051</td></tr>
<tr class="b">
<td><img src="images/icon_success_sml.gif" alt="" /></td>
<td>testPreparedStatementExecUpdateWithNulls[4: SQLite]</td>
<td>0.051</td></tr>
<tr class="a">
<td><img src="images/icon_success_sml.gif" alt="" /></td>
<td>testPreparedStatementExecUpdate[4: SQLite]</td>
<td>0.052</td></tr>
<tr class="b">
<td><img src="images/icon_success_sml.gif" alt="" /></td>
<td>testPreparedStatementExecQuery[4: SQLite]</td>
<td>0.052</td></tr>
<tr class="a">
<td><img src="images/icon_success_sml.gif" alt="" /></td>
<td>testPreparedStatementExecQueryWithNulls[5: Firebird]</td>
<td>0.256</td></tr>
<tr class="b">
<td><img src="images/icon_success_sml.gif" alt="" /></td>
<td>testSingleQuotePresentInValueOneTimeEscaped[5: Firebird]</td>
<td>0.235</td></tr>
<tr class="a">
<td><img src="images/icon_success_sml.gif" alt="" /></td>
<td>testSingleQuotePresentInValueMultipleTimesEscaped[5: Firebird]</td>
<td>0.208</td></tr>
<tr class="b">
<td><img src="images/icon_success_sml.gif" alt="" /></td>
<td>testPreparedStatementExecUpdateWithNulls[5: Firebird]</td>
<td>0.201</td></tr>
<tr class="a">
<td><img src="images/icon_success_sml.gif" alt="" /></td>
<td>testPreparedStatementExecUpdate[5: Firebird]</td>
<td>0.209</td></tr>
<tr class="b">
<td><img src="images/icon_success_sml.gif" alt="" /></td>
<td>testPreparedStatementExecQuery[5: Firebird]</td>
<td>0.196</td></tr>
<tr class="a">
<td><img src="images/icon_success_sml.gif" alt="" /></td>
<td>testPreparedStatementExecQueryWithNulls[6: Derby]</td>
<td>0.434</td></tr>
<tr class="b">
<td><img src="images/icon_success_sml.gif" alt="" /></td>
<td>testSingleQuotePresentInValueOneTimeEscaped[6: Derby]</td>
<td>0.466</td></tr>
<tr class="a">
<td><img src="images/icon_success_sml.gif" alt="" /></td>
<td>testSingleQuotePresentInValueMultipleTimesEscaped[6: Derby]</td>
<td>0.47</td></tr>
<tr class="b">
<td><img src="images/icon_success_sml.gif" alt="" /></td>
<td>testPreparedStatementExecUpdateWithNulls[6: Derby]</td>
<td>0.445</td></tr>
<tr class="a">
<td><img src="images/icon_success_sml.gif" alt="" /></td>
<td>testPreparedStatementExecUpdate[6: Derby]</td>
<td>0.417</td></tr>
<tr class="b">
<td><img src="images/icon_success_sml.gif" alt="" /></td>
<td>testPreparedStatementExecQuery[6: Derby]</td>
<td>0.421</td></tr>
<tr class="a">
<td><img src="images/icon_success_sml.gif" alt="" /></td>
<td>testPreparedStatementExecQueryWithNulls[7: Oracle]</td>
<td>0.342</td></tr>
<tr class="b">
<td><img src="images/icon_success_sml.gif" alt="" /></td>
<td>testSingleQuotePresentInValueOneTimeEscaped[7: Oracle]</td>
<td>0.311</td></tr>
<tr class="a">
<td><img src="images/icon_success_sml.gif" alt="" /></td>
<td>testSingleQuotePresentInValueMultipleTimesEscaped[7: Oracle]</td>
<td>0.311</td></tr>
<tr class="b">
<td><img src="images/icon_success_sml.gif" alt="" /></td>
<td>testPreparedStatementExecUpdateWithNulls[7: Oracle]</td>
<td>0.296</td></tr>
<tr class="a">
<td><img src="images/icon_success_sml.gif" alt="" /></td>
<td>testPreparedStatementExecUpdate[7: Oracle]</td>
<td>0.32</td></tr>
<tr class="b">
<td><img src="images/icon_success_sml.gif" alt="" /></td>
<td>testPreparedStatementExecQuery[7: Oracle]</td>
<td>0.295</td></tr></table></div>
<div class="section">
<h3>Log4jLoggerTest<a name="Log4jLoggerTest"></a></h3><a name="com.p6spy.engine.spy.appenderLog4jLoggerTest"></a>
<table border="1" class="bodyTable">
<tr class="a">
<td><img src="images/icon_success_sml.gif" alt="" /></td>
<td>testCategoryToLevelMapping</td>
<td>0.912</td></tr>
<tr class="b">
<td><img src="images/icon_success_sml.gif" alt="" /></td>
<td>testExternallyConfiguredLog4J</td>
<td>0.195</td></tr></table></div>
<div class="section">
<h3>P6TestCallableStatement<a name="P6TestCallableStatement"></a></h3><a name="com.p6spy.engine.spyP6TestCallableStatement"></a>
<table border="1" class="bodyTable">
<tr class="a">
<td><img src="images/icon_success_sml.gif" alt="" /></td>
<td>testStoredProcedureNoResultSet[0: MySQL]</td>
<td>0.188</td></tr>
<tr class="b">
<td><img src="images/icon_success_sml.gif" alt="" /></td>
<td>testStoredProcedureWithNullInputParameter[0: MySQL]</td>
<td>0.142</td></tr>
<tr class="a">
<td><img src="images/icon_success_sml.gif" alt="" /></td>
<td>testNamedParameters[0: MySQL]</td>
<td>0.119</td></tr>
<tr class="b">
<td><img src="images/icon_success_sml.gif" alt="" /></td>
<td>testStoredProcedureNoResultSet[1: HSQLDB]</td>
<td>0.185</td></tr>
<tr class="a">
<td><img src="images/icon_success_sml.gif" alt="" /></td>
<td>testStoredProcedureWithNullInputParameter[1: HSQLDB]</td>
<td>0.129</td></tr>
<tr class="b">
<td><img src="images/icon_success_sml.gif" alt="" /></td>
<td>testNamedParameters[1: HSQLDB]</td>
<td>0.129</td></tr>
<tr class="a">
<td><img src="images/icon_success_sml.gif" alt="" /></td>
<td>testStoredProcedureNoResultSet[2: Oracle]</td>
<td>0.332</td></tr>
<tr class="b">
<td><img src="images/icon_success_sml.gif" alt="" /></td>
<td>testStoredProcedureWithNullInputParameter[2: Oracle]</td>
<td>0.31</td></tr>
<tr class="a">
<td><img src="images/icon_success_sml.gif" alt="" /></td>
<td>testNamedParameters[2: Oracle]</td>
<td>0.293</td></tr></table></div>
<div class="section">
<h3>DataSourceTest<a name="DataSourceTest"></a></h3><a name="com.p6spy.engine.spyDataSourceTest"></a>
<table border="1" class="bodyTable">
<tr class="a">
<td><img src="images/icon_success_sml.gif" alt="" /></td>
<td>testGenericDataSourceWithOutDriverManager</td>
<td>0.276</td></tr>
<tr class="b">
<td><img src="images/icon_success_sml.gif" alt="" /></td>
<td>testGenericDataSourceWithDriverManager</td>
<td>0.164</td></tr></table></div>
<div class="section">
<h3>P6TestDriver<a name="P6TestDriver"></a></h3><a name="com.p6spy.engine.spyP6TestDriver"></a>
<table border="1" class="bodyTable">
<tr class="a">
<td><img src="images/icon_success_sml.gif" alt="" /></td>
<td>testVersion[0: PostgreSQL]</td>
<td>0.216</td></tr>
<tr class="b">
<td><img src="images/icon_success_sml.gif" alt="" /></td>
<td>testVersion[1: MySQL]</td>
<td>0.128</td></tr>
<tr class="a">
<td><img src="images/icon_success_sml.gif" alt="" /></td>
<td>testVersion[2: H2]</td>
<td>0.148</td></tr>
<tr class="b">
<td><img src="images/icon_success_sml.gif" alt="" /></td>
<td>testVersion[3: HSQLDB]</td>
<td>0.142</td></tr>
<tr class="a">
<td><img src="images/icon_success_sml.gif" alt="" /></td>
<td>testVersion[4: SQLite]</td>
<td>0.055</td></tr>
<tr class="b">
<td><img src="images/icon_success_sml.gif" alt="" /></td>
<td>testVersion[5: Firebird]</td>
<td>0.184</td></tr>
<tr class="a">
<td><img src="images/icon_success_sml.gif" alt="" /></td>
<td>testVersion[6: Derby]</td>
<td>0.436</td></tr>
<tr class="b">
<td><img src="images/icon_success_sml.gif" alt="" /></td>
<td>testVersion[7: Oracle]</td>
<td>0.303</td></tr></table></div>
<div class="section">
<h3>XADataSourceTest<a name="XADataSourceTest"></a></h3><a name="com.p6spy.engine.spyXADataSourceTest"></a>
<table border="1" class="bodyTable">
<tr class="a">
<td><img src="images/icon_success_sml.gif" alt="" /></td>
<td>twoPhaseCommitDataNotPersistedOnRollback[0: PostgreSQL]</td>
<td>1.877</td></tr>
<tr class="b">
<td><img src="images/icon_success_sml.gif" alt="" /></td>
<td>twoPhaseCommitDataPersistedOnCommit[0: PostgreSQL]</td>
<td>1.286</td></tr>
<tr class="a">
<td><img src="images/icon_success_sml.gif" alt="" /></td>
<td>twoPhaseCommitDataNotPersistedOnRollback[1: MySQL]</td>
<td>1.201</td></tr>
<tr class="b">
<td><img src="images/icon_success_sml.gif" alt="" /></td>
<td>twoPhaseCommitDataPersistedOnCommit[1: MySQL]</td>
<td>0.663</td></tr>
<tr class="a">
<td><img src="images/icon_success_sml.gif" alt="" /></td>
<td>twoPhaseCommitDataNotPersistedOnRollback[2: H2]</td>
<td>1.799</td></tr>
<tr class="b">
<td><img src="images/icon_success_sml.gif" alt="" /></td>
<td>twoPhaseCommitDataPersistedOnCommit[2: H2]</td>
<td>1.264</td></tr>
<tr class="a">
<td><img src="images/icon_success_sml.gif" alt="" /></td>
<td>twoPhaseCommitDataNotPersistedOnRollback[3: HSQLDB]</td>
<td>1.691</td></tr>
<tr class="b">
<td><img src="images/icon_success_sml.gif" alt="" /></td>
<td>twoPhaseCommitDataPersistedOnCommit[3: HSQLDB]</td>
<td>0.669</td></tr>
<tr class="a">
<td><img src="images/icon_success_sml.gif" alt="" /></td>
<td>twoPhaseCommitDataNotPersistedOnRollback[4: Firebird]</td>
<td>1.274</td></tr>
<tr class="b">
<td><img src="images/icon_success_sml.gif" alt="" /></td>
<td>twoPhaseCommitDataPersistedOnCommit[4: Firebird]</td>
<td>0.755</td></tr>
<tr class="a">
<td><img src="images/icon_success_sml.gif" alt="" /></td>
<td>twoPhaseCommitDataNotPersistedOnRollback[5: Derby]</td>
<td>2.186</td></tr>
<tr class="b">
<td><img src="images/icon_success_sml.gif" alt="" /></td>
<td>twoPhaseCommitDataPersistedOnCommit[5: Derby]</td>
<td>1.574</td></tr>
<tr class="a">
<td><img src="images/icon_success_sml.gif" alt="" /></td>
<td>twoPhaseCommitDataNotPersistedOnRollback[6: Oracle]</td>
<td>1.319</td></tr>
<tr class="b">
<td><img src="images/icon_success_sml.gif" alt="" /></td>
<td>twoPhaseCommitDataPersistedOnCommit[6: Oracle]</td>
<td>1.399</td></tr></table></div>
<div class="section">
<h3>P6TestMBean<a name="P6TestMBean"></a></h3><a name="com.p6spy.engine.spyP6TestMBean"></a>
<table border="1" class="bodyTable">
<tr class="a">
<td><img src="images/icon_success_sml.gif" alt="" /></td>
<td>testPropertyExposalViaJMX</td>
<td>0.015</td></tr></table></div>
<div class="section">
<h3>P6TestDriverMulti<a name="P6TestDriverMulti"></a></h3><a name="com.p6spy.engine.spyP6TestDriverMulti"></a>
<table border="1" class="bodyTable">
<tr class="a">
<td><a href="#com.p6spy.engine.spy.P6TestDriverMulti.com.p6spy.engine.spy.P6TestDriverMulti"><img src="images/icon_warning_sml.gif" alt="" /></a></td>
<td><a href="#com.p6spy.engine.spy.P6TestDriverMulti.com.p6spy.engine.spy.P6TestDriverMulti">com.p6spy.engine.spy.P6TestDriverMulti</a>
<div class="detailToggle" style="display:inline"><a href="javascript:toggleDisplay(&apos;com_p6spy_engine_spy_P6TestDriverMulti_com_p6spy_engine_spy_P6TestDriverMulti&apos;);"><span style="display:inline;" id="com_p6spy_engine_spy_P6TestDriverMulti_com_p6spy_engine_spy_P6TestDriverMultioff"> + </span><span style="display:none;" id="com_p6spy_engine_spy_P6TestDriverMulti_com_p6spy_engine_spy_P6TestDriverMultion"> - </span>[ Detail ]</a></div></td>
<td>0</td></tr>
<tr class="b">
<td></td>
<td>skipped</td>
<td></td></tr></table></div>
<div class="section">
<h3>MultipleDataSourceTest<a name="MultipleDataSourceTest"></a></h3><a name="com.p6spy.engine.spyMultipleDataSourceTest"></a>
<table border="1" class="bodyTable">
<tr class="a">
<td><img src="images/icon_success_sml.gif" alt="" /></td>
<td>testNotSpyEnabledDataSource</td>
<td>0.163</td></tr>
<tr class="b">
<td><img src="images/icon_success_sml.gif" alt="" /></td>
<td>testSpyEnabledDataSource</td>
<td>0.014</td></tr></table></div>
<div class="section">
<h3>P6TestStatement<a name="P6TestStatement"></a></h3><a name="com.p6spy.engine.spyP6TestStatement"></a>
<table border="1" class="bodyTable">
<tr class="a">
<td><img src="images/icon_success_sml.gif" alt="" /></td>
<td>testExecute[0: PostgreSQL]</td>
<td>4.869</td></tr>
<tr class="b">
<td><a href="#com.p6spy.engine.spy.P6TestStatement.testFixedDelayed[0: PostgreSQL]"><img src="images/icon_error_sml.gif" alt="" /></a></td>
<td><a href="#com.p6spy.engine.spy.P6TestStatement.testFixedDelayed[0: PostgreSQL]">testFixedDelayed[0: PostgreSQL]</a>
<div class="detailToggle" style="display:inline"><a href="javascript:toggleDisplay(&apos;com_p6spy_engine_spy_P6TestStatement_testFixedDelayed[0: PostgreSQL]&apos;);"><span style="display:inline;" id="com_p6spy_engine_spy_P6TestStatement_testFixedDelayed[0: PostgreSQL]off"> + </span><span style="display:none;" id="com_p6spy_engine_spy_P6TestStatement_testFixedDelayed[0: PostgreSQL]on"> - </span>[ Detail ]</a></div></td>
<td>5.534</td></tr>
<tr class="a">
<td></td>
<td>ERROR: function system_range(integer, integer) does not exist
  Hint: No function matches the given name and argument types. You might need to add explicit type casts.
  Position: 15</td>
<td></td></tr>
<tr class="b">
<td></td>
<td>
<div id="com_p6spy_engine_spy_P6TestStatement_testFixedDelayed[0: PostgreSQL]error" style="display:none;">
<div>
<pre>org.postgresql.util.PSQLException: ERROR: function system_range(integer, integer) does not existHint: No function matches the given name and argument types. You might need to add explicit type casts.Position: 15at org.postgresql.core.v3.QueryExecutorImpl.receiveErrorResponse(QueryExecutorImpl.java:2161)at org.postgresql.core.v3.QueryExecutorImpl.processResults(QueryExecutorImpl.java:1890)at org.postgresql.core.v3.QueryExecutorImpl.execute(QueryExecutorImpl.java:255)at org.postgresql.jdbc2.AbstractJdbc2Statement.execute(AbstractJdbc2Statement.java:560)at org.postgresql.jdbc2.AbstractJdbc2Statement.executeWithFlags(AbstractJdbc2Statement.java:403)at org.postgresql.jdbc2.AbstractJdbc2Statement.executeQuery(AbstractJdbc2Statement.java:283)at sun.reflect.NativeMethodAccessorImpl.invoke0(Native Method)at sun.reflect.NativeMethodAccessorImpl.invoke(NativeMethodAccessorImpl.java:57)at sun.reflect.DelegatingMethodAccessorImpl.invoke(DelegatingMethodAccessorImpl.java:43)at java.lang.reflect.Method.invoke(Method.java:606)at com.p6spy.engine.logging.P6LogStatementExecuteDelegate.invoke(P6LogStatementExecuteDelegate.java:45)at com.p6spy.engine.proxy.GenericInvocationHandler.invoke(GenericInvocationHandler.java:116)at org.p6spy.$java.sql.Statement$$EnhancerByCGLIB$$ab507348.executeQuery(&lt;generated&gt;)at com.p6spy.engine.spy.P6TestStatement.testFixedDelayed(P6TestStatement.java:185)</pre></div></div></td>
<td></td></tr>
<tr class="a">
<td><img src="images/icon_success_sml.gif" alt="" /></td>
<td>testExecutionThreshold[0: PostgreSQL]</td>
<td>0.434</td></tr>
<tr class="b">
<td><img src="images/icon_success_sml.gif" alt="" /></td>
<td>testExecuteEmptyBatchWithIncludeExcludeNonEmpty[0: PostgreSQL]</td>
<td>0.45</td></tr>
<tr class="a">
<td><img src="images/icon_success_sml.gif" alt="" /></td>
<td>testExecuteBatch[0: PostgreSQL]</td>
<td>0.406</td></tr>
<tr class="b">
<td><img src="images/icon_success_sml.gif" alt="" /></td>
<td>testExecuteQuery[0: PostgreSQL]</td>
<td>0.367</td></tr>
<tr class="a">
<td><img src="images/icon_success_sml.gif" alt="" /></td>
<td>testExecuteEmptyBatchWithIncludeExcludeEmpty[0: PostgreSQL]</td>
<td>0.36</td></tr>
<tr class="b">
<td><img src="images/icon_success_sml.gif" alt="" /></td>
<td>testExecute[1: MySQL]</td>
<td>0.989</td></tr>
<tr class="a">
<td><a href="#com.p6spy.engine.spy.P6TestStatement.testFixedDelayed[1: MySQL]"><img src="images/icon_error_sml.gif" alt="" /></a></td>
<td><a href="#com.p6spy.engine.spy.P6TestStatement.testFixedDelayed[1: MySQL]">testFixedDelayed[1: MySQL]</a>
<div class="detailToggle" style="display:inline"><a href="javascript:toggleDisplay(&apos;com_p6spy_engine_spy_P6TestStatement_testFixedDelayed[1: MySQL]&apos;);"><span style="display:inline;" id="com_p6spy_engine_spy_P6TestStatement_testFixedDelayed[1: MySQL]off"> + </span><span style="display:none;" id="com_p6spy_engine_spy_P6TestStatement_testFixedDelayed[1: MySQL]on"> - </span>[ Detail ]</a></div></td>
<td>5.317</td></tr>
<tr class="b">
<td></td>
<td>You have an error in your SQL syntax; check the manual that corresponds to your MySQL server version for the right syntax to use near '(1,1)' at line 1</td>
<td></td></tr>
<tr class="a">
<td></td>
<td>
<div id="com_p6spy_engine_spy_P6TestStatement_testFixedDelayed[1: MySQL]error" style="display:none;">
<div>
<pre>com.mysql.jdbc.exceptions.jdbc4.MySQLSyntaxErrorException: You have an error in your SQL syntax; check the manual that corresponds to your MySQL server version for the right syntax to use near '(1,1)' at line 1at sun.reflect.NativeConstructorAccessorImpl.newInstance0(Native Method)at sun.reflect.NativeConstructorAccessorImpl.newInstance(NativeConstructorAccessorImpl.java:57)at sun.reflect.DelegatingConstructorAccessorImpl.newInstance(DelegatingConstructorAccessorImpl.java:45)at java.lang.reflect.Constructor.newInstance(Constructor.java:526)at com.mysql.jdbc.Util.handleNewInstance(Util.java:411)at com.mysql.jdbc.Util.getInstance(Util.java:386)at com.mysql.jdbc.SQLError.createSQLException(SQLError.java:1053)at com.mysql.jdbc.MysqlIO.checkErrorPacket(MysqlIO.java:4074)at com.mysql.jdbc.MysqlIO.checkErrorPacket(MysqlIO.java:4006)at com.mysql.jdbc.MysqlIO.sendCommand(MysqlIO.java:2468)at com.mysql.jdbc.MysqlIO.sqlQueryDirect(MysqlIO.java:2629)at com.mysql.jdbc.ConnectionImpl.execSQL(ConnectionImpl.java:2713)at com.mysql.jdbc.ConnectionImpl.execSQL(ConnectionImpl.java:2663)at com.mysql.jdbc.StatementImpl.executeQuery(StatementImpl.java:1599)at sun.reflect.NativeMethodAccessorImpl.invoke0(Native Method)at sun.reflect.NativeMethodAccessorImpl.invoke(NativeMethodAccessorImpl.java:57)at sun.reflect.DelegatingMethodAccessorImpl.invoke(DelegatingMethodAccessorImpl.java:43)at java.lang.reflect.Method.invoke(Method.java:606)at com.p6spy.engine.logging.P6LogStatementExecuteDelegate.invoke(P6LogStatementExecuteDelegate.java:45)at com.p6spy.engine.proxy.GenericInvocationHandler.invoke(GenericInvocationHandler.java:116)at org.p6spy.com.p6spy.engine.proxy.P6Proxy$$EnhancerByCGLIB$$67fa57f7.executeQuery(&lt;generated&gt;)at com.p6spy.engine.spy.P6TestStatement.testFixedDelayed(P6TestStatement.java:185)</pre></div></div></td>
<td></td></tr>
<tr class="b">
<td><img src="images/icon_success_sml.gif" alt="" /></td>
<td>testExecutionThreshold[1: MySQL]</td>
<td>0.286</td></tr>
<tr class="a">
<td><img src="images/icon_success_sml.gif" alt="" /></td>
<td>testExecuteEmptyBatchWithIncludeExcludeNonEmpty[1: MySQL]</td>
<td>0.25</td></tr>
<tr class="b">
<td><img src="images/icon_success_sml.gif" alt="" /></td>
<td>testExecuteBatch[1: MySQL]</td>
<td>0.231</td></tr>
<tr class="a">
<td><img src="images/icon_success_sml.gif" alt="" /></td>
<td>testExecuteQuery[1: MySQL]</td>
<td>0.236</td></tr>
<tr class="b">
<td><img src="images/icon_success_sml.gif" alt="" /></td>
<td>testExecuteEmptyBatchWithIncludeExcludeEmpty[1: MySQL]</td>
<td>0.208</td></tr>
<tr class="a">
<td><img src="images/icon_success_sml.gif" alt="" /></td>
<td>testExecute[2: H2]</td>
<td>1.632</td></tr>
<tr class="b">
<td><img src="images/icon_success_sml.gif" alt="" /></td>
<td>testFixedDelayed[2: H2]</td>
<td>5.416</td></tr>
<tr class="a">
<td><img src="images/icon_success_sml.gif" alt="" /></td>
<td>testExecutionThreshold[2: H2]</td>
<td>0.389</td></tr>
<tr class="b">
<td><img src="images/icon_success_sml.gif" alt="" /></td>
<td>testExecuteEmptyBatchWithIncludeExcludeNonEmpty[2: H2]</td>
<td>0.331</td></tr>
<tr class="a">
<td><img src="images/icon_success_sml.gif" alt="" /></td>
<td>testExecuteBatch[2: H2]</td>
<td>0.347</td></tr>
<tr class="b">
<td><img src="images/icon_success_sml.gif" alt="" /></td>
<td>testExecuteQuery[2: H2]</td>
<td>0.333</td></tr>
<tr class="a">
<td><img src="images/icon_success_sml.gif" alt="" /></td>
<td>testExecuteEmptyBatchWithIncludeExcludeEmpty[2: H2]</td>
<td>0.29</td></tr>
<tr class="b">
<td><img src="images/icon_success_sml.gif" alt="" /></td>
<td>testExecute[3: HSQLDB]</td>
<td>1.048</td></tr>
<tr class="a">
<td><a href="#com.p6spy.engine.spy.P6TestStatement.testFixedDelayed[3: HSQLDB]"><img src="images/icon_error_sml.gif" alt="" /></a></td>
<td><a href="#com.p6spy.engine.spy.P6TestStatement.testFixedDelayed[3: HSQLDB]">testFixedDelayed[3: HSQLDB]</a>
<div class="detailToggle" style="display:inline"><a href="javascript:toggleDisplay(&apos;com_p6spy_engine_spy_P6TestStatement_testFixedDelayed[3: HSQLDB]&apos;);"><span style="display:inline;" id="com_p6spy_engine_spy_P6TestStatement_testFixedDelayed[3: HSQLDB]off"> + </span><span style="display:none;" id="com_p6spy_engine_spy_P6TestStatement_testFixedDelayed[3: HSQLDB]on"> - </span>[ Detail ]</a></div></td>
<td>5.337</td></tr>
<tr class="b">
<td></td>
<td>user lacks privilege or object not found: SYSTEM_RANGE</td>
<td></td></tr>
<tr class="a">
<td></td>
<td>
<div id="com_p6spy_engine_spy_P6TestStatement_testFixedDelayed[3: HSQLDB]error" style="display:none;">
<div>
<pre>java.sql.SQLSyntaxErrorException: user lacks privilege or object not found: SYSTEM_RANGEat org.hsqldb.error.Error.error(Error.java:83)at org.hsqldb.error.Error.error(Error.java:72)at org.hsqldb.SchemaManager.getTable(SchemaManager.java:786)at org.hsqldb.ParserDQL.readTableName(ParserDQL.java:6073)at org.hsqldb.ParserDQL.readTableOrSubquery(ParserDQL.java:1977)at org.hsqldb.ParserDQL.XreadTableReference(ParserDQL.java:1314)at org.hsqldb.ParserDQL.XreadFromClause(ParserDQL.java:1299)at org.hsqldb.ParserDQL.XreadTableExpression(ParserDQL.java:1192)at org.hsqldb.ParserDQL.XreadQuerySpecification(ParserDQL.java:1185)at org.hsqldb.ParserDQL.XreadSimpleTable(ParserDQL.java:1168)at org.hsqldb.ParserDQL.XreadQueryPrimary(ParserDQL.java:1097)at org.hsqldb.ParserDQL.XreadQueryTerm(ParserDQL.java:1063)at org.hsqldb.ParserDQL.XreadQueryExpressionBody(ParserDQL.java:1042)at org.hsqldb.ParserDQL.XreadQueryExpression(ParserDQL.java:1014)at org.hsqldb.ParserDQL.compileCursorSpecification(ParserDQL.java:6231)at org.hsqldb.ParserCommand.compilePart(ParserCommand.java:147)at org.hsqldb.ParserCommand.compileStatements(ParserCommand.java:91)at org.hsqldb.Session.executeDirectStatement(Session.java:1204)at org.hsqldb.Session.execute(Session.java:995)at org.hsqldb.jdbc.JDBCStatement.fetchResult(JDBCStatement.java:1809)at org.hsqldb.jdbc.JDBCStatement.executeQuery(JDBCStatement.java:182)at sun.reflect.GeneratedMethodAccessor222.invoke(Unknown Source)at sun.reflect.DelegatingMethodAccessorImpl.invoke(DelegatingMethodAccessorImpl.java:43)at java.lang.reflect.Method.invoke(Method.java:606)at com.p6spy.engine.logging.P6LogStatementExecuteDelegate.invoke(P6LogStatementExecuteDelegate.java:45)at com.p6spy.engine.proxy.GenericInvocationHandler.invoke(GenericInvocationHandler.java:116)at org.p6spy.$java.sql.Wrapper$$EnhancerByCGLIB$$3e512b5c.executeQuery(&lt;generated&gt;)at com.p6spy.engine.spy.P6TestStatement.testFixedDelayed(P6TestStatement.java:185)</pre></div></div></td>
<td></td></tr>
<tr class="b">
<td><img src="images/icon_success_sml.gif" alt="" /></td>
<td>testExecutionThreshold[3: HSQLDB]</td>
<td>0.314</td></tr>
<tr class="a">
<td><img src="images/icon_success_sml.gif" alt="" /></td>
<td>testExecuteEmptyBatchWithIncludeExcludeNonEmpty[3: HSQLDB]</td>
<td>0.271</td></tr>
<tr class="b">
<td><img src="images/icon_success_sml.gif" alt="" /></td>
<td>testExecuteBatch[3: HSQLDB]</td>
<td>0.243</td></tr>
<tr class="a">
<td><img src="images/icon_success_sml.gif" alt="" /></td>
<td>testExecuteQuery[3: HSQLDB]</td>
<td>0.23</td></tr>
<tr class="b">
<td><img src="images/icon_success_sml.gif" alt="" /></td>
<td>testExecuteEmptyBatchWithIncludeExcludeEmpty[3: HSQLDB]</td>
<td>0.483</td></tr>
<tr class="a">
<td><img src="images/icon_success_sml.gif" alt="" /></td>
<td>testExecute[4: SQLite]</td>
<td>0.449</td></tr>
<tr class="b">
<td><a href="#com.p6spy.engine.spy.P6TestStatement.testFixedDelayed[4: SQLite]"><img src="images/icon_error_sml.gif" alt="" /></a></td>
<td><a href="#com.p6spy.engine.spy.P6TestStatement.testFixedDelayed[4: SQLite]">testFixedDelayed[4: SQLite]</a>
<div class="detailToggle" style="display:inline"><a href="javascript:toggleDisplay(&apos;com_p6spy_engine_spy_P6TestStatement_testFixedDelayed[4: SQLite]&apos;);"><span style="display:inline;" id="com_p6spy_engine_spy_P6TestStatement_testFixedDelayed[4: SQLite]off"> + </span><span style="display:none;" id="com_p6spy_engine_spy_P6TestStatement_testFixedDelayed[4: SQLite]on"> - </span>[ Detail ]</a></div></td>
<td>5.087</td></tr>
<tr class="a">
<td></td>
<td>[SQLITE_ERROR] SQL error or missing database (near &quot;(&quot;: syntax error)</td>
<td></td></tr>
<tr class="b">
<td></td>
<td>
<div id="com_p6spy_engine_spy_P6TestStatement_testFixedDelayed[4: SQLite]error" style="display:none;">
<div>
<pre>java.sql.SQLException: [SQLITE_ERROR] SQL error or missing database (near &quot;(&quot;: syntax error)at org.sqlite.DB.newSQLException(DB.java:383)at org.sqlite.DB.newSQLException(DB.java:387)at org.sqlite.DB.throwex(DB.java:374)at org.sqlite.NativeDB.prepare(Native Method)at org.sqlite.DB.prepare(DB.java:123)at org.sqlite.Stmt.executeQuery(Stmt.java:121)at sun.reflect.GeneratedMethodAccessor222.invoke(Unknown Source)at sun.reflect.DelegatingMethodAccessorImpl.invoke(DelegatingMethodAccessorImpl.java:43)at java.lang.reflect.Method.invoke(Method.java:606)at com.p6spy.engine.logging.P6LogStatementExecuteDelegate.invoke(P6LogStatementExecuteDelegate.java:45)at com.p6spy.engine.proxy.GenericInvocationHandler.invoke(GenericInvocationHandler.java:116)at org.sqlite.Codes$$EnhancerByCGLIB$$178f327d.executeQuery(&lt;generated&gt;)at com.p6spy.engine.spy.P6TestStatement.testFixedDelayed(P6TestStatement.java:185)</pre></div></div></td>
<td></td></tr>
<tr class="a">
<td><img src="images/icon_success_sml.gif" alt="" /></td>
<td>testExecutionThreshold[4: SQLite]</td>
<td>0.085</td></tr>
<tr class="b">
<td><img src="images/icon_success_sml.gif" alt="" /></td>
<td>testExecuteEmptyBatchWithIncludeExcludeNonEmpty[4: SQLite]</td>
<td>0.082</td></tr>
<tr class="a">
<td><img src="images/icon_success_sml.gif" alt="" /></td>
<td>testExecuteBatch[4: SQLite]</td>
<td>0.086</td></tr>
<tr class="b">
<td><img src="images/icon_success_sml.gif" alt="" /></td>
<td>testExecuteQuery[4: SQLite]</td>
<td>0.081</td></tr>
<tr class="a">
<td><img src="images/icon_success_sml.gif" alt="" /></td>
<td>testExecuteEmptyBatchWithIncludeExcludeEmpty[4: SQLite]</td>
<td>0.081</td></tr>
<tr class="b">
<td><img src="images/icon_success_sml.gif" alt="" /></td>
<td>testExecute[5: Firebird]</td>
<td>0.685</td></tr>
<tr class="a">
<td><a href="#com.p6spy.engine.spy.P6TestStatement.testFixedDelayed[5: Firebird]"><img src="images/icon_error_sml.gif" alt="" /></a></td>
<td><a href="#com.p6spy.engine.spy.P6TestStatement.testFixedDelayed[5: Firebird]">testFixedDelayed[5: Firebird]</a>
<div class="detailToggle" style="display:inline"><a href="javascript:toggleDisplay(&apos;com_p6spy_engine_spy_P6TestStatement_testFixedDelayed[5: Firebird]&apos;);"><span style="display:inline;" id="com_p6spy_engine_spy_P6TestStatement_testFixedDelayed[5: Firebird]off"> + </span><span style="display:none;" id="com_p6spy_engine_spy_P6TestStatement_testFixedDelayed[5: Firebird]on"> - </span>[ Detail ]</a></div></td>
<td>5.301</td></tr>
<tr class="b">
<td></td>
<td>GDS Exception. 335544569. Dynamic SQL Error
SQL error code = -204
Procedure unknown
SYSTEM_RANGE
At line 1, column 15</td>
<td></td></tr>
<tr class="a">
<td></td>
<td>
<div id="com_p6spy_engine_spy_P6TestStatement_testFixedDelayed[5: Firebird]error" style="display:none;">
<div>
<pre>org.firebirdsql.jdbc.FBSQLException: GDS Exception. 335544569. Dynamic SQL ErrorSQL error code = -204Procedure unknownSYSTEM_RANGEAt line 1, column 15at org.firebirdsql.gds.impl.wire.AbstractJavaGDSImpl.readStatusVector(AbstractJavaGDSImpl.java:2214)at org.firebirdsql.gds.impl.wire.AbstractJavaGDSImpl.receiveResponse(AbstractJavaGDSImpl.java:2164)at org.firebirdsql.gds.impl.wire.AbstractJavaGDSImpl.iscDsqlPrepare(AbstractJavaGDSImpl.java:1551)at org.firebirdsql.gds.impl.GDSHelper.prepareStatement(GDSHelper.java:190)at org.firebirdsql.jdbc.AbstractStatement.prepareFixedStatement(AbstractStatement.java:1441)at org.firebirdsql.jdbc.AbstractStatement.internalExecute(AbstractStatement.java:1423)at org.firebirdsql.jdbc.AbstractStatement.executeQuery(AbstractStatement.java:219)at sun.reflect.GeneratedMethodAccessor222.invoke(Unknown Source)at sun.reflect.DelegatingMethodAccessorImpl.invoke(DelegatingMethodAccessorImpl.java:43)at java.lang.reflect.Method.invoke(Method.java:606)at com.p6spy.engine.logging.P6LogStatementExecuteDelegate.invoke(P6LogStatementExecuteDelegate.java:45)at com.p6spy.engine.proxy.GenericInvocationHandler.invoke(GenericInvocationHandler.java:116)at org.p6spy.org.firebirdsql.jdbc.Synchronizable$$EnhancerByCGLIB$$39c42bfd.executeQuery(&lt;generated&gt;)at com.p6spy.engine.spy.P6TestStatement.testFixedDelayed(P6TestStatement.java:185)</pre></div></div></td>
<td></td></tr>
<tr class="b">
<td><img src="images/icon_success_sml.gif" alt="" /></td>
<td>testExecutionThreshold[5: Firebird]</td>
<td>0.277</td></tr>
<tr class="a">
<td><img src="images/icon_success_sml.gif" alt="" /></td>
<td>testExecuteEmptyBatchWithIncludeExcludeNonEmpty[5: Firebird]</td>
<td>0.264</td></tr>
<tr class="b">
<td><img src="images/icon_success_sml.gif" alt="" /></td>
<td>testExecuteBatch[5: Firebird]</td>
<td>0.262</td></tr>
<tr class="a">
<td><img src="images/icon_success_sml.gif" alt="" /></td>
<td>testExecuteQuery[5: Firebird]</td>
<td>0.24</td></tr>
<tr class="b">
<td><img src="images/icon_success_sml.gif" alt="" /></td>
<td>testExecuteEmptyBatchWithIncludeExcludeEmpty[5: Firebird]</td>
<td>0.221</td></tr>
<tr class="a">
<td><img src="images/icon_success_sml.gif" alt="" /></td>
<td>testExecute[6: Derby]</td>
<td>4.344</td></tr>
<tr class="b">
<td><a href="#com.p6spy.engine.spy.P6TestStatement.testFixedDelayed[6: Derby]"><img src="images/icon_error_sml.gif" alt="" /></a></td>
<td><a href="#com.p6spy.engine.spy.P6TestStatement.testFixedDelayed[6: Derby]">testFixedDelayed[6: Derby]</a>
<div class="detailToggle" style="display:inline"><a href="javascript:toggleDisplay(&apos;com_p6spy_engine_spy_P6TestStatement_testFixedDelayed[6: Derby]&apos;);"><span style="display:inline;" id="com_p6spy_engine_spy_P6TestStatement_testFixedDelayed[6: Derby]off"> + </span><span style="display:none;" id="com_p6spy_engine_spy_P6TestStatement_testFixedDelayed[6: Derby]on"> - </span>[ Detail ]</a></div></td>
<td>5.828</td></tr>
<tr class="a">
<td></td>
<td>Syntax error: Encountered &quot;(&quot; at line 1, column 27.</td>
<td></td></tr>
<tr class="b">
<td></td>
<td>
<div id="com_p6spy_engine_spy_P6TestStatement_testFixedDelayed[6: Derby]error" style="display:none;">
<div>
<pre>java.sql.SQLSyntaxErrorException: Syntax error: Encountered &quot;(&quot; at line 1, column 27.at org.apache.derby.iapi.error.StandardException.newException(Unknown Source)at org.apache.derby.impl.sql.compile.ParserImpl.parseStatement(Unknown Source)at org.apache.derby.impl.sql.GenericStatement.prepMinion(Unknown Source)at org.apache.derby.impl.sql.GenericStatement.prepare(Unknown Source)at org.apache.derby.impl.sql.conn.GenericLanguageConnectionContext.prepareInternalStatement(Unknown Source)at org.apache.derby.impl.jdbc.EmbedStatement.execute(Unknown Source)at org.apache.derby.impl.jdbc.EmbedStatement.executeQuery(Unknown Source)at sun.reflect.GeneratedMethodAccessor222.invoke(Unknown Source)at sun.reflect.DelegatingMethodAccessorImpl.invoke(DelegatingMethodAccessorImpl.java:43)at java.lang.reflect.Method.invoke(Method.java:606)at com.p6spy.engine.logging.P6LogStatementExecuteDelegate.invoke(P6LogStatementExecuteDelegate.java:45)at com.p6spy.engine.proxy.GenericInvocationHandler.invoke(GenericInvocationHandler.java:116)at org.p6spy.com.p6spy.engine.proxy.P6Proxy$$EnhancerByCGLIB$$34aae879.executeQuery(&lt;generated&gt;)at com.p6spy.engine.spy.P6TestStatement.testFixedDelayed(P6TestStatement.java:185)</pre></div></div></td>
<td></td></tr>
<tr class="a">
<td><img src="images/icon_success_sml.gif" alt="" /></td>
<td>testExecutionThreshold[6: Derby]</td>
<td>0.736</td></tr>
<tr class="b">
<td><img src="images/icon_success_sml.gif" alt="" /></td>
<td>testExecuteEmptyBatchWithIncludeExcludeNonEmpty[6: Derby]</td>
<td>0.688</td></tr>
<tr class="a">
<td><img src="images/icon_success_sml.gif" alt="" /></td>
<td>testExecuteBatch[6: Derby]</td>
<td>0.649</td></tr>
<tr class="b">
<td><img src="images/icon_success_sml.gif" alt="" /></td>
<td>testExecuteQuery[6: Derby]</td>
<td>0.604</td></tr>
<tr class="a">
<td><img src="images/icon_success_sml.gif" alt="" /></td>
<td>testExecuteEmptyBatchWithIncludeExcludeEmpty[6: Derby]</td>
<td>0.533</td></tr>
<tr class="b">
<td><img src="images/icon_success_sml.gif" alt="" /></td>
<td>testExecute[7: Oracle]</td>
<td>0.96</td></tr>
<tr class="a">
<td><a href="#com.p6spy.engine.spy.P6TestStatement.testFixedDelayed[7: Oracle]"><img src="images/icon_error_sml.gif" alt="" /></a></td>
<td><a href="#com.p6spy.engine.spy.P6TestStatement.testFixedDelayed[7: Oracle]">testFixedDelayed[7: Oracle]</a>
<div class="detailToggle" style="display:inline"><a href="javascript:toggleDisplay(&apos;com_p6spy_engine_spy_P6TestStatement_testFixedDelayed[7: Oracle]&apos;);"><span style="display:inline;" id="com_p6spy_engine_spy_P6TestStatement_testFixedDelayed[7: Oracle]off"> + </span><span style="display:none;" id="com_p6spy_engine_spy_P6TestStatement_testFixedDelayed[7: Oracle]on"> - </span>[ Detail ]</a></div></td>
<td>5.346</td></tr>
<tr class="b">
<td></td>
<td>ORA-00933: SQL command not properly ended
</td>
<td></td></tr>
<tr class="a">
<td></td>
<td>
<div id="com_p6spy_engine_spy_P6TestStatement_testFixedDelayed[7: Oracle]error" style="display:none;">
<div>
<pre>java.sql.SQLSyntaxErrorException: ORA-00933: SQL command not properly endedat oracle.jdbc.driver.T4CTTIoer.processError(T4CTTIoer.java:447)at oracle.jdbc.driver.T4CTTIoer.processError(T4CTTIoer.java:396)at oracle.jdbc.driver.T4C8Oall.processError(T4C8Oall.java:951)at oracle.jdbc.driver.T4CTTIfun.receive(T4CTTIfun.java:513)at oracle.jdbc.driver.T4CTTIfun.doRPC(T4CTTIfun.java:227)at oracle.jdbc.driver.T4C8Oall.doOALL(T4C8Oall.java:531)at oracle.jdbc.driver.T4CStatement.doOall8(T4CStatement.java:195)at oracle.jdbc.driver.T4CStatement.executeForDescribe(T4CStatement.java:876)at oracle.jdbc.driver.OracleStatement.executeMaybeDescribe(OracleStatement.java:1175)at oracle.jdbc.driver.OracleStatement.doExecuteWithTimeout(OracleStatement.java:1296)at oracle.jdbc.driver.OracleStatement.executeQuery(OracleStatement.java:1498)at oracle.jdbc.driver.OracleStatementWrapper.executeQuery(OracleStatementWrapper.java:406)at sun.reflect.GeneratedMethodAccessor222.invoke(Unknown Source)at sun.reflect.DelegatingMethodAccessorImpl.invoke(DelegatingMethodAccessorImpl.java:43)at java.lang.reflect.Method.invoke(Method.java:606)at com.p6spy.engine.logging.P6LogStatementExecuteDelegate.invoke(P6LogStatementExecuteDelegate.java:45)at com.p6spy.engine.proxy.GenericInvocationHandler.invoke(GenericInvocationHandler.java:116)at org.p6spy.oracle.jdbc.internal.OracleStatement$$EnhancerByCGLIB$$7ced76ad.executeQuery(&lt;generated&gt;)at com.p6spy.engine.spy.P6TestStatement.testFixedDelayed(P6TestStatement.java:185)</pre></div></div></td>
<td></td></tr>
<tr class="b">
<td><img src="images/icon_success_sml.gif" alt="" /></td>
<td>testExecutionThreshold[7: Oracle]</td>
<td>0.355</td></tr>
<tr class="a">
<td><img src="images/icon_success_sml.gif" alt="" /></td>
<td>testExecuteEmptyBatchWithIncludeExcludeNonEmpty[7: Oracle]</td>
<td>0.336</td></tr>
<tr class="b">
<td><img src="images/icon_success_sml.gif" alt="" /></td>
<td>testExecuteBatch[7: Oracle]</td>
<td>0.332</td></tr>
<tr class="a">
<td><img src="images/icon_success_sml.gif" alt="" /></td>
<td>testExecuteQuery[7: Oracle]</td>
<td>0.319</td></tr>
<tr class="b">
<td><img src="images/icon_success_sml.gif" alt="" /></td>
<td>testExecuteEmptyBatchWithIncludeExcludeEmpty[7: Oracle]</td>
<td>0.314</td></tr></table></div>
<div class="section">
<h3>P6WrapperIsWrapperDelegateTest<a name="P6WrapperIsWrapperDelegateTest"></a></h3><a name="com.p6spy.engine.commonP6WrapperIsWrapperDelegateTest"></a>
<table border="1" class="bodyTable">
<tr class="a">
<td><img src="images/icon_success_sml.gif" alt="" /></td>
<td>testCastableFromUnderlying</td>
<td>0.002</td></tr>
<tr class="b">
<td><img src="images/icon_success_sml.gif" alt="" /></td>
<td>testCastableFromProxy</td>
<td>0.001</td></tr>
<tr class="a">
<td><img src="images/icon_success_sml.gif" alt="" /></td>
<td>testProxyOfWrappedConnection</td>
<td>0.001</td></tr></table></div>
<div class="section">
<h3>P6WrapperUnwrapDelegateTest<a name="P6WrapperUnwrapDelegateTest"></a></h3><a name="com.p6spy.engine.commonP6WrapperUnwrapDelegateTest"></a>
<table border="1" class="bodyTable">
<tr class="a">
<td><img src="images/icon_success_sml.gif" alt="" /></td>
<td>testCastableFromUnderlying</td>
<td>0.063</td></tr>
<tr class="b">
<td><img src="images/icon_success_sml.gif" alt="" /></td>
<td>testCastableFromProxy</td>
<td>0.002</td></tr>
<tr class="a">
<td><img src="images/icon_success_sml.gif" alt="" /></td>
<td>testProxyOfWrappedConnection</td>
<td>0.061</td></tr></table></div>
<div class="section">
<h3>P6UtilTest<a name="P6UtilTest"></a></h3><a name="com.p6spy.engine.commonP6UtilTest"></a>
<table border="1" class="bodyTable">
<tr class="a">
<td><img src="images/icon_success_sml.gif" alt="" /></td>
<td>testSingleLine</td>
<td>0.001</td></tr>
<tr class="b">
<td><img src="images/icon_success_sml.gif" alt="" /></td>
<td>testGetPropertiesMap</td>
<td>0.001</td></tr>
<tr class="a">
<td><img src="images/icon_success_sml.gif" alt="" /></td>
<td>testJoinNullSafe</td>
<td>0.001</td></tr></table></div>
<div class="section">
<h3>CustomHashedHashSetTest<a name="CustomHashedHashSetTest"></a></h3><a name="com.p6spy.engine.commonCustomHashedHashSetTest"></a>
<table border="1" class="bodyTable">
<tr class="a">
<td><img src="images/icon_success_sml.gif" alt="" /></td>
<td>testAdd</td>
<td>0.001</td></tr>
<tr class="b">
<td><img src="images/icon_success_sml.gif" alt="" /></td>
<td>testContains</td>
<td>0.001</td></tr>
<tr class="a">
<td><img src="images/icon_success_sml.gif" alt="" /></td>
<td>testRemove</td>
<td>0.001</td></tr>
<tr class="b">
<td><img src="images/icon_success_sml.gif" alt="" /></td>
<td>testIterator</td>
<td>0.001</td></tr></table></div>
<div class="section">
<h3>MethodNameAndParameterMatcherTest<a name="MethodNameAndParameterMatcherTest"></a></h3><a name="com.p6spy.engine.proxyMethodNameAndParameterMatcherTest"></a>
<table border="1" class="bodyTable">
<tr class="a">
<td><img src="images/icon_success_sml.gif" alt="" /></td>
<td>testParameterMatches</td>
<td>0.005</td></tr>
<tr class="b">
<td><img src="images/icon_success_sml.gif" alt="" /></td>
<td>testWildcardMatch</td>
<td>0.002</td></tr>
<tr class="a">
<td><img src="images/icon_success_sml.gif" alt="" /></td>
<td>testWildcardNotAtEndOfMethodName</td>
<td>0.002</td></tr>
<tr class="b">
<td><img src="images/icon_success_sml.gif" alt="" /></td>
<td>testExactMatch</td>
<td>0.002</td></tr></table></div>
<div class="section">
<h3>MethodNameMatcherTest<a name="MethodNameMatcherTest"></a></h3><a name="com.p6spy.engine.proxyMethodNameMatcherTest"></a>
<table border="1" class="bodyTable">
<tr class="a">
<td><img src="images/icon_success_sml.gif" alt="" /></td>
<td>testWildcardMatch</td>
<td>0.003</td></tr>
<tr class="b">
<td><img src="images/icon_success_sml.gif" alt="" /></td>
<td>testWildcardNotAtEndOfMethodName</td>
<td>0.002</td></tr>
<tr class="a">
<td><img src="images/icon_success_sml.gif" alt="" /></td>
<td>testExactMatch</td>
<td>0.002</td></tr></table></div>
<div class="section">
<h3>GenericInvocationHandlerTest<a name="GenericInvocationHandlerTest"></a></h3><a name="com.p6spy.engine.proxyGenericInvocationHandlerTest"></a>
<table border="1" class="bodyTable">
<tr class="a">
<td><img src="images/icon_success_sml.gif" alt="" /></td>
<td>testExceptionHandlingWithExceptionThrownByMethodWithoutDelegate</td>
<td>0.271</td></tr>
<tr class="b">
<td><img src="images/icon_success_sml.gif" alt="" /></td>
<td>testDelegateReplacement</td>
<td>0.003</td></tr>
<tr class="a">
<td><img src="images/icon_success_sml.gif" alt="" /></td>
<td>testEqualsDelegate</td>
<td>0.019</td></tr>
<tr class="b">
<td><img src="images/icon_success_sml.gif" alt="" /></td>
<td>testInvoke</td>
<td>0.003</td></tr>
<tr class="a">
<td><img src="images/icon_success_sml.gif" alt="" /></td>
<td>testExceptionHandlingWithExceptionThrownByDelegate</td>
<td>0.003</td></tr>
<tr class="b">
<td><img src="images/icon_success_sml.gif" alt="" /></td>
<td>testExceptionHandlingWithExceptionThrownByMethodWithDelegate</td>
<td>0.003</td></tr></table></div>
<div class="section">
<h3>ProxyFactoryTest<a name="ProxyFactoryTest"></a></h3><a name="com.p6spy.engine.proxyProxyFactoryTest"></a>
<table border="1" class="bodyTable">
<tr class="a">
<td><img src="images/icon_success_sml.gif" alt="" /></td>
<td>testIsProxyObject</td>
<td>0.021</td></tr>
<tr class="b">
<td><img src="images/icon_success_sml.gif" alt="" /></td>
<td>testCreateProxy</td>
<td>0.001</td></tr>
<tr class="a">
<td><img src="images/icon_success_sml.gif" alt="" /></td>
<td>testIsProxyClass</td>
<td>0.002</td></tr></table></div>
<div class="section">
<h3>SignedJarTest<a name="SignedJarTest"></a></h3><a name="com.p6spy.engine.proxySignedJarTest"></a>
<table border="1" class="bodyTable">
<tr class="a">
<td><img src="images/icon_success_sml.gif" alt="" /></td>
<td>testProxyOfClassFromSignedJar</td>
<td>0.185</td></tr></table></div>
<div class="section">
<h3>MethodNameAndParameterLikeMatcherTest<a name="MethodNameAndParameterLikeMatcherTest"></a></h3><a name="com.p6spy.engine.proxyMethodNameAndParameterLikeMatcherTest"></a>
<table border="1" class="bodyTable">
<tr class="a">
<td><img src="images/icon_success_sml.gif" alt="" /></td>
<td>testParameterMatches</td>
<td>0.017</td></tr></table></div>
<div class="section">
<h3>CacheTest<a name="CacheTest"></a></h3><a name="com.p6spy.engine.proxy.cacheCacheTest"></a>
<table border="1" class="bodyTable">
<tr class="a">
<td><img src="images/icon_success_sml.gif" alt="" /></td>
<td>testPutAndContains</td>
<td>0.005</td></tr>
<tr class="b">
<td><img src="images/icon_success_sml.gif" alt="" /></td>
<td>testClear</td>
<td>0.001</td></tr>
<tr class="a">
<td><img src="images/icon_success_sml.gif" alt="" /></td>
<td>testNewCacheInstance</td>
<td>0</td></tr>
<tr class="b">
<td><img src="images/icon_success_sml.gif" alt="" /></td>
<td>testPutAndGet</td>
<td>0.001</td></tr></table></div>
<div class="section">
<h3>MethodMatcherCacheKeyTest<a name="MethodMatcherCacheKeyTest"></a></h3><a name="com.p6spy.engine.proxy.cacheMethodMatcherCacheKeyTest"></a>
<table border="1" class="bodyTable">
<tr class="a">
<td><img src="images/icon_success_sml.gif" alt="" /></td>
<td>testHashCode</td>
<td>0.023</td></tr>
<tr class="b">
<td><img src="images/icon_success_sml.gif" alt="" /></td>
<td>testEquals</td>
<td>0.001</td></tr></table></div><br /></div>
<div class="section">
<h2>Failure Details<a name="Failure_Details"></a></h2><a name="Failure_Details"></a>
<p>[<a href="#Summary">Summary</a>] [<a href="#Package_List">Package List</a>] [<a href="#Test_Cases">Test Cases</a>]</p><br />
<table border="1" class="bodyTable">
<tr class="a">
<td><img src="images/icon_error_sml.gif" alt="" /></td>
<td><a name="com.p6spy.engine.spy.P6TestPreparedStatement.testExecuteDelayed0:_PostgreSQL"></a>testExecuteDelayed[0: PostgreSQL]</td></tr>
<tr class="b">
<td></td>
<td>java.lang.AssertionError: ERROR: function system_range(integer, integer) does not exist
  Hint: No function matches the given name and argument types. You might need to add explicit type casts.
  Position: 15 due to error:
org.postgresql.util.PSQLException: ERROR: function system_range(integer, integer) does not exist
  Hint: No function matches the given name and argument types. You might need to add explicit type casts.
  Position: 15
 at org.postgresql.core.v3.QueryExecutorImpl.receiveErrorResponse(QueryExecutorImpl.java:2161)
 at org.postgresql.core.v3.QueryExecutorImpl.processResults(QueryExecutorImpl.java:1890)
 at org.postgresql.core.v3.QueryExecutorImpl.execute(QueryExecutorImpl.java:255)
 at org.postgresql.jdbc2.AbstractJdbc2Statement.execute(AbstractJdbc2Statement.java:560)
 at org.postgresql.jdbc2.AbstractJdbc2Statement.executeWithFlags(AbstractJdbc2Statement.java:417)
 at org.postgresql.jdbc2.AbstractJdbc2Statement.executeQuery(AbstractJdbc2Statement.java:302)
 at sun.reflect.GeneratedMethodAccessor345.invoke(Unknown Source)
 at sun.reflect.DelegatingMethodAccessorImpl.invoke(DelegatingMethodAccessorImpl.java:43)
 at java.lang.reflect.Method.invoke(Method.java:606)
 at com.p6spy.engine.logging.P6LogPreparedStatementExecuteDelegate.invoke(P6LogPreparedStatementExecuteDelegate.java:42)
 at com.p6spy.engine.proxy.GenericInvocationHandler.invoke(GenericInvocationHandler.java:116)
 at org.p6spy.$java.sql.Statement$$EnhancerByCGLIB$$19fe12ce.executeQuery(&lt;generated&gt;)
 at com.p6spy.engine.spy.P6TestPreparedStatement.testExecuteDelayed(P6TestPreparedStatement.java:108)
 at sun.reflect.NativeMethodAccessorImpl.invoke0(Native Method)
 at sun.reflect.NativeMethodAccessorImpl.invoke(NativeMethodAccessorImpl.java:57)
 at sun.reflect.DelegatingMethodAccessorImpl.invoke(DelegatingMethodAccessorImpl.java:43)
 at java.lang.reflect.Method.invoke(Method.java:606)
 at org.junit.runners.model.FrameworkMethod$1.runReflectiveCall(FrameworkMethod.java:47)
 at org.junit.internal.runners.model.ReflectiveCallable.run(ReflectiveCallable.java:12)
 at org.junit.runners.model.FrameworkMethod.invokeExplosively(FrameworkMethod.java:44)
 at org.junit.internal.runners.statements.InvokeMethod.evaluate(InvokeMethod.java:17)
 at org.junit.internal.runners.statements.RunBefores.evaluate(RunBefores.java:26)
 at org.junit.internal.runners.statements.RunAfters.evaluate(RunAfters.java:27)
 at org.junit.rules.TestWatcher$1.evaluate(TestWatcher.java:55)
 at org.junit.rules.RunRules.evaluate(RunRules.java:20)
 at org.junit.runners.ParentRunner.runLeaf(ParentRunner.java:271)
 at org.junit.runners.BlockJUnit4ClassRunner.runChild(BlockJUnit4ClassRunner.java:70)
 at org.junit.runners.BlockJUnit4ClassRunner.runChild(BlockJUnit4ClassRunner.java:50)
 at org.junit.runners.ParentRunner$3.run(ParentRunner.java:238)
 at org.junit.runners.ParentRunner$1.schedule(ParentRunner.java:63)
 at org.junit.runners.ParentRunner.runChildren(ParentRunner.java:236)
 at org.junit.runners.ParentRunner.access$000(ParentRunner.java:53)
 at org.junit.runners.ParentRunner$2.evaluate(ParentRunner.java:229)
 at org.junit.runners.ParentRunner.run(ParentRunner.java:309)
 at org.junit.runners.Suite.runChild(Suite.java:127)
 at org.junit.runners.Suite.runChild(Suite.java:26)
 at org.junit.runners.ParentRunner$3.run(ParentRunner.java:238)
 at org.junit.runners.ParentRunner$1.schedule(ParentRunner.java:63)
 at org.junit.runners.ParentRunner.runChildren(ParentRunner.java:236)
 at org.junit.runners.ParentRunner.access$000(ParentRunner.java:53)
 at org.junit.runners.ParentRunner$2.evaluate(ParentRunner.java:229)
 at org.junit.runners.ParentRunner.run(ParentRunner.java:309)
 at org.apache.maven.surefire.junit4.JUnit4Provider.execute(JUnit4Provider.java:264)
 at org.apache.maven.surefire.junit4.JUnit4Provider.executeTestSet(JUnit4Provider.java:153)
 at org.apache.maven.surefire.junit4.JUnit4Provider.invoke(JUnit4Provider.java:124)
 at org.apache.maven.surefire.booter.ForkedBooter.invokeProviderInSameClassLoader(ForkedBooter.java:200)
 at org.apache.maven.surefire.booter.ForkedBooter.runSuitesInProcess(ForkedBooter.java:153)
 at org.apache.maven.surefire.booter.ForkedBooter.main(ForkedBooter.java:103)
</td></tr>                                                                                                                                                                                                                            
<tr class="a">
<td></td>
<td>
<div id="testExecuteDelayed[0: PostgreSQL]error"><a href="./xref-test/com/p6spy/engine/spy/P6TestPreparedStatement.html#">com.p6spy.engine.spy.P6TestPreparedStatement:</a></div></td></tr>
<tr class="b">
<td><img src="images/icon_error_sml.gif" alt="" /></td>
<td><a name="com.p6spy.engine.spy.P6TestPreparedStatement.testExecuteDelayed1:_MySQL"></a>testExecuteDelayed[1: MySQL]</td></tr>
<tr class="a">
<td></td>
<td>java.lang.AssertionError: You have an error in your SQL syntax; check the manual that corresponds to your MySQL server version for the right syntax to use near '(1,1)' at line 1 due to error:
com.mysql.jdbc.exceptions.jdbc4.MySQLSyntaxErrorException: You have an error in your SQL syntax; check the manual that corresponds to your MySQL server version for the right syntax to use near '(1,1)' at line 1
 at sun.reflect.GeneratedConstructorAccessor258.newInstance(Unknown Source)
 at sun.reflect.DelegatingConstructorAccessorImpl.newInstance(DelegatingConstructorAccessorImpl.java:45)
 at java.lang.reflect.Constructor.newInstance(Constructor.java:526)
 at com.mysql.jdbc.Util.handleNewInstance(Util.java:411)
 at com.mysql.jdbc.Util.getInstance(Util.java:386)
 at com.mysql.jdbc.SQLError.createSQLException(SQLError.java:1053)
 at com.mysql.jdbc.MysqlIO.checkErrorPacket(MysqlIO.java:4074)
 at com.mysql.jdbc.MysqlIO.checkErrorPacket(MysqlIO.java:4006)
 at com.mysql.jdbc.MysqlIO.sendCommand(MysqlIO.java:2468)
 at com.mysql.jdbc.MysqlIO.sqlQueryDirect(MysqlIO.java:2629)
 at com.mysql.jdbc.ConnectionImpl.execSQL(ConnectionImpl.java:2719)
 at com.mysql.jdbc.PreparedStatement.executeInternal(PreparedStatement.java:2155)
 at com.mysql.jdbc.PreparedStatement.executeQuery(PreparedStatement.java:2318)
 at sun.reflect.GeneratedMethodAccessor345.invoke(Unknown Source)
 at sun.reflect.DelegatingMethodAccessorImpl.invoke(DelegatingMethodAccessorImpl.java:43)
 at java.lang.reflect.Method.invoke(Method.java:606)
 at com.p6spy.engine.logging.P6LogPreparedStatementExecuteDelegate.invoke(P6LogPreparedStatementExecuteDelegate.java:42)
 at com.p6spy.engine.proxy.GenericInvocationHandler.invoke(GenericInvocationHandler.java:116)
 at org.p6spy.com.p6spy.engine.proxy.P6Proxy$$EnhancerByCGLIB$$638ed481.executeQuery(&lt;generated&gt;)
 at com.p6spy.engine.spy.P6TestPreparedStatement.testExecuteDelayed(P6TestPreparedStatement.java:108)
 at sun.reflect.NativeMethodAccessorImpl.invoke0(Native Method)
 at sun.reflect.NativeMethodAccessorImpl.invoke(NativeMethodAccessorImpl.java:57)
 at sun.reflect.DelegatingMethodAccessorImpl.invoke(DelegatingMethodAccessorImpl.java:43)
 at java.lang.reflect.Method.invoke(Method.java:606)
 at org.junit.runners.model.FrameworkMethod$1.runReflectiveCall(FrameworkMethod.java:47)
 at org.junit.internal.runners.model.ReflectiveCallable.run(ReflectiveCallable.java:12)
 at org.junit.runners.model.FrameworkMethod.invokeExplosively(FrameworkMethod.java:44)
 at org.junit.internal.runners.statements.InvokeMethod.evaluate(InvokeMethod.java:17)
 at org.junit.internal.runners.statements.RunBefores.evaluate(RunBefores.java:26)
 at org.junit.internal.runners.statements.RunAfters.evaluate(RunAfters.java:27)
 at org.junit.rules.TestWatcher$1.evaluate(TestWatcher.java:55)
 at org.junit.rules.RunRules.evaluate(RunRules.java:20)
 at org.junit.runners.ParentRunner.runLeaf(ParentRunner.java:271)
 at org.junit.runners.BlockJUnit4ClassRunner.runChild(BlockJUnit4ClassRunner.java:70)
 at org.junit.runners.BlockJUnit4ClassRunner.runChild(BlockJUnit4ClassRunner.java:50)
 at org.junit.runners.ParentRunner$3.run(ParentRunner.java:238)
 at org.junit.runners.ParentRunner$1.schedule(ParentRunner.java:63)
 at org.junit.runners.ParentRunner.runChildren(ParentRunner.java:236)
 at org.junit.runners.ParentRunner.access$000(ParentRunner.java:53)
 at org.junit.runners.ParentRunner$2.evaluate(ParentRunner.java:229)
 at org.junit.runners.ParentRunner.run(ParentRunner.java:309)
 at org.junit.runners.Suite.runChild(Suite.java:127)
 at org.junit.runners.Suite.runChild(Suite.java:26)
 at org.junit.runners.ParentRunner$3.run(ParentRunner.java:238)
 at org.junit.runners.ParentRunner$1.schedule(ParentRunner.java:63)
 at org.junit.runners.ParentRunner.runChildren(ParentRunner.java:236)
 at org.junit.runners.ParentRunner.access$000(ParentRunner.java:53)
 at org.junit.runners.ParentRunner$2.evaluate(ParentRunner.java:229)
 at org.junit.runners.ParentRunner.run(ParentRunner.java:309)
 at org.apache.maven.surefire.junit4.JUnit4Provider.execute(JUnit4Provider.java:264)
 at org.apache.maven.surefire.junit4.JUnit4Provider.executeTestSet(JUnit4Provider.java:153)
 at org.apache.maven.surefire.junit4.JUnit4Provider.invoke(JUnit4Provider.java:124)
 at org.apache.maven.surefire.booter.ForkedBooter.invokeProviderInSameClassLoader(ForkedBooter.java:200)
 at org.apache.maven.surefire.booter.ForkedBooter.runSuitesInProcess(ForkedBooter.java:153)
 at org.apache.maven.surefire.booter.ForkedBooter.main(ForkedBooter.java:103)
</td></tr>                                                                                                                                                                                                                                        
<tr class="b">
<td></td>
<td>
<div id="testExecuteDelayed[1: MySQL]error"><a href="./xref-test/com/p6spy/engine/spy/P6TestPreparedStatement.html#">com.p6spy.engine.spy.P6TestPreparedStatement:</a></div></td></tr>
<tr class="a">
<td><img src="images/icon_error_sml.gif" alt="" /></td>
<td><a name="com.p6spy.engine.spy.P6TestPreparedStatement.testExecuteDelayed3:_HSQLDB"></a>testExecuteDelayed[3: HSQLDB]</td></tr>
<tr class="b">
<td></td>
<td>java.lang.AssertionError: user lacks privilege or object not found: SYSTEM_RANGE due to error:
java.sql.SQLSyntaxErrorException: user lacks privilege or object not found: SYSTEM_RANGE
 at org.hsqldb.jdbc.JDBCUtil.sqlException(JDBCUtil.java:376)
 at org.hsqldb.jdbc.JDBCUtil.sqlException(JDBCUtil.java:247)
 at org.hsqldb.jdbc.JDBCPreparedStatement.&lt;init&gt;(JDBCPreparedStatement.java:3890)
 at org.hsqldb.jdbc.JDBCConnection.prepareStatement(JDBCConnection.java:641)
 at sun.reflect.GeneratedMethodAccessor343.invoke(Unknown Source)
 at sun.reflect.DelegatingMethodAccessorImpl.invoke(DelegatingMethodAccessorImpl.java:43)
 at java.lang.reflect.Method.invoke(Method.java:606)
 at com.p6spy.engine.logging.P6LogConnectionPrepareStatementDelegate.invoke(P6LogConnectionPrepareStatementDelegate.java:38)
 at com.p6spy.engine.proxy.GenericInvocationHandler.invoke(GenericInvocationHandler.java:116)
 at org.p6spy.com.p6spy.engine.proxy.P6Proxy$$EnhancerByCGLIB$$2861afce.prepareStatement(&lt;generated&gt;)
 at com.p6spy.engine.spy.P6TestPreparedStatement.getPreparedStatement(P6TestPreparedStatement.java:301)
 at com.p6spy.engine.spy.P6TestPreparedStatement.testExecuteDelayed(P6TestPreparedStatement.java:104)
 at sun.reflect.NativeMethodAccessorImpl.invoke0(Native Method)
 at sun.reflect.NativeMethodAccessorImpl.invoke(NativeMethodAccessorImpl.java:57)
 at sun.reflect.DelegatingMethodAccessorImpl.invoke(DelegatingMethodAccessorImpl.java:43)
 at java.lang.reflect.Method.invoke(Method.java:606)
 at org.junit.runners.model.FrameworkMethod$1.runReflectiveCall(FrameworkMethod.java:47)
 at org.junit.internal.runners.model.ReflectiveCallable.run(ReflectiveCallable.java:12)
 at org.junit.runners.model.FrameworkMethod.invokeExplosively(FrameworkMethod.java:44)
 at org.junit.internal.runners.statements.InvokeMethod.evaluate(InvokeMethod.java:17)
 at org.junit.internal.runners.statements.RunBefores.evaluate(RunBefores.java:26)
 at org.junit.internal.runners.statements.RunAfters.evaluate(RunAfters.java:27)
 at org.junit.rules.TestWatcher$1.evaluate(TestWatcher.java:55)
 at org.junit.rules.RunRules.evaluate(RunRules.java:20)
 at org.junit.runners.ParentRunner.runLeaf(ParentRunner.java:271)
 at org.junit.runners.BlockJUnit4ClassRunner.runChild(BlockJUnit4ClassRunner.java:70)
 at org.junit.runners.BlockJUnit4ClassRunner.runChild(BlockJUnit4ClassRunner.java:50)
 at org.junit.runners.ParentRunner$3.run(ParentRunner.java:238)
 at org.junit.runners.ParentRunner$1.schedule(ParentRunner.java:63)
 at org.junit.runners.ParentRunner.runChildren(ParentRunner.java:236)
 at org.junit.runners.ParentRunner.access$000(ParentRunner.java:53)
 at org.junit.runners.ParentRunner$2.evaluate(ParentRunner.java:229)
 at org.junit.runners.ParentRunner.run(ParentRunner.java:309)
 at org.junit.runners.Suite.runChild(Suite.java:127)
 at org.junit.runners.Suite.runChild(Suite.java:26)
 at org.junit.runners.ParentRunner$3.run(ParentRunner.java:238)
 at org.junit.runners.ParentRunner$1.schedule(ParentRunner.java:63)
 at org.junit.runners.ParentRunner.runChildren(ParentRunner.java:236)
 at org.junit.runners.ParentRunner.access$000(ParentRunner.java:53)
 at org.junit.runners.ParentRunner$2.evaluate(ParentRunner.java:229)
 at org.junit.runners.ParentRunner.run(ParentRunner.java:309)
 at org.apache.maven.surefire.junit4.JUnit4Provider.execute(JUnit4Provider.java:264)
 at org.apache.maven.surefire.junit4.JUnit4Provider.executeTestSet(JUnit4Provider.java:153)
 at org.apache.maven.surefire.junit4.JUnit4Provider.invoke(JUnit4Provider.java:124)
 at org.apache.maven.surefire.booter.ForkedBooter.invokeProviderInSameClassLoader(ForkedBooter.java:200)
 at org.apache.maven.surefire.booter.ForkedBooter.runSuitesInProcess(ForkedBooter.java:153)
 at org.apache.maven.surefire.booter.ForkedBooter.main(ForkedBooter.java:103)
Caused by: org.hsqldb.HsqlException: user lacks privilege or object not found: SYSTEM_RANGE
 at org.hsqldb.error.Error.error(Error.java:83)
 at org.hsqldb.error.Error.error(Error.java:72)
 at org.hsqldb.SchemaManager.getTable(SchemaManager.java:786)
 at org.hsqldb.ParserDQL.readTableName(ParserDQL.java:6073)
 at org.hsqldb.ParserDQL.readTableOrSubquery(ParserDQL.java:1977)
 at org.hsqldb.ParserDQL.XreadTableReference(ParserDQL.java:1314)
 at org.hsqldb.ParserDQL.XreadFromClause(ParserDQL.java:1299)
 at org.hsqldb.ParserDQL.XreadTableExpression(ParserDQL.java:1192)
 at org.hsqldb.ParserDQL.XreadQuerySpecification(ParserDQL.java:1185)
 at org.hsqldb.ParserDQL.XreadSimpleTable(ParserDQL.java:1168)
 at org.hsqldb.ParserDQL.XreadQueryPrimary(ParserDQL.java:1097)
 at org.hsqldb.ParserDQL.XreadQueryTerm(ParserDQL.java:1063)
 at org.hsqldb.ParserDQL.XreadQueryExpressionBody(ParserDQL.java:1042)
 at org.hsqldb.ParserDQL.XreadQueryExpression(ParserDQL.java:1014)
 at org.hsqldb.ParserDQL.compileCursorSpecification(ParserDQL.java:6231)
 at org.hsqldb.ParserCommand.compilePart(ParserCommand.java:147)
 at org.hsqldb.ParserCommand.compileStatement(ParserCommand.java:64)
 at org.hsqldb.Session.compileStatement(Session.java:910)
 at org.hsqldb.StatementManager.compile(StatementManager.java:375)
 at org.hsqldb.Session.execute(Session.java:1014)
 at org.hsqldb.jdbc.JDBCPreparedStatement.&lt;init&gt;(JDBCPreparedStatement.java:3887)
 ... 44 more
</td></tr>                                                                                                                                                                                                                                                                                                    
<tr class="a">
<td></td>
<td>
<div id="testExecuteDelayed[3: HSQLDB]error"><a href="./xref-test/com/p6spy/engine/spy/P6TestPreparedStatement.html#">com.p6spy.engine.spy.P6TestPreparedStatement:</a></div></td></tr>
<tr class="b">
<td><img src="images/icon_error_sml.gif" alt="" /></td>
<td><a name="com.p6spy.engine.spy.P6TestPreparedStatement.testExecuteDelayed4:_SQLite"></a>testExecuteDelayed[4: SQLite]</td></tr>
<tr class="a">
<td></td>
<td>java.lang.AssertionError: [SQLITE_ERROR] SQL error or missing database (near &quot;(&quot;: syntax error) due to error:
java.sql.SQLException: [SQLITE_ERROR] SQL error or missing database (near &quot;(&quot;: syntax error)
 at org.sqlite.DB.newSQLException(DB.java:383)
 at org.sqlite.DB.newSQLException(DB.java:387)
 at org.sqlite.DB.throwex(DB.java:374)
 at org.sqlite.NativeDB.prepare(Native Method)
 at org.sqlite.DB.prepare(DB.java:123)
 at org.sqlite.PrepStmt.&lt;init&gt;(PrepStmt.java:42)
 at org.sqlite.Conn.prepareStatement(Conn.java:404)
 at org.sqlite.Conn.prepareStatement(Conn.java:399)
 at org.sqlite.Conn.prepareStatement(Conn.java:383)
 at sun.reflect.GeneratedMethodAccessor343.invoke(Unknown Source)
 at sun.reflect.DelegatingMethodAccessorImpl.invoke(DelegatingMethodAccessorImpl.java:43)
 at java.lang.reflect.Method.invoke(Method.java:606)
 at com.p6spy.engine.logging.P6LogConnectionPrepareStatementDelegate.invoke(P6LogConnectionPrepareStatementDelegate.java:38)
 at com.p6spy.engine.proxy.GenericInvocationHandler.invoke(GenericInvocationHandler.java:116)
 at org.p6spy.com.p6spy.engine.proxy.P6Proxy$$EnhancerByCGLIB$$2861afce.prepareStatement(&lt;generated&gt;)
 at com.p6spy.engine.spy.P6TestPreparedStatement.getPreparedStatement(P6TestPreparedStatement.java:301)
 at com.p6spy.engine.spy.P6TestPreparedStatement.testExecuteDelayed(P6TestPreparedStatement.java:104)
 at sun.reflect.NativeMethodAccessorImpl.invoke0(Native Method)
 at sun.reflect.NativeMethodAccessorImpl.invoke(NativeMethodAccessorImpl.java:57)
 at sun.reflect.DelegatingMethodAccessorImpl.invoke(DelegatingMethodAccessorImpl.java:43)
 at java.lang.reflect.Method.invoke(Method.java:606)
 at org.junit.runners.model.FrameworkMethod$1.runReflectiveCall(FrameworkMethod.java:47)
 at org.junit.internal.runners.model.ReflectiveCallable.run(ReflectiveCallable.java:12)
 at org.junit.runners.model.FrameworkMethod.invokeExplosively(FrameworkMethod.java:44)
 at org.junit.internal.runners.statements.InvokeMethod.evaluate(InvokeMethod.java:17)
 at org.junit.internal.runners.statements.RunBefores.evaluate(RunBefores.java:26)
 at org.junit.internal.runners.statements.RunAfters.evaluate(RunAfters.java:27)
 at org.junit.rules.TestWatcher$1.evaluate(TestWatcher.java:55)
 at org.junit.rules.RunRules.evaluate(RunRules.java:20)
 at org.junit.runners.ParentRunner.runLeaf(ParentRunner.java:271)
 at org.junit.runners.BlockJUnit4ClassRunner.runChild(BlockJUnit4ClassRunner.java:70)
 at org.junit.runners.BlockJUnit4ClassRunner.runChild(BlockJUnit4ClassRunner.java:50)
 at org.junit.runners.ParentRunner$3.run(ParentRunner.java:238)
 at org.junit.runners.ParentRunner$1.schedule(ParentRunner.java:63)
 at org.junit.runners.ParentRunner.runChildren(ParentRunner.java:236)
 at org.junit.runners.ParentRunner.access$000(ParentRunner.java:53)
 at org.junit.runners.ParentRunner$2.evaluate(ParentRunner.java:229)
 at org.junit.runners.ParentRunner.run(ParentRunner.java:309)
 at org.junit.runners.Suite.runChild(Suite.java:127)
 at org.junit.runners.Suite.runChild(Suite.java:26)
 at org.junit.runners.ParentRunner$3.run(ParentRunner.java:238)
 at org.junit.runners.ParentRunner$1.schedule(ParentRunner.java:63)
 at org.junit.runners.ParentRunner.runChildren(ParentRunner.java:236)
 at org.junit.runners.ParentRunner.access$000(ParentRunner.java:53)
 at org.junit.runners.ParentRunner$2.evaluate(ParentRunner.java:229)
 at org.junit.runners.ParentRunner.run(ParentRunner.java:309)
 at org.apache.maven.surefire.junit4.JUnit4Provider.execute(JUnit4Provider.java:264)
 at org.apache.maven.surefire.junit4.JUnit4Provider.executeTestSet(JUnit4Provider.java:153)
 at org.apache.maven.surefire.junit4.JUnit4Provider.invoke(JUnit4Provider.java:124)
 at org.apache.maven.surefire.booter.ForkedBooter.invokeProviderInSameClassLoader(ForkedBooter.java:200)
 at org.apache.maven.surefire.booter.ForkedBooter.runSuitesInProcess(ForkedBooter.java:153)
 at org.apache.maven.surefire.booter.ForkedBooter.main(ForkedBooter.java:103)
</td></tr>                                                                                                                                                                                                                            
<tr class="b">
<td></td>
<td>
<div id="testExecuteDelayed[4: SQLite]error"><a href="./xref-test/com/p6spy/engine/spy/P6TestPreparedStatement.html#">com.p6spy.engine.spy.P6TestPreparedStatement:</a></div></td></tr>
<tr class="a">
<td><img src="images/icon_error_sml.gif" alt="" /></td>
<td><a name="com.p6spy.engine.spy.P6TestPreparedStatement.testExecuteDelayed5:_Firebird"></a>testExecuteDelayed[5: Firebird]</td></tr>
<tr class="b">
<td></td>
<td>java.lang.AssertionError: GDS Exception. 335544569. Dynamic SQL Error
SQL error code = -204
Procedure unknown
SYSTEM_RANGE
At line 1, column 15 due to error:
org.firebirdsql.jdbc.FBSQLException: GDS Exception. 335544569. Dynamic SQL Error
SQL error code = -204
Procedure unknown
SYSTEM_RANGE
At line 1, column 15
 at org.firebirdsql.jdbc.AbstractPreparedStatement.&lt;init&gt;(AbstractPreparedStatement.java:141)
 at org.firebirdsql.jdbc.FBPreparedStatement.&lt;init&gt;(FBPreparedStatement.java:45)
 at sun.reflect.GeneratedConstructorAccessor74.newInstance(Unknown Source)
 at sun.reflect.DelegatingConstructorAccessorImpl.newInstance(DelegatingConstructorAccessorImpl.java:45)
 at java.lang.reflect.Constructor.newInstance(Constructor.java:526)
 at org.firebirdsql.jdbc.FBStatementFactory.createPreparedStatement(FBStatementFactory.java:89)
 at org.firebirdsql.jdbc.AbstractConnection.prepareStatement(AbstractConnection.java:1187)
 at org.firebirdsql.jdbc.AbstractConnection.prepareStatement(AbstractConnection.java:942)
 at org.firebirdsql.jdbc.AbstractConnection.prepareStatement(AbstractConnection.java:896)
 at org.firebirdsql.jdbc.AbstractConnection.prepareStatement(AbstractConnection.java:324)
 at sun.reflect.GeneratedMethodAccessor343.invoke(Unknown Source)
 at sun.reflect.DelegatingMethodAccessorImpl.invoke(DelegatingMethodAccessorImpl.java:43)
 at java.lang.reflect.Method.invoke(Method.java:606)
 at com.p6spy.engine.logging.P6LogConnectionPrepareStatementDelegate.invoke(P6LogConnectionPrepareStatementDelegate.java:38)
 at com.p6spy.engine.proxy.GenericInvocationHandler.invoke(GenericInvocationHandler.java:116)
 at org.p6spy.org.firebirdsql.jdbc.FirebirdConnection$$EnhancerByCGLIB$$e5a52e91.prepareStatement(&lt;generated&gt;)
 at com.p6spy.engine.spy.P6TestPreparedStatement.getPreparedStatement(P6TestPreparedStatement.java:301)
 at com.p6spy.engine.spy.P6TestPreparedStatement.testExecuteDelayed(P6TestPreparedStatement.java:104)
 at sun.reflect.NativeMethodAccessorImpl.invoke0(Native Method)
 at sun.reflect.NativeMethodAccessorImpl.invoke(NativeMethodAccessorImpl.java:57)
 at sun.reflect.DelegatingMethodAccessorImpl.invoke(DelegatingMethodAccessorImpl.java:43)
 at java.lang.reflect.Method.invoke(Method.java:606)
 at org.junit.runners.model.FrameworkMethod$1.runReflectiveCall(FrameworkMethod.java:47)
 at org.junit.internal.runners.model.ReflectiveCallable.run(ReflectiveCallable.java:12)
 at org.junit.runners.model.FrameworkMethod.invokeExplosively(FrameworkMethod.java:44)
 at org.junit.internal.runners.statements.InvokeMethod.evaluate(InvokeMethod.java:17)
 at org.junit.internal.runners.statements.RunBefores.evaluate(RunBefores.java:26)
 at org.junit.internal.runners.statements.RunAfters.evaluate(RunAfters.java:27)
 at org.junit.rules.TestWatcher$1.evaluate(TestWatcher.java:55)
 at org.junit.rules.RunRules.evaluate(RunRules.java:20)
 at org.junit.runners.ParentRunner.runLeaf(ParentRunner.java:271)
 at org.junit.runners.BlockJUnit4ClassRunner.runChild(BlockJUnit4ClassRunner.java:70)
 at org.junit.runners.BlockJUnit4ClassRunner.runChild(BlockJUnit4ClassRunner.java:50)
 at org.junit.runners.ParentRunner$3.run(ParentRunner.java:238)
 at org.junit.runners.ParentRunner$1.schedule(ParentRunner.java:63)
 at org.junit.runners.ParentRunner.runChildren(ParentRunner.java:236)
 at org.junit.runners.ParentRunner.access$000(ParentRunner.java:53)
 at org.junit.runners.ParentRunner$2.evaluate(ParentRunner.java:229)
 at org.junit.runners.ParentRunner.run(ParentRunner.java:309)
 at org.junit.runners.Suite.runChild(Suite.java:127)
 at org.junit.runners.Suite.runChild(Suite.java:26)
 at org.junit.runners.ParentRunner$3.run(ParentRunner.java:238)
 at org.junit.runners.ParentRunner$1.schedule(ParentRunner.java:63)
 at org.junit.runners.ParentRunner.runChildren(ParentRunner.java:236)
 at org.junit.runners.ParentRunner.access$000(ParentRunner.java:53)
 at org.junit.runners.ParentRunner$2.evaluate(ParentRunner.java:229)
 at org.junit.runners.ParentRunner.run(ParentRunner.java:309)
 at org.apache.maven.surefire.junit4.JUnit4Provider.execute(JUnit4Provider.java:264)
 at org.apache.maven.surefire.junit4.JUnit4Provider.executeTestSet(JUnit4Provider.java:153)
 at org.apache.maven.surefire.junit4.JUnit4Provider.invoke(JUnit4Provider.java:124)
 at org.apache.maven.surefire.booter.ForkedBooter.invokeProviderInSameClassLoader(ForkedBooter.java:200)
 at org.apache.maven.surefire.booter.ForkedBooter.runSuitesInProcess(ForkedBooter.java:153)
 at org.apache.maven.surefire.booter.ForkedBooter.main(ForkedBooter.java:103)
Caused by: org.firebirdsql.gds.GDSException: Dynamic SQL Error
SQL error code = -204
Procedure unknown
SYSTEM_RANGE
At line 1, column 15
 at org.firebirdsql.gds.impl.wire.AbstractJavaGDSImpl.readStatusVector(AbstractJavaGDSImpl.java:2214)
 at org.firebirdsql.gds.impl.wire.AbstractJavaGDSImpl.receiveResponse(AbstractJavaGDSImpl.java:2164)
 at org.firebirdsql.gds.impl.wire.AbstractJavaGDSImpl.iscDsqlPrepare(AbstractJavaGDSImpl.java:1551)
 at org.firebirdsql.gds.impl.GDSHelper.prepareStatement(GDSHelper.java:190)
 at org.firebirdsql.jdbc.AbstractStatement.prepareFixedStatement(AbstractStatement.java:1441)
 at org.firebirdsql.jdbc.AbstractPreparedStatement.prepareFixedStatement(AbstractPreparedStatement.java:1282)
 at org.firebirdsql.jdbc.AbstractPreparedStatement.&lt;init&gt;(AbstractPreparedStatement.java:138)
 ... 52 more
</td></tr>                                                                                                                                                                                                                                                                                                                    
<tr class="a">
<td></td>
<td>
<div id="testExecuteDelayed[5: Firebird]error"><a href="./xref-test/com/p6spy/engine/spy/P6TestPreparedStatement.html#">com.p6spy.engine.spy.P6TestPreparedStatement:</a></div></td></tr>
<tr class="b">
<td><img src="images/icon_error_sml.gif" alt="" /></td>
<td><a name="com.p6spy.engine.spy.P6TestPreparedStatement.testExecuteDelayed6:_Derby"></a>testExecuteDelayed[6: Derby]</td></tr>
<tr class="a">
<td></td>
<td>java.lang.AssertionError: Syntax error: Encountered &quot;(&quot; at line 1, column 27. due to error:
java.sql.SQLSyntaxErrorException: Syntax error: Encountered &quot;(&quot; at line 1, column 27.
 at org.apache.derby.impl.jdbc.SQLExceptionFactory40.getSQLException(Unknown Source)
 at org.apache.derby.impl.jdbc.Util.generateCsSQLException(Unknown Source)
 at org.apache.derby.impl.jdbc.TransactionResourceImpl.wrapInSQLException(Unknown Source)
 at org.apache.derby.impl.jdbc.TransactionResourceImpl.handleException(Unknown Source)
 at org.apache.derby.impl.jdbc.EmbedConnection.handleException(Unknown Source)
 at org.apache.derby.impl.jdbc.ConnectionChild.handleException(Unknown Source)
 at org.apache.derby.impl.jdbc.EmbedPreparedStatement.&lt;init&gt;(Unknown Source)
 at org.apache.derby.impl.jdbc.EmbedPreparedStatement20.&lt;init&gt;(Unknown Source)
 at org.apache.derby.impl.jdbc.EmbedPreparedStatement30.&lt;init&gt;(Unknown Source)
 at org.apache.derby.impl.jdbc.EmbedPreparedStatement40.&lt;init&gt;(Unknown Source)
 at org.apache.derby.jdbc.Driver40.newEmbedPreparedStatement(Unknown Source)
 at org.apache.derby.impl.jdbc.EmbedConnection.prepareStatement(Unknown Source)
 at org.apache.derby.impl.jdbc.EmbedConnection.prepareStatement(Unknown Source)
 at sun.reflect.GeneratedMethodAccessor343.invoke(Unknown Source)
 at sun.reflect.DelegatingMethodAccessorImpl.invoke(DelegatingMethodAccessorImpl.java:43)
 at java.lang.reflect.Method.invoke(Method.java:606)
 at com.p6spy.engine.logging.P6LogConnectionPrepareStatementDelegate.invoke(P6LogConnectionPrepareStatementDelegate.java:38)
 at com.p6spy.engine.proxy.GenericInvocationHandler.invoke(GenericInvocationHandler.java:116)
 at org.p6spy.org.apache.derby.iapi.jdbc.EngineConnection40$$EnhancerByCGLIB$$d9499578.prepareStatement(&lt;generated&gt;)
 at com.p6spy.engine.spy.P6TestPreparedStatement.getPreparedStatement(P6TestPreparedStatement.java:301)
 at com.p6spy.engine.spy.P6TestPreparedStatement.testExecuteDelayed(P6TestPreparedStatement.java:104)
 at sun.reflect.NativeMethodAccessorImpl.invoke0(Native Method)
 at sun.reflect.NativeMethodAccessorImpl.invoke(NativeMethodAccessorImpl.java:57)
 at sun.reflect.DelegatingMethodAccessorImpl.invoke(DelegatingMethodAccessorImpl.java:43)
 at java.lang.reflect.Method.invoke(Method.java:606)
 at org.junit.runners.model.FrameworkMethod$1.runReflectiveCall(FrameworkMethod.java:47)
 at org.junit.internal.runners.model.ReflectiveCallable.run(ReflectiveCallable.java:12)
 at org.junit.runners.model.FrameworkMethod.invokeExplosively(FrameworkMethod.java:44)
 at org.junit.internal.runners.statements.InvokeMethod.evaluate(InvokeMethod.java:17)
 at org.junit.internal.runners.statements.RunBefores.evaluate(RunBefores.java:26)
 at org.junit.internal.runners.statements.RunAfters.evaluate(RunAfters.java:27)
 at org.junit.rules.TestWatcher$1.evaluate(TestWatcher.java:55)
 at org.junit.rules.RunRules.evaluate(RunRules.java:20)
 at org.junit.runners.ParentRunner.runLeaf(ParentRunner.java:271)
 at org.junit.runners.BlockJUnit4ClassRunner.runChild(BlockJUnit4ClassRunner.java:70)
 at org.junit.runners.BlockJUnit4ClassRunner.runChild(BlockJUnit4ClassRunner.java:50)
 at org.junit.runners.ParentRunner$3.run(ParentRunner.java:238)
 at org.junit.runners.ParentRunner$1.schedule(ParentRunner.java:63)
 at org.junit.runners.ParentRunner.runChildren(ParentRunner.java:236)
 at org.junit.runners.ParentRunner.access$000(ParentRunner.java:53)
 at org.junit.runners.ParentRunner$2.evaluate(ParentRunner.java:229)
 at org.junit.runners.ParentRunner.run(ParentRunner.java:309)
 at org.junit.runners.Suite.runChild(Suite.java:127)
 at org.junit.runners.Suite.runChild(Suite.java:26)
 at org.junit.runners.ParentRunner$3.run(ParentRunner.java:238)
 at org.junit.runners.ParentRunner$1.schedule(ParentRunner.java:63)
 at org.junit.runners.ParentRunner.runChildren(ParentRunner.java:236)
 at org.junit.runners.ParentRunner.access$000(ParentRunner.java:53)
 at org.junit.runners.ParentRunner$2.evaluate(ParentRunner.java:229)
 at org.junit.runners.ParentRunner.run(ParentRunner.java:309)
 at org.apache.maven.surefire.junit4.JUnit4Provider.execute(JUnit4Provider.java:264)
 at org.apache.maven.surefire.junit4.JUnit4Provider.executeTestSet(JUnit4Provider.java:153)
 at org.apache.maven.surefire.junit4.JUnit4Provider.invoke(JUnit4Provider.java:124)
 at org.apache.maven.surefire.booter.ForkedBooter.invokeProviderInSameClassLoader(ForkedBooter.java:200)
 at org.apache.maven.surefire.booter.ForkedBooter.runSuitesInProcess(ForkedBooter.java:153)
 at org.apache.maven.surefire.booter.ForkedBooter.main(ForkedBooter.java:103)
Caused by: java.sql.SQLException: Syntax error: Encountered &quot;(&quot; at line 1, column 27.
 at org.apache.derby.impl.jdbc.SQLExceptionFactory.getSQLException(Unknown Source)
 at org.apache.derby.impl.jdbc.SQLExceptionFactory40.wrapArgsForTransportAcrossDRDA(Unknown Source)
 ... 56 more
Caused by: ERROR 42X01: Syntax error: Encountered &quot;(&quot; at line 1, column 27.
 at org.apache.derby.iapi.error.StandardException.newException(Unknown Source)
 at org.apache.derby.impl.sql.compile.ParserImpl.parseStatement(Unknown Source)
 at org.apache.derby.impl.sql.GenericStatement.prepMinion(Unknown Source)
 at org.apache.derby.impl.sql.GenericStatement.prepare(Unknown Source)
 at org.apache.derby.impl.sql.conn.GenericLanguageConnectionContext.prepareInternalStatement(Unknown Source)
 ... 50 more
</td></tr>                                                                                                                                                                                                                                                                                        
<tr class="b">
<td></td>
<td>
<div id="testExecuteDelayed[6: Derby]error"><a href="./xref-test/com/p6spy/engine/spy/P6TestPreparedStatement.html#">com.p6spy.engine.spy.P6TestPreparedStatement:</a></div></td></tr>
<tr class="a">
<td><img src="images/icon_error_sml.gif" alt="" /></td>
<td><a name="com.p6spy.engine.spy.P6TestPreparedStatement.testExecuteDelayed7:_Oracle"></a>testExecuteDelayed[7: Oracle]</td></tr>
<tr class="b">
<td></td>
<td>java.lang.AssertionError: ORA-00933: SQL command not properly ended
 due to error:
java.sql.SQLSyntaxErrorException: ORA-00933: SQL command not properly ended

 at oracle.jdbc.driver.T4CTTIoer.processError(T4CTTIoer.java:447)
 at oracle.jdbc.driver.T4CTTIoer.processError(T4CTTIoer.java:396)
 at oracle.jdbc.driver.T4C8Oall.processError(T4C8Oall.java:951)
 at oracle.jdbc.driver.T4CTTIfun.receive(T4CTTIfun.java:513)
 at oracle.jdbc.driver.T4CTTIfun.doRPC(T4CTTIfun.java:227)
 at oracle.jdbc.driver.T4C8Oall.doOALL(T4C8Oall.java:531)
 at oracle.jdbc.driver.T4CPreparedStatement.doOall8(T4CPreparedStatement.java:208)
 at oracle.jdbc.driver.T4CPreparedStatement.executeForDescribe(T4CPreparedStatement.java:886)
 at oracle.jdbc.driver.OracleStatement.executeMaybeDescribe(OracleStatement.java:1175)
 at oracle.jdbc.driver.OracleStatement.doExecuteWithTimeout(OracleStatement.java:1296)
 at oracle.jdbc.driver.OraclePreparedStatement.executeInternal(OraclePreparedStatement.java:3613)
 at oracle.jdbc.driver.OraclePreparedStatement.executeQuery(OraclePreparedStatement.java:3657)
 at oracle.jdbc.driver.OraclePreparedStatementWrapper.executeQuery(OraclePreparedStatementWrapper.java:1495)
 at sun.reflect.GeneratedMethodAccessor345.invoke(Unknown Source)
 at sun.reflect.DelegatingMethodAccessorImpl.invoke(DelegatingMethodAccessorImpl.java:43)
 at java.lang.reflect.Method.invoke(Method.java:606)
 at com.p6spy.engine.logging.P6LogPreparedStatementExecuteDelegate.invoke(P6LogPreparedStatementExecuteDelegate.java:42)
 at com.p6spy.engine.proxy.GenericInvocationHandler.invoke(GenericInvocationHandler.java:116)
 at org.p6spy.oracle.jdbc.internal.OracleStatement$$EnhancerByCGLIB$$94012865.executeQuery(&lt;generated&gt;)
 at com.p6spy.engine.spy.P6TestPreparedStatement.testExecuteDelayed(P6TestPreparedStatement.java:108)
 at sun.reflect.NativeMethodAccessorImpl.invoke0(Native Method)
 at sun.reflect.NativeMethodAccessorImpl.invoke(NativeMethodAccessorImpl.java:57)
 at sun.reflect.DelegatingMethodAccessorImpl.invoke(DelegatingMethodAccessorImpl.java:43)
 at java.lang.reflect.Method.invoke(Method.java:606)
 at org.junit.runners.model.FrameworkMethod$1.runReflectiveCall(FrameworkMethod.java:47)
 at org.junit.internal.runners.model.ReflectiveCallable.run(ReflectiveCallable.java:12)
 at org.junit.runners.model.FrameworkMethod.invokeExplosively(FrameworkMethod.java:44)
 at org.junit.internal.runners.statements.InvokeMethod.evaluate(InvokeMethod.java:17)
 at org.junit.internal.runners.statements.RunBefores.evaluate(RunBefores.java:26)
 at org.junit.internal.runners.statements.RunAfters.evaluate(RunAfters.java:27)
 at org.junit.rules.TestWatcher$1.evaluate(TestWatcher.java:55)
 at org.junit.rules.RunRules.evaluate(RunRules.java:20)
 at org.junit.runners.ParentRunner.runLeaf(ParentRunner.java:271)
 at org.junit.runners.BlockJUnit4ClassRunner.runChild(BlockJUnit4ClassRunner.java:70)
 at org.junit.runners.BlockJUnit4ClassRunner.runChild(BlockJUnit4ClassRunner.java:50)
 at org.junit.runners.ParentRunner$3.run(ParentRunner.java:238)
 at org.junit.runners.ParentRunner$1.schedule(ParentRunner.java:63)
 at org.junit.runners.ParentRunner.runChildren(ParentRunner.java:236)
 at org.junit.runners.ParentRunner.access$000(ParentRunner.java:53)
 at org.junit.runners.ParentRunner$2.evaluate(ParentRunner.java:229)
 at org.junit.runners.ParentRunner.run(ParentRunner.java:309)
 at org.junit.runners.Suite.runChild(Suite.java:127)
 at org.junit.runners.Suite.runChild(Suite.java:26)
 at org.junit.runners.ParentRunner$3.run(ParentRunner.java:238)
 at org.junit.runners.ParentRunner$1.schedule(ParentRunner.java:63)
 at org.junit.runners.ParentRunner.runChildren(ParentRunner.java:236)
 at org.junit.runners.ParentRunner.access$000(ParentRunner.java:53)
 at org.junit.runners.ParentRunner$2.evaluate(ParentRunner.java:229)
 at org.junit.runners.ParentRunner.run(ParentRunner.java:309)
 at org.apache.maven.surefire.junit4.JUnit4Provider.execute(JUnit4Provider.java:264)
 at org.apache.maven.surefire.junit4.JUnit4Provider.executeTestSet(JUnit4Provider.java:153)
 at org.apache.maven.surefire.junit4.JUnit4Provider.invoke(JUnit4Provider.java:124)
 at org.apache.maven.surefire.booter.ForkedBooter.invokeProviderInSameClassLoader(ForkedBooter.java:200)
 at org.apache.maven.surefire.booter.ForkedBooter.runSuitesInProcess(ForkedBooter.java:153)
 at org.apache.maven.surefire.booter.ForkedBooter.main(ForkedBooter.java:103)
</td></tr>                                                                                                                                                                                                                                            
<tr class="a">
<td></td>
<td>
<div id="testExecuteDelayed[7: Oracle]error"><a href="./xref-test/com/p6spy/engine/spy/P6TestPreparedStatement.html#">com.p6spy.engine.spy.P6TestPreparedStatement:</a></div></td></tr>
<tr class="b">
<td><img src="images/icon_warning_sml.gif" alt="" /></td>
<td><a name="com.p6spy.engine.spy.P6TestDriverMulti.com.p6spy.engine.spy.P6TestDriverMulti"></a>com.p6spy.engine.spy.P6TestDriverMulti</td></tr>
<tr class="a">
<td></td>
<td>skipped: skipped</td></tr>
<tr class="b">
<td><img src="images/icon_error_sml.gif" alt="" /></td>
<td><a name="com.p6spy.engine.spy.P6TestStatement.testFixedDelayed0:_PostgreSQL"></a>testFixedDelayed[0: PostgreSQL]</td></tr>
<tr class="a">
<td></td>
<td>org.postgresql.util.PSQLException: ERROR: function system_range(integer, integer) does not exist
  Hint: No function matches the given name and argument types. You might need to add explicit type casts.
  Position: 15</td></tr>                                                                
<tr class="b">
<td></td>
<td>
<div id="testFixedDelayed[0: PostgreSQL]error"><a href="./xref-test/com/p6spy/engine/spy/P6TestStatement.html#">com.p6spy.engine.spy.P6TestStatement:</a></div></td></tr>
<tr class="a">
<td><img src="images/icon_error_sml.gif" alt="" /></td>
<td><a name="com.p6spy.engine.spy.P6TestStatement.testFixedDelayed1:_MySQL"></a>testFixedDelayed[1: MySQL]</td></tr>
<tr class="b">
<td></td>
<td>com.mysql.jdbc.exceptions.jdbc4.MySQLSyntaxErrorException: You have an error in your SQL syntax; check the manual that corresponds to your MySQL server version for the right syntax to use near '(1,1)' at line 1</td></tr>                                                                                        
<tr class="a">
<td></td>
<td>
<div id="testFixedDelayed[1: MySQL]error"><a href="./xref-test/com/p6spy/engine/spy/P6TestStatement.html#">com.p6spy.engine.spy.P6TestStatement:</a></div></td></tr>
<tr class="b">
<td><img src="images/icon_error_sml.gif" alt="" /></td>
<td><a name="com.p6spy.engine.spy.P6TestStatement.testFixedDelayed3:_HSQLDB"></a>testFixedDelayed[3: HSQLDB]</td></tr>
<tr class="a">
<td></td>
<td>java.sql.SQLSyntaxErrorException: user lacks privilege or object not found: SYSTEM_RANGE</td></tr>                                                                                                                
<tr class="b">
<td></td>
<td>
<div id="testFixedDelayed[3: HSQLDB]error"><a href="./xref-test/com/p6spy/engine/spy/P6TestStatement.html#">com.p6spy.engine.spy.P6TestStatement:</a></div></td></tr>
<tr class="a">
<td><img src="images/icon_error_sml.gif" alt="" /></td>
<td><a name="com.p6spy.engine.spy.P6TestStatement.testFixedDelayed4:_SQLite"></a>testFixedDelayed[4: SQLite]</td></tr>
<tr class="b">
<td></td>
<td>java.sql.SQLException: [SQLITE_ERROR] SQL error or missing database (near &quot;(&quot;: syntax error)</td></tr>                                                    
<tr class="a">
<td></td>
<td>
<div id="testFixedDelayed[4: SQLite]error"><a href="./xref-test/com/p6spy/engine/spy/P6TestStatement.html#">com.p6spy.engine.spy.P6TestStatement:</a></div></td></tr>
<tr class="b">
<td><img src="images/icon_error_sml.gif" alt="" /></td>
<td><a name="com.p6spy.engine.spy.P6TestStatement.testFixedDelayed5:_Firebird"></a>testFixedDelayed[5: Firebird]</td></tr>
<tr class="a">
<td></td>
<td>org.firebirdsql.jdbc.FBSQLException: GDS Exception. 335544569. Dynamic SQL Error
SQL error code = -204
Procedure unknown
SYSTEM_RANGE
At line 1, column 15</td></tr>                                                                        
<tr class="b">
<td></td>
<td>
<div id="testFixedDelayed[5: Firebird]error"><a href="./xref-test/com/p6spy/engine/spy/P6TestStatement.html#">com.p6spy.engine.spy.P6TestStatement:</a></div></td></tr>
<tr class="a">
<td><img src="images/icon_error_sml.gif" alt="" /></td>
<td><a name="com.p6spy.engine.spy.P6TestStatement.testFixedDelayed6:_Derby"></a>testFixedDelayed[6: Derby]</td></tr>
<tr class="b">
<td></td>
<td>java.sql.SQLSyntaxErrorException: Syntax error: Encountered &quot;(&quot; at line 1, column 27.</td></tr>                                                        
<tr class="a">
<td></td>
<td>
<div id="testFixedDelayed[6: Derby]error"><a href="./xref-test/com/p6spy/engine/spy/P6TestStatement.html#">com.p6spy.engine.spy.P6TestStatement:</a></div></td></tr>
<tr class="b">
<td><img src="images/icon_error_sml.gif" alt="" /></td>
<td><a name="com.p6spy.engine.spy.P6TestStatement.testFixedDelayed7:_Oracle"></a>testFixedDelayed[7: Oracle]</td></tr>
<tr class="a">
<td></td>
<td>java.sql.SQLSyntaxErrorException: ORA-00933: SQL command not properly ended
</td></tr>                                                                            
<tr class="b">
<td></td>
<td>
<div id="testFixedDelayed[7: Oracle]error"><a href="./xref-test/com/p6spy/engine/spy/P6TestStatement.html#">com.p6spy.engine.spy.P6TestStatement:</a></div></td></tr></table><br /></div>
      </div>
    </div>
    <div class="clear">
      <hr/>
    </div>
    <div id="footer">
      <div class="xright">
              Copyright &#169;                    2002-2014
                      P6Spy.
            All Rights Reserved.      
                    
                  </div>
      <div class="clear">
        <hr/>
      </div>
    </div>
  </body>
</html>
