<!DOCTYPE html PUBLIC "-//W3C//DTD XHTML 1.0 Transitional//EN" "http://www.w3.org/TR/xhtml1/DTD/xhtml1-transitional.dtd">
<!-- Generated by Apache Maven Doxia Site Renderer 1.3 at Aug 27, 2013 -->
<html xmlns="http://www.w3.org/1999/xhtml" xml:lang="en" lang="en">
  <head>
    <meta http-equiv="Content-Type" content="text/html; charset=UTF-8" />
    <title>p6spy - Surefire Report</title>
    <style type="text/css" media="all">
      @import url("./css/maven-base.css");
      @import url("./css/maven-theme.css");
      @import url("./css/site.css");
    </style>
    <link rel="stylesheet" href="./css/print.css" type="text/css" media="print" />
    <meta name="Date-Revision-yyyymmdd" content="20130827" />
    <meta http-equiv="Content-Language" content="en" />
        
        </head>
  <body class="composite">
    <div id="banner">
                    <div id="bannerLeft">
                p6spy
                </div>
                    <div class="clear">
        <hr/>
      </div>
    </div>
    <div id="breadcrumbs">
            
            
                <div class="xleft">
        <span id="publishDate">Last Published: 2013-08-27</span>
                  &nbsp;| <span id="projectVersion">Version: 2.0-SNAPSHOT</span>
                      </div>
            <div class="xright">        
            
      </div>
      <div class="clear">
        <hr/>
      </div>
    </div>
    <div id="leftColumn">
      <div id="navcolumn">
             
            
                                      <a href="http://maven.apache.org/" title="Built by Maven" class="poweredBy">
        <img class="poweredBy" alt="Built by Maven" src="./images/logos/maven-feather.png" />
      </a>
                   
            
            </div>
    </div>
    <div id="bodyColumn">
      <div id="contentBox">
        <script type="text/javascript">
//<![CDATA[
function toggleDisplay(elementId) {
 var elm = document.getElementById(elementId + 'error');
 if (elm && typeof elm.style != "undefined") {
 if (elm.style.display == "none") {
 elm.style.display = "";
 document.getElementById(elementId + 'off').style.display = "none";
 document.getElementById(elementId + 'on').style.display = "inline";
 } else if (elm.style.display == "") { elm.style.display = "none";
 document.getElementById(elementId + 'off').style.display = "inline";
 document.getElementById(elementId + 'on').style.display = "none";
 } 
 } 
 }
//]]>
</script><div class="section"><h2>Surefire Report<a name="Surefire_Report"></a></h2></div><div class="section"><h2>Summary<a name="Summary"></a></h2><a name="Summary"></a><p>[<a href="#Summary">Summary</a>] [<a href="#Package_List">Package List</a>] [<a href="#Test_Cases">Test Cases</a>]</p><br /><table border="1" class="bodyTable"><tr class="a"><th>Tests</th><th>Errors </th><th>Failures</th><th>Skipped</th><th>Success Rate</th><th>Time</th></tr><tr class="b"><td>28</td><td>10</td><td>8</td><td>5</td><td>17.857%</td><td>0.586</td></tr></table><br /><p>Note: failures are anticipated and checked for with assertions while errors are unanticipated.</p><br /></div><div class="section"><h2>Package List<a name="Package_List"></a></h2><a name="Package_List"></a><p>[<a href="#Summary">Summary</a>] [<a href="#Package_List">Package List</a>] [<a href="#Test_Cases">Test Cases</a>]</p><br /><table border="1" class="bodyTable"><tr class="a"><th>Package</th><th>Tests</th><th>Errors </th><th>Failures</th><th>Skipped</th><th>Success Rate</th><th>Time</th></tr><tr class="b"><td><a href="#com.p6spy.engine.spy">com.p6spy.engine.spy</a></td><td>28</td><td>10</td><td>8</td><td>5</td><td>17.857%</td><td>0.586</td></tr></table><br /><p>Note: package statistics are not computed recursively, they only sum up all of its testsuites numbers.</p><div class="section"><h3>com.p6spy.engine.spy<a name="com.p6spy.engine.spy"></a></h3><a name="com.p6spy.engine.spy"></a><table border="1" class="bodyTable"><tr class="a"><th></th><th>Class</th><th>Tests</th><th>Errors </th><th>Failures</th><th>Skipped</th><th>Success Rate</th><th>Time</th></tr><tr class="b"><td><a href="#com.p6spy.engine.spyP6TestSubclasser"><img src="images/icon_success_sml.gif" alt="" /></a></td><td><a href="#com.p6spy.engine.spyP6TestSubclasser">P6TestSubclasser</a></td><td>5</td><td>0</td><td>0</td><td>0</td><td>100%</td><td>0</td></tr><tr class="a"><td><a href="#com.p6spy.engine.spyP6TestCallableStatement"><img src="images/icon_error_sml.gif" alt="" /></a></td><td><a href="#com.p6spy.engine.spyP6TestCallableStatement">P6TestCallableStatement</a></td><td>3</td><td>1</td><td>1</td><td>1</td><td>0%</td><td>0.179</td></tr><tr class="b"><td><a href="#com.p6spy.engine.spyP6TestPreparedStatement"><img src="images/icon_error_sml.gif" alt="" /></a></td><td><a href="#com.p6spy.engine.spyP6TestPreparedStatement">P6TestPreparedStatement</a></td><td>2</td><td>1</td><td>1</td><td>0</td><td>0%</td><td>0.004</td></tr><tr class="a"><td><a href="#com.p6spy.engine.spyP6TestStatement"><img src="images/icon_error_sml.gif" alt="" /></a></td><td><a href="#com.p6spy.engine.spyP6TestStatement">P6TestStatement</a></td><td>4</td><td>2</td><td>2</td><td>0</td><td>0%</td><td>0.21</td></tr><tr class="b"><td><a href="#com.p6spy.engine.spyP6TestDriver"><img src="images/icon_error_sml.gif" alt="" /></a></td><td><a href="#com.p6spy.engine.spyP6TestDriver">P6TestDriver</a></td><td>2</td><td>2</td><td>0</td><td>0</td><td>0%</td><td>0.037</td></tr><tr class="a"><td><a href="#com.p6spy.engine.spyP6TestOptions"><img src="images/icon_warning_sml.gif" alt="" /></a></td><td><a href="#com.p6spy.engine.spyP6TestOptions">P6TestOptions</a></td><td>1</td><td>0</td><td>0</td><td>1</td><td>0%</td><td>0</td></tr><tr class="b"><td><a href="#com.p6spy.engine.spyP6TestPerform"><img src="images/icon_warning_sml.gif" alt="" /></a></td><td><a href="#com.p6spy.engine.spyP6TestPerform">P6TestPerform</a></td><td>1</td><td>0</td><td>0</td><td>1</td><td>0%</td><td>0</td></tr><tr class="a"><td><a href="#com.p6spy.engine.spyP6TestUnloading"><img src="images/icon_warning_sml.gif" alt="" /></a></td><td><a href="#com.p6spy.engine.spyP6TestUnloading">P6TestUnloading</a></td><td>1</td><td>0</td><td>0</td><td>1</td><td>0%</td><td>0</td></tr><tr class="b"><td><a href="#com.p6spy.engine.spyP6TestCommon"><img src="images/icon_error_sml.gif" alt="" /></a></td><td><a href="#com.p6spy.engine.spyP6TestCommon">P6TestCommon</a></td><td>9</td><td>4</td><td>4</td><td>1</td><td>0%</td><td>0.156</td></tr></table></div><br /></div><div class="section"><h2>Test Cases<a name="Test_Cases"></a></h2><a name="Test_Cases"></a><p>[<a href="#Summary">Summary</a>] [<a href="#Package_List">Package List</a>] [<a href="#Test_Cases">Test Cases</a>]</p><div class="section"><h3>P6TestSubclasser<a name="P6TestSubclasser"></a></h3><a name="com.p6spy.engine.spyP6TestSubclasser"></a><table border="1" class="bodyTable"><tr class="a"><td><img src="images/icon_success_sml.gif" alt="" /></td><td>testBadClass</td><td>0</td></tr><tr class="b"><td><img src="images/icon_success_sml.gif" alt="" /></td><td>testWriteHeader</td><td>0</td></tr><tr class="a"><td><img src="images/icon_success_sml.gif" alt="" /></td><td>testOverride</td><td>0</td></tr><tr class="b"><td><img src="images/icon_success_sml.gif" alt="" /></td><td>testWriteConstructors</td><td>0</td></tr><tr class="a"><td><img src="images/icon_success_sml.gif" alt="" /></td><td>testString</td><td>0</td></tr></table></div><div class="section"><h3>P6TestCallableStatement<a name="P6TestCallableStatement"></a></h3><a name="com.p6spy.engine.spyP6TestCallableStatement"></a><table border="1" class="bodyTable"><tr class="a"><td><a href="#com.p6spy.engine.spy.P6TestCallableStatement.testCallable"><img src="images/icon_warning_sml.gif" alt="" /></a></td><td><a href="#com.p6spy.engine.spy.P6TestCallableStatement.testCallable">testCallable</a><div class="detailToggle" style="display:inline"><a href="javascript:toggleDisplay(&apos;com_p6spy_engine_spy_P6TestCallableStatement_testCallable&apos;);"><span style="display:inline;" id="com_p6spy_engine_spy_P6TestCallableStatement_testCallableoff"> + </span><span style="display:none;" id="com_p6spy_engine_spy_P6TestCallableStatement_testCallableon"> - </span>[ Detail ]</a></div></td><td>0</td></tr><tr class="b"><td></td><td>skipped</td><td></td></tr><tr class="a"><td><a href="#com.p6spy.engine.spy.P6TestCallableStatement.testPreparedQueryUpdate"><img src="images/icon_error_sml.gif" alt="" /></a></td><td><a href="#com.p6spy.engine.spy.P6TestCallableStatement.testPreparedQueryUpdate">testPreparedQueryUpdate</a><div class="detailToggle" style="display:inline"><a href="javascript:toggleDisplay(&apos;com_p6spy_engine_spy_P6TestCallableStatement_testPreparedQueryUpdate&apos;);"><span style="display:inline;" id="com_p6spy_engine_spy_P6TestCallableStatement_testPreparedQueryUpdateoff"> + </span><span style="display:none;" id="com_p6spy_engine_spy_P6TestCallableStatement_testPreparedQueryUpdateon"> - </span>[ Detail ]</a></div></td><td>0.088</td></tr><tr class="b"><td></td><td>Error registering driver  [org.postgresql.Driver]
Caused By: java.lang.ClassNotFoundException: org.postgresql.Driver</td><td></td></tr><tr class="a"><td></td><td><div id="com_p6spy_engine_spy_P6TestCallableStatement_testPreparedQueryUpdateerror" style="display:none;"><div><pre>com.p6spy.engine.spy.P6DriverNotFoundError: Error registering driver  [org.postgresql.Driver]Caused By: java.lang.ClassNotFoundException: org.postgresql.Driverat com.p6spy.engine.spy.P6SpyDriverCore.initMethod(P6SpyDriverCore.java:302)at com.p6spy.engine.spy.P6SpyDriver.initMethod(P6SpyDriver.java:78)at com.p6spy.engine.spy.P6SpyDriver.&lt;clinit&gt;(P6SpyDriver.java:74)at java.lang.Class.forName0(Native Method)at java.lang.Class.forName(Class.java:266)at com.p6spy.engine.common.P6Util.forName(P6Util.java:518)at com.p6spy.engine.spy.P6TestFramework.setUpFramework(P6TestFramework.java:181)at sun.reflect.NativeMethodAccessorImpl.invoke0(Native Method)at sun.reflect.NativeMethodAccessorImpl.invoke(NativeMethodAccessorImpl.java:57)at sun.reflect.DelegatingMethodAccessorImpl.invoke(DelegatingMethodAccessorImpl.java:43)at java.lang.reflect.Method.invoke(Method.java:601)at org.junit.runners.model.FrameworkMethod$1.runReflectiveCall(FrameworkMethod.java:47)at org.junit.internal.runners.model.ReflectiveCallable.run(ReflectiveCallable.java:12)at org.junit.runners.model.FrameworkMethod.invokeExplosively(FrameworkMethod.java:44)at org.junit.internal.runners.statements.RunBefores.evaluate(RunBefores.java:24)at org.junit.internal.runners.statements.RunAfters.evaluate(RunAfters.java:27)at org.junit.runners.ParentRunner.runLeaf(ParentRunner.java:271)at org.junit.runners.BlockJUnit4ClassRunner.runChild(BlockJUnit4ClassRunner.java:70)at org.junit.runners.BlockJUnit4ClassRunner.runChild(BlockJUnit4ClassRunner.java:50)at org.junit.runners.ParentRunner$3.run(ParentRunner.java:238)at org.junit.runners.ParentRunner$1.schedule(ParentRunner.java:63)at org.junit.runners.ParentRunner.runChildren(ParentRunner.java:236)at org.junit.runners.ParentRunner.access$000(ParentRunner.java:53)at org.junit.runners.ParentRunner$2.evaluate(ParentRunner.java:229)at org.junit.runners.ParentRunner.run(ParentRunner.java:309)at org.junit.runners.Suite.runChild(Suite.java:127)at org.junit.runners.Suite.runChild(Suite.java:26)at org.junit.runners.ParentRunner$3.run(ParentRunner.java:238)at org.junit.runners.ParentRunner$1.schedule(ParentRunner.java:63)at org.junit.runners.ParentRunner.runChildren(ParentRunner.java:236)at org.junit.runners.ParentRunner.access$000(ParentRunner.java:53)at org.junit.runners.ParentRunner$2.evaluate(ParentRunner.java:229)at org.junit.runners.ParentRunner.run(ParentRunner.java:309)at org.junit.runner.JUnitCore.run(JUnitCore.java:160)at org.junit.runner.JUnitCore.run(JUnitCore.java:138)at org.apache.maven.surefire.junitcore.JUnitCoreWrapper.createRequestAndRun(JUnitCoreWrapper.java:141)at org.apache.maven.surefire.junitcore.JUnitCoreWrapper.executeEager(JUnitCoreWrapper.java:114)at org.apache.maven.surefire.junitcore.JUnitCoreWrapper.execute(JUnitCoreWrapper.java:86)at org.apache.maven.surefire.junitcore.JUnitCoreProvider.invoke(JUnitCoreProvider.java:134)at org.apache.maven.surefire.booter.ForkedBooter.invokeProviderInSameClassLoader(ForkedBooter.java:200)at org.apache.maven.surefire.booter.ForkedBooter.runSuitesInProcess(ForkedBooter.java:153)at org.apache.maven.surefire.booter.ForkedBooter.main(ForkedBooter.java:103)</pre></div></div></td><td></td></tr><tr class="b"><td><a href="#com.p6spy.engine.spy.P6TestCallableStatement.testPreparedQueryUpdate"><img src="images/icon_error_sml.gif" alt="" /></a></td><td><a href="#com.p6spy.engine.spy.P6TestCallableStatement.testPreparedQueryUpdate">testPreparedQueryUpdate</a><div class="detailToggle" style="display:inline"><a href="javascript:toggleDisplay(&apos;com_p6spy_engine_spy_P6TestCallableStatement_testPreparedQueryUpdate&apos;);"><span style="display:inline;" id="com_p6spy_engine_spy_P6TestCallableStatement_testPreparedQueryUpdateoff"> + </span><span style="display:none;" id="com_p6spy_engine_spy_P6TestCallableStatement_testPreparedQueryUpdateon"> - </span>[ Detail ]</a></div></td><td>0.091</td></tr><tr class="a"><td></td><td></td><td></td></tr><tr class="b"><td></td><td><div id="com_p6spy_engine_spy_P6TestCallableStatement_testPreparedQueryUpdateerror" style="display:none;"><div><pre>java.lang.AssertionError: nullat org.junit.Assert.fail(Assert.java:86)at com.p6spy.engine.spy.P6TestPreparedStatement.tearDownPreparedStatement(P6TestPreparedStatement.java:188)at sun.reflect.NativeMethodAccessorImpl.invoke0(Native Method)at sun.reflect.NativeMethodAccessorImpl.invoke(NativeMethodAccessorImpl.java:57)at sun.reflect.DelegatingMethodAccessorImpl.invoke(DelegatingMethodAccessorImpl.java:43)at java.lang.reflect.Method.invoke(Method.java:601)at org.junit.runners.model.FrameworkMethod$1.runReflectiveCall(FrameworkMethod.java:47)at org.junit.internal.runners.model.ReflectiveCallable.run(ReflectiveCallable.java:12)at org.junit.runners.model.FrameworkMethod.invokeExplosively(FrameworkMethod.java:44)at org.junit.internal.runners.statements.RunAfters.evaluate(RunAfters.java:33)at org.junit.runners.ParentRunner.runLeaf(ParentRunner.java:271)at org.junit.runners.BlockJUnit4ClassRunner.runChild(BlockJUnit4ClassRunner.java:70)at org.junit.runners.BlockJUnit4ClassRunner.runChild(BlockJUnit4ClassRunner.java:50)at org.junit.runners.ParentRunner$3.run(ParentRunner.java:238)at org.junit.runners.ParentRunner$1.schedule(ParentRunner.java:63)at org.junit.runners.ParentRunner.runChildren(ParentRunner.java:236)at org.junit.runners.ParentRunner.access$000(ParentRunner.java:53)at org.junit.runners.ParentRunner$2.evaluate(ParentRunner.java:229)at org.junit.runners.ParentRunner.run(ParentRunner.java:309)at org.junit.runners.Suite.runChild(Suite.java:127)at org.junit.runners.Suite.runChild(Suite.java:26)at org.junit.runners.ParentRunner$3.run(ParentRunner.java:238)at org.junit.runners.ParentRunner$1.schedule(ParentRunner.java:63)at org.junit.runners.ParentRunner.runChildren(ParentRunner.java:236)at org.junit.runners.ParentRunner.access$000(ParentRunner.java:53)at org.junit.runners.ParentRunner$2.evaluate(ParentRunner.java:229)at org.junit.runners.ParentRunner.run(ParentRunner.java:309)at org.junit.runner.JUnitCore.run(JUnitCore.java:160)at org.junit.runner.JUnitCore.run(JUnitCore.java:138)at org.apache.maven.surefire.junitcore.JUnitCoreWrapper.createRequestAndRun(JUnitCoreWrapper.java:141)at org.apache.maven.surefire.junitcore.JUnitCoreWrapper.executeEager(JUnitCoreWrapper.java:114)at org.apache.maven.surefire.junitcore.JUnitCoreWrapper.execute(JUnitCoreWrapper.java:86)at org.apache.maven.surefire.junitcore.JUnitCoreProvider.invoke(JUnitCoreProvider.java:134)at org.apache.maven.surefire.booter.ForkedBooter.invokeProviderInSameClassLoader(ForkedBooter.java:200)at org.apache.maven.surefire.booter.ForkedBooter.runSuitesInProcess(ForkedBooter.java:153)at org.apache.maven.surefire.booter.ForkedBooter.main(ForkedBooter.java:103)</pre></div></div></td><td></td></tr></table></div><div class="section"><h3>P6TestPreparedStatement<a name="P6TestPreparedStatement"></a></h3><a name="com.p6spy.engine.spyP6TestPreparedStatement"></a><table border="1" class="bodyTable"><tr class="a"><td><a href="#com.p6spy.engine.spy.P6TestPreparedStatement.testPreparedQueryUpdate"><img src="images/icon_error_sml.gif" alt="" /></a></td><td><a href="#com.p6spy.engine.spy.P6TestPreparedStatement.testPreparedQueryUpdate">testPreparedQueryUpdate</a><div class="detailToggle" style="display:inline"><a href="javascript:toggleDisplay(&apos;com_p6spy_engine_spy_P6TestPreparedStatement_testPreparedQueryUpdate&apos;);"><span style="display:inline;" id="com_p6spy_engine_spy_P6TestPreparedStatement_testPreparedQueryUpdateoff"> + </span><span style="display:none;" id="com_p6spy_engine_spy_P6TestPreparedStatement_testPreparedQueryUpdateon"> - </span>[ Detail ]</a></div></td><td>0.001</td></tr><tr class="b"><td></td><td>Could not initialize class com.p6spy.engine.spy.P6SpyDriver</td><td></td></tr><tr class="a"><td></td><td><div id="com_p6spy_engine_spy_P6TestPreparedStatement_testPreparedQueryUpdateerror" style="display:none;"><div><pre>java.lang.NoClassDefFoundError: Could not initialize class com.p6spy.engine.spy.P6SpyDriverat java.lang.Class.forName0(Native Method)at java.lang.Class.forName(Class.java:266)at com.p6spy.engine.common.P6Util.forName(P6Util.java:518)at com.p6spy.engine.spy.P6TestFramework.setUpFramework(P6TestFramework.java:181)at sun.reflect.NativeMethodAccessorImpl.invoke0(Native Method)at sun.reflect.NativeMethodAccessorImpl.invoke(NativeMethodAccessorImpl.java:57)at sun.reflect.DelegatingMethodAccessorImpl.invoke(DelegatingMethodAccessorImpl.java:43)at java.lang.reflect.Method.invoke(Method.java:601)at org.junit.runners.model.FrameworkMethod$1.runReflectiveCall(FrameworkMethod.java:47)at org.junit.internal.runners.model.ReflectiveCallable.run(ReflectiveCallable.java:12)at org.junit.runners.model.FrameworkMethod.invokeExplosively(FrameworkMethod.java:44)at org.junit.internal.runners.statements.RunBefores.evaluate(RunBefores.java:24)at org.junit.internal.runners.statements.RunAfters.evaluate(RunAfters.java:27)at org.junit.runners.ParentRunner.runLeaf(ParentRunner.java:271)at org.junit.runners.BlockJUnit4ClassRunner.runChild(BlockJUnit4ClassRunner.java:70)at org.junit.runners.BlockJUnit4ClassRunner.runChild(BlockJUnit4ClassRunner.java:50)at org.junit.runners.ParentRunner$3.run(ParentRunner.java:238)at org.junit.runners.ParentRunner$1.schedule(ParentRunner.java:63)at org.junit.runners.ParentRunner.runChildren(ParentRunner.java:236)at org.junit.runners.ParentRunner.access$000(ParentRunner.java:53)at org.junit.runners.ParentRunner$2.evaluate(ParentRunner.java:229)at org.junit.runners.ParentRunner.run(ParentRunner.java:309)at org.junit.runners.Suite.runChild(Suite.java:127)at org.junit.runners.Suite.runChild(Suite.java:26)at org.junit.runners.ParentRunner$3.run(ParentRunner.java:238)at org.junit.runners.ParentRunner$1.schedule(ParentRunner.java:63)at org.junit.runners.ParentRunner.runChildren(ParentRunner.java:236)at org.junit.runners.ParentRunner.access$000(ParentRunner.java:53)at org.junit.runners.ParentRunner$2.evaluate(ParentRunner.java:229)at org.junit.runners.ParentRunner.run(ParentRunner.java:309)at org.junit.runner.JUnitCore.run(JUnitCore.java:160)at org.junit.runner.JUnitCore.run(JUnitCore.java:138)at org.apache.maven.surefire.junitcore.JUnitCoreWrapper.createRequestAndRun(JUnitCoreWrapper.java:141)at org.apache.maven.surefire.junitcore.JUnitCoreWrapper.executeEager(JUnitCoreWrapper.java:114)at org.apache.maven.surefire.junitcore.JUnitCoreWrapper.execute(JUnitCoreWrapper.java:86)at org.apache.maven.surefire.junitcore.JUnitCoreProvider.invoke(JUnitCoreProvider.java:134)at org.apache.maven.surefire.booter.ForkedBooter.invokeProviderInSameClassLoader(ForkedBooter.java:200)at org.apache.maven.surefire.booter.ForkedBooter.runSuitesInProcess(ForkedBooter.java:153)at org.apache.maven.surefire.booter.ForkedBooter.main(ForkedBooter.java:103)</pre></div></div></td><td></td></tr><tr class="b"><td><a href="#com.p6spy.engine.spy.P6TestPreparedStatement.testPreparedQueryUpdate"><img src="images/icon_error_sml.gif" alt="" /></a></td><td><a href="#com.p6spy.engine.spy.P6TestPreparedStatement.testPreparedQueryUpdate">testPreparedQueryUpdate</a><div class="detailToggle" style="display:inline"><a href="javascript:toggleDisplay(&apos;com_p6spy_engine_spy_P6TestPreparedStatement_testPreparedQueryUpdate&apos;);"><span style="display:inline;" id="com_p6spy_engine_spy_P6TestPreparedStatement_testPreparedQueryUpdateoff"> + </span><span style="display:none;" id="com_p6spy_engine_spy_P6TestPreparedStatement_testPreparedQueryUpdateon"> - </span>[ Detail ]</a></div></td><td>0.003</td></tr><tr class="a"><td></td><td></td><td></td></tr><tr class="b"><td></td><td><div id="com_p6spy_engine_spy_P6TestPreparedStatement_testPreparedQueryUpdateerror" style="display:none;"><div><pre>java.lang.AssertionError: nullat org.junit.Assert.fail(Assert.java:86)at com.p6spy.engine.spy.P6TestPreparedStatement.tearDownPreparedStatement(P6TestPreparedStatement.java:188)</pre></div></div></td><td></td></tr></table></div><div class="section"><h3>P6TestStatement<a name="P6TestStatement"></a></h3><a name="com.p6spy.engine.spyP6TestStatement"></a><table border="1" class="bodyTable"><tr class="a"><td><a href="#com.p6spy.engine.spy.P6TestStatement.testQueryUpdate"><img src="images/icon_error_sml.gif" alt="" /></a></td><td><a href="#com.p6spy.engine.spy.P6TestStatement.testQueryUpdate">testQueryUpdate</a><div class="detailToggle" style="display:inline"><a href="javascript:toggleDisplay(&apos;com_p6spy_engine_spy_P6TestStatement_testQueryUpdate&apos;);"><span style="display:inline;" id="com_p6spy_engine_spy_P6TestStatement_testQueryUpdateoff"> + </span><span style="display:none;" id="com_p6spy_engine_spy_P6TestStatement_testQueryUpdateon"> - </span>[ Detail ]</a></div></td><td>0.032</td></tr><tr class="b"><td></td><td>Could not initialize class com.p6spy.engine.spy.P6SpyDriver</td><td></td></tr><tr class="a"><td></td><td><div id="com_p6spy_engine_spy_P6TestStatement_testQueryUpdateerror" style="display:none;"><div><pre>java.lang.NoClassDefFoundError: Could not initialize class com.p6spy.engine.spy.P6SpyDriverat java.lang.Class.forName0(Native Method)at java.lang.Class.forName(Class.java:266)at com.p6spy.engine.common.P6Util.forName(P6Util.java:518)at com.p6spy.engine.spy.P6TestFramework.setUpFramework(P6TestFramework.java:181)at sun.reflect.NativeMethodAccessorImpl.invoke0(Native Method)at sun.reflect.NativeMethodAccessorImpl.invoke(NativeMethodAccessorImpl.java:57)at sun.reflect.DelegatingMethodAccessorImpl.invoke(DelegatingMethodAccessorImpl.java:43)at java.lang.reflect.Method.invoke(Method.java:601)at org.junit.runners.model.FrameworkMethod$1.runReflectiveCall(FrameworkMethod.java:47)at org.junit.internal.runners.model.ReflectiveCallable.run(ReflectiveCallable.java:12)at org.junit.runners.model.FrameworkMethod.invokeExplosively(FrameworkMethod.java:44)at org.junit.internal.runners.statements.RunBefores.evaluate(RunBefores.java:24)at org.junit.internal.runners.statements.RunAfters.evaluate(RunAfters.java:27)at org.junit.runners.ParentRunner.runLeaf(ParentRunner.java:271)at org.junit.runners.BlockJUnit4ClassRunner.runChild(BlockJUnit4ClassRunner.java:70)at org.junit.runners.BlockJUnit4ClassRunner.runChild(BlockJUnit4ClassRunner.java:50)at org.junit.runners.ParentRunner$3.run(ParentRunner.java:238)at org.junit.runners.ParentRunner$1.schedule(ParentRunner.java:63)at org.junit.runners.ParentRunner.runChildren(ParentRunner.java:236)at org.junit.runners.ParentRunner.access$000(ParentRunner.java:53)at org.junit.runners.ParentRunner$2.evaluate(ParentRunner.java:229)at org.junit.runners.ParentRunner.run(ParentRunner.java:309)at org.junit.runners.Suite.runChild(Suite.java:127)at org.junit.runners.Suite.runChild(Suite.java:26)at org.junit.runners.ParentRunner$3.run(ParentRunner.java:238)at org.junit.runners.ParentRunner$1.schedule(ParentRunner.java:63)at org.junit.runners.ParentRunner.runChildren(ParentRunner.java:236)at org.junit.runners.ParentRunner.access$000(ParentRunner.java:53)at org.junit.runners.ParentRunner$2.evaluate(ParentRunner.java:229)at org.junit.runners.ParentRunner.run(ParentRunner.java:309)at org.junit.runner.JUnitCore.run(JUnitCore.java:160)at org.junit.runner.JUnitCore.run(JUnitCore.java:138)at org.apache.maven.surefire.junitcore.JUnitCoreWrapper.createRequestAndRun(JUnitCoreWrapper.java:141)at org.apache.maven.surefire.junitcore.JUnitCoreWrapper.executeEager(JUnitCoreWrapper.java:114)at org.apache.maven.surefire.junitcore.JUnitCoreWrapper.execute(JUnitCoreWrapper.java:86)at org.apache.maven.surefire.junitcore.JUnitCoreProvider.invoke(JUnitCoreProvider.java:134)at org.apache.maven.surefire.booter.ForkedBooter.invokeProviderInSameClassLoader(ForkedBooter.java:200)at org.apache.maven.surefire.booter.ForkedBooter.runSuitesInProcess(ForkedBooter.java:153)at org.apache.maven.surefire.booter.ForkedBooter.main(ForkedBooter.java:103)</pre></div></div></td><td></td></tr><tr class="b"><td><a href="#com.p6spy.engine.spy.P6TestStatement.testQueryUpdate"><img src="images/icon_error_sml.gif" alt="" /></a></td><td><a href="#com.p6spy.engine.spy.P6TestStatement.testQueryUpdate">testQueryUpdate</a><div class="detailToggle" style="display:inline"><a href="javascript:toggleDisplay(&apos;com_p6spy_engine_spy_P6TestStatement_testQueryUpdate&apos;);"><span style="display:inline;" id="com_p6spy_engine_spy_P6TestStatement_testQueryUpdateoff"> + </span><span style="display:none;" id="com_p6spy_engine_spy_P6TestStatement_testQueryUpdateon"> - </span>[ Detail ]</a></div></td><td>0.032</td></tr><tr class="a"><td></td><td></td><td></td></tr><tr class="b"><td></td><td><div id="com_p6spy_engine_spy_P6TestStatement_testQueryUpdateerror" style="display:none;"><div><pre>java.lang.AssertionError: nullat org.junit.Assert.fail(Assert.java:86)at com.p6spy.engine.spy.P6TestStatement.tearDownStatement(P6TestStatement.java:260)</pre></div></div></td><td></td></tr><tr class="a"><td><a href="#com.p6spy.engine.spy.P6TestStatement.testExecutionThreshold"><img src="images/icon_error_sml.gif" alt="" /></a></td><td><a href="#com.p6spy.engine.spy.P6TestStatement.testExecutionThreshold">testExecutionThreshold</a><div class="detailToggle" style="display:inline"><a href="javascript:toggleDisplay(&apos;com_p6spy_engine_spy_P6TestStatement_testExecutionThreshold&apos;);"><span style="display:inline;" id="com_p6spy_engine_spy_P6TestStatement_testExecutionThresholdoff"> + </span><span style="display:none;" id="com_p6spy_engine_spy_P6TestStatement_testExecutionThresholdon"> - </span>[ Detail ]</a></div></td><td>0.072</td></tr><tr class="b"><td></td><td>Could not initialize class com.p6spy.engine.spy.P6SpyDriver</td><td></td></tr><tr class="a"><td></td><td><div id="com_p6spy_engine_spy_P6TestStatement_testExecutionThresholderror" style="display:none;"><div><pre>java.lang.NoClassDefFoundError: Could not initialize class com.p6spy.engine.spy.P6SpyDriverat java.lang.Class.forName0(Native Method)at java.lang.Class.forName(Class.java:266)at com.p6spy.engine.common.P6Util.forName(P6Util.java:518)at com.p6spy.engine.spy.P6TestFramework.setUpFramework(P6TestFramework.java:181)at sun.reflect.NativeMethodAccessorImpl.invoke0(Native Method)at sun.reflect.NativeMethodAccessorImpl.invoke(NativeMethodAccessorImpl.java:57)at sun.reflect.DelegatingMethodAccessorImpl.invoke(DelegatingMethodAccessorImpl.java:43)at java.lang.reflect.Method.invoke(Method.java:601)at org.junit.runners.model.FrameworkMethod$1.runReflectiveCall(FrameworkMethod.java:47)at org.junit.internal.runners.model.ReflectiveCallable.run(ReflectiveCallable.java:12)at org.junit.runners.model.FrameworkMethod.invokeExplosively(FrameworkMethod.java:44)at org.junit.internal.runners.statements.RunBefores.evaluate(RunBefores.java:24)at org.junit.internal.runners.statements.RunAfters.evaluate(RunAfters.java:27)at org.junit.runners.ParentRunner.runLeaf(ParentRunner.java:271)at org.junit.runners.BlockJUnit4ClassRunner.runChild(BlockJUnit4ClassRunner.java:70)at org.junit.runners.BlockJUnit4ClassRunner.runChild(BlockJUnit4ClassRunner.java:50)at org.junit.runners.ParentRunner$3.run(ParentRunner.java:238)at org.junit.runners.ParentRunner$1.schedule(ParentRunner.java:63)at org.junit.runners.ParentRunner.runChildren(ParentRunner.java:236)at org.junit.runners.ParentRunner.access$000(ParentRunner.java:53)at org.junit.runners.ParentRunner$2.evaluate(ParentRunner.java:229)at org.junit.runners.ParentRunner.run(ParentRunner.java:309)at org.junit.runners.Suite.runChild(Suite.java:127)at org.junit.runners.Suite.runChild(Suite.java:26)at org.junit.runners.ParentRunner$3.run(ParentRunner.java:238)at org.junit.runners.ParentRunner$1.schedule(ParentRunner.java:63)at org.junit.runners.ParentRunner.runChildren(ParentRunner.java:236)at org.junit.runners.ParentRunner.access$000(ParentRunner.java:53)at org.junit.runners.ParentRunner$2.evaluate(ParentRunner.java:229)at org.junit.runners.ParentRunner.run(ParentRunner.java:309)at org.junit.runner.JUnitCore.run(JUnitCore.java:160)at org.junit.runner.JUnitCore.run(JUnitCore.java:138)at org.apache.maven.surefire.junitcore.JUnitCoreWrapper.createRequestAndRun(JUnitCoreWrapper.java:141)at org.apache.maven.surefire.junitcore.JUnitCoreWrapper.executeEager(JUnitCoreWrapper.java:114)at org.apache.maven.surefire.junitcore.JUnitCoreWrapper.execute(JUnitCoreWrapper.java:86)at org.apache.maven.surefire.junitcore.JUnitCoreProvider.invoke(JUnitCoreProvider.java:134)at org.apache.maven.surefire.booter.ForkedBooter.invokeProviderInSameClassLoader(ForkedBooter.java:200)at org.apache.maven.surefire.booter.ForkedBooter.runSuitesInProcess(ForkedBooter.java:153)at org.apache.maven.surefire.booter.ForkedBooter.main(ForkedBooter.java:103)</pre></div></div></td><td></td></tr><tr class="b"><td><a href="#com.p6spy.engine.spy.P6TestStatement.testExecutionThreshold"><img src="images/icon_error_sml.gif" alt="" /></a></td><td><a href="#com.p6spy.engine.spy.P6TestStatement.testExecutionThreshold">testExecutionThreshold</a><div class="detailToggle" style="display:inline"><a href="javascript:toggleDisplay(&apos;com_p6spy_engine_spy_P6TestStatement_testExecutionThreshold&apos;);"><span style="display:inline;" id="com_p6spy_engine_spy_P6TestStatement_testExecutionThresholdoff"> + </span><span style="display:none;" id="com_p6spy_engine_spy_P6TestStatement_testExecutionThresholdon"> - </span>[ Detail ]</a></div></td><td>0.074</td></tr><tr class="a"><td></td><td></td><td></td></tr><tr class="b"><td></td><td><div id="com_p6spy_engine_spy_P6TestStatement_testExecutionThresholderror" style="display:none;"><div><pre>java.lang.AssertionError: nullat org.junit.Assert.fail(Assert.java:86)at com.p6spy.engine.spy.P6TestStatement.tearDownStatement(P6TestStatement.java:260)</pre></div></div></td><td></td></tr></table></div><div class="section"><h3>P6TestDriver<a name="P6TestDriver"></a></h3><a name="com.p6spy.engine.spyP6TestDriver"></a><table border="1" class="bodyTable"><tr class="a"><td><a href="#com.p6spy.engine.spy.P6TestDriver.testGetJDBC"><img src="images/icon_error_sml.gif" alt="" /></a></td><td><a href="#com.p6spy.engine.spy.P6TestDriver.testGetJDBC">testGetJDBC</a><div class="detailToggle" style="display:inline"><a href="javascript:toggleDisplay(&apos;com_p6spy_engine_spy_P6TestDriver_testGetJDBC&apos;);"><span style="display:inline;" id="com_p6spy_engine_spy_P6TestDriver_testGetJDBCoff"> + </span><span style="display:none;" id="com_p6spy_engine_spy_P6TestDriver_testGetJDBCon"> - </span>[ Detail ]</a></div></td><td>0.018</td></tr><tr class="b"><td></td><td>Could not initialize class com.p6spy.engine.spy.P6SpyDriver</td><td></td></tr><tr class="a"><td></td><td><div id="com_p6spy_engine_spy_P6TestDriver_testGetJDBCerror" style="display:none;"><div><pre>java.lang.NoClassDefFoundError: Could not initialize class com.p6spy.engine.spy.P6SpyDriverat java.lang.Class.forName0(Native Method)at java.lang.Class.forName(Class.java:266)at com.p6spy.engine.common.P6Util.forName(P6Util.java:518)at com.p6spy.engine.spy.P6TestFramework.setUpFramework(P6TestFramework.java:181)at sun.reflect.NativeMethodAccessorImpl.invoke0(Native Method)at sun.reflect.NativeMethodAccessorImpl.invoke(NativeMethodAccessorImpl.java:57)at sun.reflect.DelegatingMethodAccessorImpl.invoke(DelegatingMethodAccessorImpl.java:43)at java.lang.reflect.Method.invoke(Method.java:601)at org.junit.runners.model.FrameworkMethod$1.runReflectiveCall(FrameworkMethod.java:47)at org.junit.internal.runners.model.ReflectiveCallable.run(ReflectiveCallable.java:12)at org.junit.runners.model.FrameworkMethod.invokeExplosively(FrameworkMethod.java:44)at org.junit.internal.runners.statements.RunBefores.evaluate(RunBefores.java:24)at org.junit.runners.ParentRunner.runLeaf(ParentRunner.java:271)at org.junit.runners.BlockJUnit4ClassRunner.runChild(BlockJUnit4ClassRunner.java:70)at org.junit.runners.BlockJUnit4ClassRunner.runChild(BlockJUnit4ClassRunner.java:50)at org.junit.runners.ParentRunner$3.run(ParentRunner.java:238)at org.junit.runners.ParentRunner$1.schedule(ParentRunner.java:63)at org.junit.runners.ParentRunner.runChildren(ParentRunner.java:236)at org.junit.runners.ParentRunner.access$000(ParentRunner.java:53)at org.junit.runners.ParentRunner$2.evaluate(ParentRunner.java:229)at org.junit.runners.ParentRunner.run(ParentRunner.java:309)at org.junit.runners.Suite.runChild(Suite.java:127)at org.junit.runners.Suite.runChild(Suite.java:26)at org.junit.runners.ParentRunner$3.run(ParentRunner.java:238)at org.junit.runners.ParentRunner$1.schedule(ParentRunner.java:63)at org.junit.runners.ParentRunner.runChildren(ParentRunner.java:236)at org.junit.runners.ParentRunner.access$000(ParentRunner.java:53)at org.junit.runners.ParentRunner$2.evaluate(ParentRunner.java:229)at org.junit.runners.ParentRunner.run(ParentRunner.java:309)at org.junit.runner.JUnitCore.run(JUnitCore.java:160)at org.junit.runner.JUnitCore.run(JUnitCore.java:138)at org.apache.maven.surefire.junitcore.JUnitCoreWrapper.createRequestAndRun(JUnitCoreWrapper.java:141)at org.apache.maven.surefire.junitcore.JUnitCoreWrapper.executeEager(JUnitCoreWrapper.java:114)at org.apache.maven.surefire.junitcore.JUnitCoreWrapper.execute(JUnitCoreWrapper.java:86)at org.apache.maven.surefire.junitcore.JUnitCoreProvider.invoke(JUnitCoreProvider.java:134)at org.apache.maven.surefire.booter.ForkedBooter.invokeProviderInSameClassLoader(ForkedBooter.java:200)at org.apache.maven.surefire.booter.ForkedBooter.runSuitesInProcess(ForkedBooter.java:153)at org.apache.maven.surefire.booter.ForkedBooter.main(ForkedBooter.java:103)</pre></div></div></td><td></td></tr><tr class="b"><td><a href="#com.p6spy.engine.spy.P6TestDriver.testMajorVersion"><img src="images/icon_error_sml.gif" alt="" /></a></td><td><a href="#com.p6spy.engine.spy.P6TestDriver.testMajorVersion">testMajorVersion</a><div class="detailToggle" style="display:inline"><a href="javascript:toggleDisplay(&apos;com_p6spy_engine_spy_P6TestDriver_testMajorVersion&apos;);"><span style="display:inline;" id="com_p6spy_engine_spy_P6TestDriver_testMajorVersionoff"> + </span><span style="display:none;" id="com_p6spy_engine_spy_P6TestDriver_testMajorVersionon"> - </span>[ Detail ]</a></div></td><td>0.019</td></tr><tr class="a"><td></td><td>Could not initialize class com.p6spy.engine.spy.P6SpyDriver</td><td></td></tr><tr class="b"><td></td><td><div id="com_p6spy_engine_spy_P6TestDriver_testMajorVersionerror" style="display:none;"><div><pre>java.lang.NoClassDefFoundError: Could not initialize class com.p6spy.engine.spy.P6SpyDriverat java.lang.Class.forName0(Native Method)at java.lang.Class.forName(Class.java:266)at com.p6spy.engine.common.P6Util.forName(P6Util.java:518)at com.p6spy.engine.spy.P6TestFramework.setUpFramework(P6TestFramework.java:181)at sun.reflect.NativeMethodAccessorImpl.invoke0(Native Method)at sun.reflect.NativeMethodAccessorImpl.invoke(NativeMethodAccessorImpl.java:57)at sun.reflect.DelegatingMethodAccessorImpl.invoke(DelegatingMethodAccessorImpl.java:43)at java.lang.reflect.Method.invoke(Method.java:601)at org.junit.runners.model.FrameworkMethod$1.runReflectiveCall(FrameworkMethod.java:47)at org.junit.internal.runners.model.ReflectiveCallable.run(ReflectiveCallable.java:12)at org.junit.runners.model.FrameworkMethod.invokeExplosively(FrameworkMethod.java:44)at org.junit.internal.runners.statements.RunBefores.evaluate(RunBefores.java:24)at org.junit.runners.ParentRunner.runLeaf(ParentRunner.java:271)at org.junit.runners.BlockJUnit4ClassRunner.runChild(BlockJUnit4ClassRunner.java:70)at org.junit.runners.BlockJUnit4ClassRunner.runChild(BlockJUnit4ClassRunner.java:50)at org.junit.runners.ParentRunner$3.run(ParentRunner.java:238)at org.junit.runners.ParentRunner$1.schedule(ParentRunner.java:63)at org.junit.runners.ParentRunner.runChildren(ParentRunner.java:236)at org.junit.runners.ParentRunner.access$000(ParentRunner.java:53)at org.junit.runners.ParentRunner$2.evaluate(ParentRunner.java:229)at org.junit.runners.ParentRunner.run(ParentRunner.java:309)at org.junit.runners.Suite.runChild(Suite.java:127)at org.junit.runners.Suite.runChild(Suite.java:26)at org.junit.runners.ParentRunner$3.run(ParentRunner.java:238)at org.junit.runners.ParentRunner$1.schedule(ParentRunner.java:63)at org.junit.runners.ParentRunner.runChildren(ParentRunner.java:236)at org.junit.runners.ParentRunner.access$000(ParentRunner.java:53)at org.junit.runners.ParentRunner$2.evaluate(ParentRunner.java:229)at org.junit.runners.ParentRunner.run(ParentRunner.java:309)at org.junit.runner.JUnitCore.run(JUnitCore.java:160)at org.junit.runner.JUnitCore.run(JUnitCore.java:138)at org.apache.maven.surefire.junitcore.JUnitCoreWrapper.createRequestAndRun(JUnitCoreWrapper.java:141)at org.apache.maven.surefire.junitcore.JUnitCoreWrapper.executeEager(JUnitCoreWrapper.java:114)at org.apache.maven.surefire.junitcore.JUnitCoreWrapper.execute(JUnitCoreWrapper.java:86)at org.apache.maven.surefire.junitcore.JUnitCoreProvider.invoke(JUnitCoreProvider.java:134)at org.apache.maven.surefire.booter.ForkedBooter.invokeProviderInSameClassLoader(ForkedBooter.java:200)at org.apache.maven.surefire.booter.ForkedBooter.runSuitesInProcess(ForkedBooter.java:153)at org.apache.maven.surefire.booter.ForkedBooter.main(ForkedBooter.java:103)</pre></div></div></td><td></td></tr></table></div><div class="section"><h3>P6TestOptions<a name="P6TestOptions"></a></h3><a name="com.p6spy.engine.spyP6TestOptions"></a><table border="1" class="bodyTable"><tr class="a"><td><a href="#com.p6spy.engine.spy.P6TestOptions.testSavingOptions"><img src="images/icon_warning_sml.gif" alt="" /></a></td><td><a href="#com.p6spy.engine.spy.P6TestOptions.testSavingOptions">testSavingOptions</a><div class="detailToggle" style="display:inline"><a href="javascript:toggleDisplay(&apos;com_p6spy_engine_spy_P6TestOptions_testSavingOptions&apos;);"><span style="display:inline;" id="com_p6spy_engine_spy_P6TestOptions_testSavingOptionsoff"> + </span><span style="display:none;" id="com_p6spy_engine_spy_P6TestOptions_testSavingOptionson"> - </span>[ Detail ]</a></div></td><td>0</td></tr><tr class="b"><td></td><td>skipped</td><td></td></tr></table></div><div class="section"><h3>P6TestPerform<a name="P6TestPerform"></a></h3><a name="com.p6spy.engine.spyP6TestPerform"></a><table border="1" class="bodyTable"><tr class="a"><td><a href="#com.p6spy.engine.spy.P6TestPerform.testSlowMonitor"><img src="images/icon_warning_sml.gif" alt="" /></a></td><td><a href="#com.p6spy.engine.spy.P6TestPerform.testSlowMonitor">testSlowMonitor</a><div class="detailToggle" style="display:inline"><a href="javascript:toggleDisplay(&apos;com_p6spy_engine_spy_P6TestPerform_testSlowMonitor&apos;);"><span style="display:inline;" id="com_p6spy_engine_spy_P6TestPerform_testSlowMonitoroff"> + </span><span style="display:none;" id="com_p6spy_engine_spy_P6TestPerform_testSlowMonitoron"> - </span>[ Detail ]</a></div></td><td>0</td></tr><tr class="b"><td></td><td>skipped</td><td></td></tr></table></div><div class="section"><h3>P6TestUnloading<a name="P6TestUnloading"></a></h3><a name="com.p6spy.engine.spyP6TestUnloading"></a><table border="1" class="bodyTable"><tr class="a"><td><a href="#com.p6spy.engine.spy.P6TestUnloading.testDriverUnloading"><img src="images/icon_warning_sml.gif" alt="" /></a></td><td><a href="#com.p6spy.engine.spy.P6TestUnloading.testDriverUnloading">testDriverUnloading</a><div class="detailToggle" style="display:inline"><a href="javascript:toggleDisplay(&apos;com_p6spy_engine_spy_P6TestUnloading_testDriverUnloading&apos;);"><span style="display:inline;" id="com_p6spy_engine_spy_P6TestUnloading_testDriverUnloadingoff"> + </span><span style="display:none;" id="com_p6spy_engine_spy_P6TestUnloading_testDriverUnloadingon"> - </span>[ Detail ]</a></div></td><td>0</td></tr><tr class="b"><td></td><td>skipped</td><td></td></tr></table></div><div class="section"><h3>P6TestCommon<a name="P6TestCommon"></a></h3><a name="com.p6spy.engine.spyP6TestCommon"></a><table border="1" class="bodyTable"><tr class="a"><td><a href="#com.p6spy.engine.spy.P6TestCommon.testMultiDriver"><img src="images/icon_warning_sml.gif" alt="" /></a></td><td><a href="#com.p6spy.engine.spy.P6TestCommon.testMultiDriver">testMultiDriver</a><div class="detailToggle" style="display:inline"><a href="javascript:toggleDisplay(&apos;com_p6spy_engine_spy_P6TestCommon_testMultiDriver&apos;);"><span style="display:inline;" id="com_p6spy_engine_spy_P6TestCommon_testMultiDriveroff"> + </span><span style="display:none;" id="com_p6spy_engine_spy_P6TestCommon_testMultiDriveron"> - </span>[ Detail ]</a></div></td><td>0</td></tr><tr class="b"><td></td><td>skipped</td><td></td></tr><tr class="a"><td><a href="#com.p6spy.engine.spy.P6TestCommon.testMatcher"><img src="images/icon_error_sml.gif" alt="" /></a></td><td><a href="#com.p6spy.engine.spy.P6TestCommon.testMatcher">testMatcher</a><div class="detailToggle" style="display:inline"><a href="javascript:toggleDisplay(&apos;com_p6spy_engine_spy_P6TestCommon_testMatcher&apos;);"><span style="display:inline;" id="com_p6spy_engine_spy_P6TestCommon_testMatcheroff"> + </span><span style="display:none;" id="com_p6spy_engine_spy_P6TestCommon_testMatcheron"> - </span>[ Detail ]</a></div></td><td>0.018</td></tr><tr class="b"><td></td><td>Could not initialize class com.p6spy.engine.spy.P6SpyDriver</td><td></td></tr><tr class="a"><td></td><td><div id="com_p6spy_engine_spy_P6TestCommon_testMatchererror" style="display:none;"><div><pre>java.lang.NoClassDefFoundError: Could not initialize class com.p6spy.engine.spy.P6SpyDriverat java.lang.Class.forName0(Native Method)at java.lang.Class.forName(Class.java:266)at com.p6spy.engine.common.P6Util.forName(P6Util.java:518)at com.p6spy.engine.spy.P6TestFramework.setUpFramework(P6TestFramework.java:181)at sun.reflect.NativeMethodAccessorImpl.invoke0(Native Method)at sun.reflect.NativeMethodAccessorImpl.invoke(NativeMethodAccessorImpl.java:57)at sun.reflect.DelegatingMethodAccessorImpl.invoke(DelegatingMethodAccessorImpl.java:43)at java.lang.reflect.Method.invoke(Method.java:601)at org.junit.runners.model.FrameworkMethod$1.runReflectiveCall(FrameworkMethod.java:47)at org.junit.internal.runners.model.ReflectiveCallable.run(ReflectiveCallable.java:12)at org.junit.runners.model.FrameworkMethod.invokeExplosively(FrameworkMethod.java:44)at org.junit.internal.runners.statements.RunBefores.evaluate(RunBefores.java:24)at org.junit.internal.runners.statements.RunAfters.evaluate(RunAfters.java:27)at org.junit.runners.ParentRunner.runLeaf(ParentRunner.java:271)at org.junit.runners.BlockJUnit4ClassRunner.runChild(BlockJUnit4ClassRunner.java:70)at org.junit.runners.BlockJUnit4ClassRunner.runChild(BlockJUnit4ClassRunner.java:50)at org.junit.runners.ParentRunner$3.run(ParentRunner.java:238)at org.junit.runners.ParentRunner$1.schedule(ParentRunner.java:63)at org.junit.runners.ParentRunner.runChildren(ParentRunner.java:236)at org.junit.runners.ParentRunner.access$000(ParentRunner.java:53)at org.junit.runners.ParentRunner$2.evaluate(ParentRunner.java:229)at org.junit.runners.ParentRunner.run(ParentRunner.java:309)at org.junit.runners.Suite.runChild(Suite.java:127)at org.junit.runners.Suite.runChild(Suite.java:26)at org.junit.runners.ParentRunner$3.run(ParentRunner.java:238)at org.junit.runners.ParentRunner$1.schedule(ParentRunner.java:63)at org.junit.runners.ParentRunner.runChildren(ParentRunner.java:236)at org.junit.runners.ParentRunner.access$000(ParentRunner.java:53)at org.junit.runners.ParentRunner$2.evaluate(ParentRunner.java:229)at org.junit.runners.ParentRunner.run(ParentRunner.java:309)at org.junit.runner.JUnitCore.run(JUnitCore.java:160)at org.junit.runner.JUnitCore.run(JUnitCore.java:138)at org.apache.maven.surefire.junitcore.JUnitCoreWrapper.createRequestAndRun(JUnitCoreWrapper.java:141)at org.apache.maven.surefire.junitcore.JUnitCoreWrapper.executeEager(JUnitCoreWrapper.java:114)at org.apache.maven.surefire.junitcore.JUnitCoreWrapper.execute(JUnitCoreWrapper.java:86)at org.apache.maven.surefire.junitcore.JUnitCoreProvider.invoke(JUnitCoreProvider.java:134)at org.apache.maven.surefire.booter.ForkedBooter.invokeProviderInSameClassLoader(ForkedBooter.java:200)at org.apache.maven.surefire.booter.ForkedBooter.runSuitesInProcess(ForkedBooter.java:153)at org.apache.maven.surefire.booter.ForkedBooter.main(ForkedBooter.java:103)</pre></div></div></td><td></td></tr><tr class="b"><td><a href="#com.p6spy.engine.spy.P6TestCommon.testMatcher"><img src="images/icon_error_sml.gif" alt="" /></a></td><td><a href="#com.p6spy.engine.spy.P6TestCommon.testMatcher">testMatcher</a><div class="detailToggle" style="display:inline"><a href="javascript:toggleDisplay(&apos;com_p6spy_engine_spy_P6TestCommon_testMatcher&apos;);"><span style="display:inline;" id="com_p6spy_engine_spy_P6TestCommon_testMatcheroff"> + </span><span style="display:none;" id="com_p6spy_engine_spy_P6TestCommon_testMatcheron"> - </span>[ Detail ]</a></div></td><td>0.02</td></tr><tr class="a"><td></td><td></td><td></td></tr><tr class="b"><td></td><td><div id="com_p6spy_engine_spy_P6TestCommon_testMatchererror" style="display:none;"><div><pre>java.lang.AssertionError: nullat org.junit.Assert.fail(Assert.java:86)at com.p6spy.engine.spy.P6TestCommon.tearDownCommon(P6TestCommon.java:437)</pre></div></div></td><td></td></tr><tr class="a"><td><a href="#com.p6spy.engine.spy.P6TestCommon.testCategories"><img src="images/icon_error_sml.gif" alt="" /></a></td><td><a href="#com.p6spy.engine.spy.P6TestCommon.testCategories">testCategories</a><div class="detailToggle" style="display:inline"><a href="javascript:toggleDisplay(&apos;com_p6spy_engine_spy_P6TestCommon_testCategories&apos;);"><span style="display:inline;" id="com_p6spy_engine_spy_P6TestCommon_testCategoriesoff"> + </span><span style="display:none;" id="com_p6spy_engine_spy_P6TestCommon_testCategorieson"> - </span>[ Detail ]</a></div></td><td>0.019</td></tr><tr class="b"><td></td><td>Could not initialize class com.p6spy.engine.spy.P6SpyDriver</td><td></td></tr><tr class="a"><td></td><td><div id="com_p6spy_engine_spy_P6TestCommon_testCategorieserror" style="display:none;"><div><pre>java.lang.NoClassDefFoundError: Could not initialize class com.p6spy.engine.spy.P6SpyDriverat java.lang.Class.forName0(Native Method)at java.lang.Class.forName(Class.java:266)at com.p6spy.engine.common.P6Util.forName(P6Util.java:518)at com.p6spy.engine.spy.P6TestFramework.setUpFramework(P6TestFramework.java:181)at sun.reflect.NativeMethodAccessorImpl.invoke0(Native Method)at sun.reflect.NativeMethodAccessorImpl.invoke(NativeMethodAccessorImpl.java:57)at sun.reflect.DelegatingMethodAccessorImpl.invoke(DelegatingMethodAccessorImpl.java:43)at java.lang.reflect.Method.invoke(Method.java:601)at org.junit.runners.model.FrameworkMethod$1.runReflectiveCall(FrameworkMethod.java:47)at org.junit.internal.runners.model.ReflectiveCallable.run(ReflectiveCallable.java:12)at org.junit.runners.model.FrameworkMethod.invokeExplosively(FrameworkMethod.java:44)at org.junit.internal.runners.statements.RunBefores.evaluate(RunBefores.java:24)at org.junit.internal.runners.statements.RunAfters.evaluate(RunAfters.java:27)at org.junit.runners.ParentRunner.runLeaf(ParentRunner.java:271)at org.junit.runners.BlockJUnit4ClassRunner.runChild(BlockJUnit4ClassRunner.java:70)at org.junit.runners.BlockJUnit4ClassRunner.runChild(BlockJUnit4ClassRunner.java:50)at org.junit.runners.ParentRunner$3.run(ParentRunner.java:238)at org.junit.runners.ParentRunner$1.schedule(ParentRunner.java:63)at org.junit.runners.ParentRunner.runChildren(ParentRunner.java:236)at org.junit.runners.ParentRunner.access$000(ParentRunner.java:53)at org.junit.runners.ParentRunner$2.evaluate(ParentRunner.java:229)at org.junit.runners.ParentRunner.run(ParentRunner.java:309)at org.junit.runners.Suite.runChild(Suite.java:127)at org.junit.runners.Suite.runChild(Suite.java:26)at org.junit.runners.ParentRunner$3.run(ParentRunner.java:238)at org.junit.runners.ParentRunner$1.schedule(ParentRunner.java:63)at org.junit.runners.ParentRunner.runChildren(ParentRunner.java:236)at org.junit.runners.ParentRunner.access$000(ParentRunner.java:53)at org.junit.runners.ParentRunner$2.evaluate(ParentRunner.java:229)at org.junit.runners.ParentRunner.run(ParentRunner.java:309)at org.junit.runner.JUnitCore.run(JUnitCore.java:160)at org.junit.runner.JUnitCore.run(JUnitCore.java:138)at org.apache.maven.surefire.junitcore.JUnitCoreWrapper.createRequestAndRun(JUnitCoreWrapper.java:141)at org.apache.maven.surefire.junitcore.JUnitCoreWrapper.executeEager(JUnitCoreWrapper.java:114)at org.apache.maven.surefire.junitcore.JUnitCoreWrapper.execute(JUnitCoreWrapper.java:86)at org.apache.maven.surefire.junitcore.JUnitCoreProvider.invoke(JUnitCoreProvider.java:134)at org.apache.maven.surefire.booter.ForkedBooter.invokeProviderInSameClassLoader(ForkedBooter.java:200)at org.apache.maven.surefire.booter.ForkedBooter.runSuitesInProcess(ForkedBooter.java:153)at org.apache.maven.surefire.booter.ForkedBooter.main(ForkedBooter.java:103)</pre></div></div></td><td></td></tr><tr class="b"><td><a href="#com.p6spy.engine.spy.P6TestCommon.testCategories"><img src="images/icon_error_sml.gif" alt="" /></a></td><td><a href="#com.p6spy.engine.spy.P6TestCommon.testCategories">testCategories</a><div class="detailToggle" style="display:inline"><a href="javascript:toggleDisplay(&apos;com_p6spy_engine_spy_P6TestCommon_testCategories&apos;);"><span style="display:inline;" id="com_p6spy_engine_spy_P6TestCommon_testCategoriesoff"> + </span><span style="display:none;" id="com_p6spy_engine_spy_P6TestCommon_testCategorieson"> - </span>[ Detail ]</a></div></td><td>0.02</td></tr><tr class="a"><td></td><td></td><td></td></tr><tr class="b"><td></td><td><div id="com_p6spy_engine_spy_P6TestCommon_testCategorieserror" style="display:none;"><div><pre>java.lang.AssertionError: nullat org.junit.Assert.fail(Assert.java:86)at com.p6spy.engine.spy.P6TestCommon.tearDownCommon(P6TestCommon.java:437)</pre></div></div></td><td></td></tr><tr class="a"><td><a href="#com.p6spy.engine.spy.P6TestCommon.testStacktrace"><img src="images/icon_error_sml.gif" alt="" /></a></td><td><a href="#com.p6spy.engine.spy.P6TestCommon.testStacktrace">testStacktrace</a><div class="detailToggle" style="display:inline"><a href="javascript:toggleDisplay(&apos;com_p6spy_engine_spy_P6TestCommon_testStacktrace&apos;);"><span style="display:inline;" id="com_p6spy_engine_spy_P6TestCommon_testStacktraceoff"> + </span><span style="display:none;" id="com_p6spy_engine_spy_P6TestCommon_testStacktraceon"> - </span>[ Detail ]</a></div></td><td>0.02</td></tr><tr class="b"><td></td><td>Could not initialize class com.p6spy.engine.spy.P6SpyDriver</td><td></td></tr><tr class="a"><td></td><td><div id="com_p6spy_engine_spy_P6TestCommon_testStacktraceerror" style="display:none;"><div><pre>java.lang.NoClassDefFoundError: Could not initialize class com.p6spy.engine.spy.P6SpyDriverat java.lang.Class.forName0(Native Method)at java.lang.Class.forName(Class.java:266)at com.p6spy.engine.common.P6Util.forName(P6Util.java:518)at com.p6spy.engine.spy.P6TestFramework.setUpFramework(P6TestFramework.java:181)at sun.reflect.NativeMethodAccessorImpl.invoke0(Native Method)at sun.reflect.NativeMethodAccessorImpl.invoke(NativeMethodAccessorImpl.java:57)at sun.reflect.DelegatingMethodAccessorImpl.invoke(DelegatingMethodAccessorImpl.java:43)at java.lang.reflect.Method.invoke(Method.java:601)at org.junit.runners.model.FrameworkMethod$1.runReflectiveCall(FrameworkMethod.java:47)at org.junit.internal.runners.model.ReflectiveCallable.run(ReflectiveCallable.java:12)at org.junit.runners.model.FrameworkMethod.invokeExplosively(FrameworkMethod.java:44)at org.junit.internal.runners.statements.RunBefores.evaluate(RunBefores.java:24)at org.junit.internal.runners.statements.RunAfters.evaluate(RunAfters.java:27)at org.junit.runners.ParentRunner.runLeaf(ParentRunner.java:271)at org.junit.runners.BlockJUnit4ClassRunner.runChild(BlockJUnit4ClassRunner.java:70)at org.junit.runners.BlockJUnit4ClassRunner.runChild(BlockJUnit4ClassRunner.java:50)at org.junit.runners.ParentRunner$3.run(ParentRunner.java:238)at org.junit.runners.ParentRunner$1.schedule(ParentRunner.java:63)at org.junit.runners.ParentRunner.runChildren(ParentRunner.java:236)at org.junit.runners.ParentRunner.access$000(ParentRunner.java:53)at org.junit.runners.ParentRunner$2.evaluate(ParentRunner.java:229)at org.junit.runners.ParentRunner.run(ParentRunner.java:309)at org.junit.runners.Suite.runChild(Suite.java:127)at org.junit.runners.Suite.runChild(Suite.java:26)at org.junit.runners.ParentRunner$3.run(ParentRunner.java:238)at org.junit.runners.ParentRunner$1.schedule(ParentRunner.java:63)at org.junit.runners.ParentRunner.runChildren(ParentRunner.java:236)at org.junit.runners.ParentRunner.access$000(ParentRunner.java:53)at org.junit.runners.ParentRunner$2.evaluate(ParentRunner.java:229)at org.junit.runners.ParentRunner.run(ParentRunner.java:309)at org.junit.runner.JUnitCore.run(JUnitCore.java:160)at org.junit.runner.JUnitCore.run(JUnitCore.java:138)at org.apache.maven.surefire.junitcore.JUnitCoreWrapper.createRequestAndRun(JUnitCoreWrapper.java:141)at org.apache.maven.surefire.junitcore.JUnitCoreWrapper.executeEager(JUnitCoreWrapper.java:114)at org.apache.maven.surefire.junitcore.JUnitCoreWrapper.execute(JUnitCoreWrapper.java:86)at org.apache.maven.surefire.junitcore.JUnitCoreProvider.invoke(JUnitCoreProvider.java:134)at org.apache.maven.surefire.booter.ForkedBooter.invokeProviderInSameClassLoader(ForkedBooter.java:200)at org.apache.maven.surefire.booter.ForkedBooter.runSuitesInProcess(ForkedBooter.java:153)at org.apache.maven.surefire.booter.ForkedBooter.main(ForkedBooter.java:103)</pre></div></div></td><td></td></tr><tr class="b"><td><a href="#com.p6spy.engine.spy.P6TestCommon.testStacktrace"><img src="images/icon_error_sml.gif" alt="" /></a></td><td><a href="#com.p6spy.engine.spy.P6TestCommon.testStacktrace">testStacktrace</a><div class="detailToggle" style="display:inline"><a href="javascript:toggleDisplay(&apos;com_p6spy_engine_spy_P6TestCommon_testStacktrace&apos;);"><span style="display:inline;" id="com_p6spy_engine_spy_P6TestCommon_testStacktraceoff"> + </span><span style="display:none;" id="com_p6spy_engine_spy_P6TestCommon_testStacktraceon"> - </span>[ Detail ]</a></div></td><td>0.021</td></tr><tr class="a"><td></td><td></td><td></td></tr><tr class="b"><td></td><td><div id="com_p6spy_engine_spy_P6TestCommon_testStacktraceerror" style="display:none;"><div><pre>java.lang.AssertionError: nullat org.junit.Assert.fail(Assert.java:86)at com.p6spy.engine.spy.P6TestCommon.tearDownCommon(P6TestCommon.java:437)</pre></div></div></td><td></td></tr><tr class="a"><td><a href="#com.p6spy.engine.spy.P6TestCommon.testReload"><img src="images/icon_error_sml.gif" alt="" /></a></td><td><a href="#com.p6spy.engine.spy.P6TestCommon.testReload">testReload</a><div class="detailToggle" style="display:inline"><a href="javascript:toggleDisplay(&apos;com_p6spy_engine_spy_P6TestCommon_testReload&apos;);"><span style="display:inline;" id="com_p6spy_engine_spy_P6TestCommon_testReloadoff"> + </span><span style="display:none;" id="com_p6spy_engine_spy_P6TestCommon_testReloadon"> - </span>[ Detail ]</a></div></td><td>0.018</td></tr><tr class="b"><td></td><td>Could not initialize class com.p6spy.engine.spy.P6SpyDriver</td><td></td></tr><tr class="a"><td></td><td><div id="com_p6spy_engine_spy_P6TestCommon_testReloaderror" style="display:none;"><div><pre>java.lang.NoClassDefFoundError: Could not initialize class com.p6spy.engine.spy.P6SpyDriverat java.lang.Class.forName0(Native Method)at java.lang.Class.forName(Class.java:266)at com.p6spy.engine.common.P6Util.forName(P6Util.java:518)at com.p6spy.engine.spy.P6TestFramework.setUpFramework(P6TestFramework.java:181)at sun.reflect.NativeMethodAccessorImpl.invoke0(Native Method)at sun.reflect.NativeMethodAccessorImpl.invoke(NativeMethodAccessorImpl.java:57)at sun.reflect.DelegatingMethodAccessorImpl.invoke(DelegatingMethodAccessorImpl.java:43)at java.lang.reflect.Method.invoke(Method.java:601)at org.junit.runners.model.FrameworkMethod$1.runReflectiveCall(FrameworkMethod.java:47)at org.junit.internal.runners.model.ReflectiveCallable.run(ReflectiveCallable.java:12)at org.junit.runners.model.FrameworkMethod.invokeExplosively(FrameworkMethod.java:44)at org.junit.internal.runners.statements.RunBefores.evaluate(RunBefores.java:24)at org.junit.internal.runners.statements.RunAfters.evaluate(RunAfters.java:27)at org.junit.runners.ParentRunner.runLeaf(ParentRunner.java:271)at org.junit.runners.BlockJUnit4ClassRunner.runChild(BlockJUnit4ClassRunner.java:70)at org.junit.runners.BlockJUnit4ClassRunner.runChild(BlockJUnit4ClassRunner.java:50)at org.junit.runners.ParentRunner$3.run(ParentRunner.java:238)at org.junit.runners.ParentRunner$1.schedule(ParentRunner.java:63)at org.junit.runners.ParentRunner.runChildren(ParentRunner.java:236)at org.junit.runners.ParentRunner.access$000(ParentRunner.java:53)at org.junit.runners.ParentRunner$2.evaluate(ParentRunner.java:229)at org.junit.runners.ParentRunner.run(ParentRunner.java:309)at org.junit.runners.Suite.runChild(Suite.java:127)at org.junit.runners.Suite.runChild(Suite.java:26)at org.junit.runners.ParentRunner$3.run(ParentRunner.java:238)at org.junit.runners.ParentRunner$1.schedule(ParentRunner.java:63)at org.junit.runners.ParentRunner.runChildren(ParentRunner.java:236)at org.junit.runners.ParentRunner.access$000(ParentRunner.java:53)at org.junit.runners.ParentRunner$2.evaluate(ParentRunner.java:229)at org.junit.runners.ParentRunner.run(ParentRunner.java:309)at org.junit.runner.JUnitCore.run(JUnitCore.java:160)at org.junit.runner.JUnitCore.run(JUnitCore.java:138)at org.apache.maven.surefire.junitcore.JUnitCoreWrapper.createRequestAndRun(JUnitCoreWrapper.java:141)at org.apache.maven.surefire.junitcore.JUnitCoreWrapper.executeEager(JUnitCoreWrapper.java:114)at org.apache.maven.surefire.junitcore.JUnitCoreWrapper.execute(JUnitCoreWrapper.java:86)at org.apache.maven.surefire.junitcore.JUnitCoreProvider.invoke(JUnitCoreProvider.java:134)at org.apache.maven.surefire.booter.ForkedBooter.invokeProviderInSameClassLoader(ForkedBooter.java:200)at org.apache.maven.surefire.booter.ForkedBooter.runSuitesInProcess(ForkedBooter.java:153)at org.apache.maven.surefire.booter.ForkedBooter.main(ForkedBooter.java:103)</pre></div></div></td><td></td></tr><tr class="b"><td><a href="#com.p6spy.engine.spy.P6TestCommon.testReload"><img src="images/icon_error_sml.gif" alt="" /></a></td><td><a href="#com.p6spy.engine.spy.P6TestCommon.testReload">testReload</a><div class="detailToggle" style="display:inline"><a href="javascript:toggleDisplay(&apos;com_p6spy_engine_spy_P6TestCommon_testReload&apos;);"><span style="display:inline;" id="com_p6spy_engine_spy_P6TestCommon_testReloadoff"> + </span><span style="display:none;" id="com_p6spy_engine_spy_P6TestCommon_testReloadon"> - </span>[ Detail ]</a></div></td><td>0.02</td></tr><tr class="a"><td></td><td></td><td></td></tr><tr class="b"><td></td><td><div id="com_p6spy_engine_spy_P6TestCommon_testReloaderror" style="display:none;"><div><pre>java.lang.AssertionError: nullat org.junit.Assert.fail(Assert.java:86)at com.p6spy.engine.spy.P6TestCommon.tearDownCommon(P6TestCommon.java:437)</pre></div></div></td><td></td></tr></table></div><br /></div><div class="section"><h2>Failure Details<a name="Failure_Details"></a></h2><a name="Failure_Details"></a><p>[<a href="#Summary">Summary</a>] [<a href="#Package_List">Package List</a>] [<a href="#Test_Cases">Test Cases</a>]</p><br /><table border="1" class="bodyTable"><tr class="a"><td><img src="images/icon_warning_sml.gif" alt="" /></td><td><a name="com.p6spy.engine.spy.P6TestCallableStatement.testCallable"></a>testCallable</td></tr><tr class="b"><td></td><td>skipped: skipped</td></tr><tr class="a"><td><img src="images/icon_error_sml.gif" alt="" /></td><td><a name="com.p6spy.engine.spy.P6TestCallableStatement.testPreparedQueryUpdate"></a>testPreparedQueryUpdate</td></tr><tr class="b"><td></td><td>com.p6spy.engine.spy.P6DriverNotFoundError: Error registering driver  [org.postgresql.Driver]
Caused By: java.lang.ClassNotFoundException: org.postgresql.Driver</td></tr>                                                                                                                                                                            <tr class="a"><td></td><td><div id="testPreparedQueryUpdateerror"><a href="./xref-test/com/p6spy/engine/spy/P6TestCallableStatement.html#">com.p6spy.engine.spy.P6TestCallableStatement:</a></div></td></tr><tr class="b"><td><img src="images/icon_error_sml.gif" alt="" /></td><td><a name="com.p6spy.engine.spy.P6TestCallableStatement.testPreparedQueryUpdate"></a>testPreparedQueryUpdate</td></tr><tr class="a"><td></td><td>java.lang.AssertionError:</td></tr>                                                                                                                                                <tr class="b"><td></td><td><div id="testPreparedQueryUpdateerror"><a href="./xref-test/com/p6spy/engine/spy/P6TestCallableStatement.html#">com.p6spy.engine.spy.P6TestCallableStatement:</a></div></td></tr><tr class="a"><td><img src="images/icon_error_sml.gif" alt="" /></td><td><a name="com.p6spy.engine.spy.P6TestPreparedStatement.testPreparedQueryUpdate"></a>testPreparedQueryUpdate</td></tr><tr class="b"><td></td><td>java.lang.NoClassDefFoundError: Could not initialize class com.p6spy.engine.spy.P6SpyDriver</td></tr>                                                                                                                                                            <tr class="a"><td></td><td><div id="testPreparedQueryUpdateerror"><a href="./xref-test/com/p6spy/engine/spy/P6TestPreparedStatement.html#">com.p6spy.engine.spy.P6TestPreparedStatement:</a></div></td></tr><tr class="b"><td><img src="images/icon_error_sml.gif" alt="" /></td><td><a name="com.p6spy.engine.spy.P6TestPreparedStatement.testPreparedQueryUpdate"></a>testPreparedQueryUpdate</td></tr><tr class="a"><td></td><td>java.lang.AssertionError:</td></tr>        <tr class="b"><td></td><td><div id="testPreparedQueryUpdateerror"><a href="./xref-test/com/p6spy/engine/spy/P6TestPreparedStatement.html#">com.p6spy.engine.spy.P6TestPreparedStatement:</a></div></td></tr><tr class="a"><td><img src="images/icon_error_sml.gif" alt="" /></td><td><a name="com.p6spy.engine.spy.P6TestStatement.testQueryUpdate"></a>testQueryUpdate</td></tr><tr class="b"><td></td><td>java.lang.NoClassDefFoundError: Could not initialize class com.p6spy.engine.spy.P6SpyDriver</td></tr>                                                                                                                                                            <tr class="a"><td></td><td><div id="testQueryUpdateerror"><a href="./xref-test/com/p6spy/engine/spy/P6TestStatement.html#">com.p6spy.engine.spy.P6TestStatement:</a></div></td></tr><tr class="b"><td><img src="images/icon_error_sml.gif" alt="" /></td><td><a name="com.p6spy.engine.spy.P6TestStatement.testQueryUpdate"></a>testQueryUpdate</td></tr><tr class="a"><td></td><td>java.lang.AssertionError:</td></tr>        <tr class="b"><td></td><td><div id="testQueryUpdateerror"><a href="./xref-test/com/p6spy/engine/spy/P6TestStatement.html#">com.p6spy.engine.spy.P6TestStatement:</a></div></td></tr><tr class="a"><td><img src="images/icon_error_sml.gif" alt="" /></td><td><a name="com.p6spy.engine.spy.P6TestStatement.testExecutionThreshold"></a>testExecutionThreshold</td></tr><tr class="b"><td></td><td>java.lang.NoClassDefFoundError: Could not initialize class com.p6spy.engine.spy.P6SpyDriver</td></tr>                                                                                                                                                            <tr class="a"><td></td><td><div id="testExecutionThresholderror"><a href="./xref-test/com/p6spy/engine/spy/P6TestStatement.html#">com.p6spy.engine.spy.P6TestStatement:</a></div></td></tr><tr class="b"><td><img src="images/icon_error_sml.gif" alt="" /></td><td><a name="com.p6spy.engine.spy.P6TestStatement.testExecutionThreshold"></a>testExecutionThreshold</td></tr><tr class="a"><td></td><td>java.lang.AssertionError:</td></tr>        <tr class="b"><td></td><td><div id="testExecutionThresholderror"><a href="./xref-test/com/p6spy/engine/spy/P6TestStatement.html#">com.p6spy.engine.spy.P6TestStatement:</a></div></td></tr><tr class="a"><td><img src="images/icon_error_sml.gif" alt="" /></td><td><a name="com.p6spy.engine.spy.P6TestDriver.testGetJDBC"></a>testGetJDBC</td></tr><tr class="b"><td></td><td>java.lang.NoClassDefFoundError: Could not initialize class com.p6spy.engine.spy.P6SpyDriver</td></tr>                                                                                                                                                        <tr class="a"><td></td><td><div id="testGetJDBCerror"><a href="./xref-test/com/p6spy/engine/spy/P6TestDriver.html#">com.p6spy.engine.spy.P6TestDriver:</a></div></td></tr><tr class="b"><td><img src="images/icon_error_sml.gif" alt="" /></td><td><a name="com.p6spy.engine.spy.P6TestDriver.testMajorVersion"></a>testMajorVersion</td></tr><tr class="a"><td></td><td>java.lang.NoClassDefFoundError: Could not initialize class com.p6spy.engine.spy.P6SpyDriver</td></tr>                                                                                                                                                        <tr class="b"><td></td><td><div id="testMajorVersionerror"><a href="./xref-test/com/p6spy/engine/spy/P6TestDriver.html#">com.p6spy.engine.spy.P6TestDriver:</a></div></td></tr><tr class="a"><td><img src="images/icon_warning_sml.gif" alt="" /></td><td><a name="com.p6spy.engine.spy.P6TestOptions.testSavingOptions"></a>testSavingOptions</td></tr><tr class="b"><td></td><td>skipped: skipped</td></tr><tr class="a"><td><img src="images/icon_warning_sml.gif" alt="" /></td><td><a name="com.p6spy.engine.spy.P6TestPerform.testSlowMonitor"></a>testSlowMonitor</td></tr><tr class="b"><td></td><td>skipped: skipped</td></tr><tr class="a"><td><img src="images/icon_warning_sml.gif" alt="" /></td><td><a name="com.p6spy.engine.spy.P6TestUnloading.testDriverUnloading"></a>testDriverUnloading</td></tr><tr class="b"><td></td><td>skipped: skipped</td></tr><tr class="a"><td><img src="images/icon_warning_sml.gif" alt="" /></td><td><a name="com.p6spy.engine.spy.P6TestCommon.testMultiDriver"></a>testMultiDriver</td></tr><tr class="b"><td></td><td>skipped: skipped</td></tr><tr class="a"><td><img src="images/icon_error_sml.gif" alt="" /></td><td><a name="com.p6spy.engine.spy.P6TestCommon.testMatcher"></a>testMatcher</td></tr><tr class="b"><td></td><td>java.lang.NoClassDefFoundError: Could not initialize class com.p6spy.engine.spy.P6SpyDriver</td></tr>                                                                                                                                                            <tr class="a"><td></td><td><div id="testMatchererror"><a href="./xref-test/com/p6spy/engine/spy/P6TestCommon.html#">com.p6spy.engine.spy.P6TestCommon:</a></div></td></tr><tr class="b"><td><img src="images/icon_error_sml.gif" alt="" /></td><td><a name="com.p6spy.engine.spy.P6TestCommon.testMatcher"></a>testMatcher</td></tr><tr class="a"><td></td><td>java.lang.AssertionError:</td></tr>        <tr class="b"><td></td><td><div id="testMatchererror"><a href="./xref-test/com/p6spy/engine/spy/P6TestCommon.html#">com.p6spy.engine.spy.P6TestCommon:</a></div></td></tr><tr class="a"><td><img src="images/icon_error_sml.gif" alt="" /></td><td><a name="com.p6spy.engine.spy.P6TestCommon.testCategories"></a>testCategories</td></tr><tr class="b"><td></td><td>java.lang.NoClassDefFoundError: Could not initialize class com.p6spy.engine.spy.P6SpyDriver</td></tr>                                                                                                                                                            <tr class="a"><td></td><td><div id="testCategorieserror"><a href="./xref-test/com/p6spy/engine/spy/P6TestCommon.html#">com.p6spy.engine.spy.P6TestCommon:</a></div></td></tr><tr class="b"><td><img src="images/icon_error_sml.gif" alt="" /></td><td><a name="com.p6spy.engine.spy.P6TestCommon.testCategories"></a>testCategories</td></tr><tr class="a"><td></td><td>java.lang.AssertionError:</td></tr>        <tr class="b"><td></td><td><div id="testCategorieserror"><a href="./xref-test/com/p6spy/engine/spy/P6TestCommon.html#">com.p6spy.engine.spy.P6TestCommon:</a></div></td></tr><tr class="a"><td><img src="images/icon_error_sml.gif" alt="" /></td><td><a name="com.p6spy.engine.spy.P6TestCommon.testStacktrace"></a>testStacktrace</td></tr><tr class="b"><td></td><td>java.lang.NoClassDefFoundError: Could not initialize class com.p6spy.engine.spy.P6SpyDriver</td></tr>                                                                                                                                                            <tr class="a"><td></td><td><div id="testStacktraceerror"><a href="./xref-test/com/p6spy/engine/spy/P6TestCommon.html#">com.p6spy.engine.spy.P6TestCommon:</a></div></td></tr><tr class="b"><td><img src="images/icon_error_sml.gif" alt="" /></td><td><a name="com.p6spy.engine.spy.P6TestCommon.testStacktrace"></a>testStacktrace</td></tr><tr class="a"><td></td><td>java.lang.AssertionError:</td></tr>        <tr class="b"><td></td><td><div id="testStacktraceerror"><a href="./xref-test/com/p6spy/engine/spy/P6TestCommon.html#">com.p6spy.engine.spy.P6TestCommon:</a></div></td></tr><tr class="a"><td><img src="images/icon_error_sml.gif" alt="" /></td><td><a name="com.p6spy.engine.spy.P6TestCommon.testReload"></a>testReload</td></tr><tr class="b"><td></td><td>java.lang.NoClassDefFoundError: Could not initialize class com.p6spy.engine.spy.P6SpyDriver</td></tr>                                                                                                                                                            <tr class="a"><td></td><td><div id="testReloaderror"><a href="./xref-test/com/p6spy/engine/spy/P6TestCommon.html#">com.p6spy.engine.spy.P6TestCommon:</a></div></td></tr><tr class="b"><td><img src="images/icon_error_sml.gif" alt="" /></td><td><a name="com.p6spy.engine.spy.P6TestCommon.testReload"></a>testReload</td></tr><tr class="a"><td></td><td>java.lang.AssertionError:</td></tr>        <tr class="b"><td></td><td><div id="testReloaderror"><a href="./xref-test/com/p6spy/engine/spy/P6TestCommon.html#">com.p6spy.engine.spy.P6TestCommon:</a></div></td></tr></table><br /></div>
      </div>
    </div>
    <div class="clear">
      <hr/>
    </div>
    <div id="footer">
      <div class="xright">
              Copyright &#169;                   2013.
          All Rights Reserved.      
            
                  </div>
      <div class="clear">
        <hr/>
      </div>
    </div>
  </body>
</html>
